{"numFailedTestSuites":0,"numFailedTests":0,"numPassedTestSuites":21,"numPassedTests":163,"numPendingTestSuites":0,"numPendingTests":0,"numRuntimeErrorTestSuites":0,"numTodoTests":0,"numTotalTestSuites":21,"numTotalTests":163,"openHandles":[],"snapshot":{"added":0,"didUpdate":false,"failure":false,"filesAdded":0,"filesRemoved":0,"filesRemovedList":[],"filesUnmatched":0,"filesUpdated":0,"matched":0,"total":0,"unchecked":0,"uncheckedKeysByFile":[],"unmatched":0,"updated":0},"startTime":1774279142151,"success":false,"testResults":[{"assertionResults":[{"ancestorTitles":["Picker Wheel","Logic"],"duration":19,"failureDetails":[],"failureMessages":[],"fullName":"Picker Wheel Logic easeOutCubic calculation","invocations":1,"location":null,"numPassingAsserts":3,"retryReasons":[],"status":"passed","title":"easeOutCubic calculation"},{"ancestorTitles":["Picker Wheel","Logic"],"duration":2,"failureDetails":[],"failureMessages":[],"fullName":"Picker Wheel Logic getWinningItem identifies correct slice","invocations":1,"location":null,"numPassingAsserts":3,"retryReasons":[],"status":"passed","title":"getWinningItem identifies correct slice"},{"ancestorTitles":["Picker Wheel","Interactions"],"duration":5,"failureDetails":[],"failureMessages":[],"fullName":"Picker Wheel Interactions updateWheel reads textarea","invocations":1,"location":null,"numPassingAsserts":1,"retryReasons":[],"status":"passed","title":"updateWheel reads textarea"},{"ancestorTitles":["Picker Wheel","Interactions"],"duration":5,"failureDetails":[],"failureMessages":[],"fullName":"Picker Wheel Interactions clearItems resets list","invocations":1,"location":null,"numPassingAsserts":2,"retryReasons":[],"status":"passed","title":"clearItems resets list"},{"ancestorTitles":["Picker Wheel","Interactions"],"duration":3,"failureDetails":[],"failureMessages":[],"fullName":"Picker Wheel Interactions loadPreset updates list","invocations":1,"location":null,"numPassingAsserts":1,"retryReasons":[],"status":"passed","title":"loadPreset updates list"},{"ancestorTitles":["Picker Wheel","Interactions"],"duration":10,"failureDetails":[],"failureMessages":[],"fullName":"Picker Wheel Interactions showResult and closeModal modals","invocations":1,"location":null,"numPassingAsserts":2,"retryReasons":[],"status":"passed","title":"showResult and closeModal modals"},{"ancestorTitles":["Picker Wheel","Canvas"],"duration":6,"failureDetails":[],"failureMessages":[],"fullName":"Picker Wheel Canvas drawWheel uses context methods","invocations":1,"location":null,"numPassingAsserts":2,"retryReasons":[],"status":"passed","title":"drawWheel uses context methods"},{"ancestorTitles":["Picker Wheel","Canvas"],"duration":2,"failureDetails":[],"failureMessages":[],"fullName":"Picker Wheel Canvas drawWheel handles empty state","invocations":1,"location":null,"numPassingAsserts":1,"retryReasons":[],"status":"passed","title":"drawWheel handles empty state"}],"endTime":1774279143875,"message":"","name":"/app/sites/picker-wheel/__tests__/app.test.js","startTime":1774279142736,"status":"passed","summary":""},{"assertionResults":[{"ancestorTitles":["Emoji Translator","EMOJI_MAP"],"duration":26,"failureDetails":[],"failureMessages":[],"fullName":"Emoji Translator EMOJI_MAP contains a large number of entries","invocations":1,"location":null,"numPassingAsserts":1,"retryReasons":[],"status":"passed","title":"contains a large number of entries"},{"ancestorTitles":["Emoji Translator","EMOJI_MAP"],"duration":11,"failureDetails":[],"failureMessages":[],"fullName":"Emoji Translator EMOJI_MAP maps specific key words correctly","invocations":1,"location":null,"numPassingAsserts":3,"retryReasons":[],"status":"passed","title":"maps specific key words correctly"},{"ancestorTitles":["Emoji Translator","wordToEmoji"],"duration":3,"failureDetails":[],"failureMessages":[],"fullName":"Emoji Translator wordToEmoji translates single words correctly","invocations":1,"location":null,"numPassingAsserts":2,"retryReasons":[],"status":"passed","title":"translates single words correctly"},{"ancestorTitles":["Emoji Translator","wordToEmoji"],"duration":2,"failureDetails":[],"failureMessages":[],"fullName":"Emoji Translator wordToEmoji is case-insensitive","invocations":1,"location":null,"numPassingAsserts":1,"retryReasons":[],"status":"passed","title":"is case-insensitive"},{"ancestorTitles":["Emoji Translator","wordToEmoji"],"duration":2,"failureDetails":[],"failureMessages":[],"fullName":"Emoji Translator wordToEmoji handles punctuation","invocations":1,"location":null,"numPassingAsserts":1,"retryReasons":[],"status":"passed","title":"handles punctuation"},{"ancestorTitles":["Emoji Translator","translateText"],"duration":6,"failureDetails":[],"failureMessages":[],"fullName":"Emoji Translator translateText translates full sentences","invocations":1,"location":null,"numPassingAsserts":1,"retryReasons":[],"status":"passed","title":"translates full sentences"},{"ancestorTitles":["Emoji Translator","translateText"],"duration":2,"failureDetails":[],"failureMessages":[],"fullName":"Emoji Translator translateText handles unknown words","invocations":1,"location":null,"numPassingAsserts":1,"retryReasons":[],"status":"passed","title":"handles unknown words"},{"ancestorTitles":["Emoji Translator","translateText"],"duration":10,"failureDetails":[],"failureMessages":[],"fullName":"Emoji Translator translateText returns empty for invalid input","invocations":1,"location":null,"numPassingAsserts":2,"retryReasons":[],"status":"passed","title":"returns empty for invalid input"},{"ancestorTitles":["Emoji Translator","Counters"],"duration":5,"failureDetails":[],"failureMessages":[],"fullName":"Emoji Translator Counters countChars counts correctly","invocations":1,"location":null,"numPassingAsserts":1,"retryReasons":[],"status":"passed","title":"countChars counts correctly"},{"ancestorTitles":["Emoji Translator","Counters"],"duration":5,"failureDetails":[],"failureMessages":[],"fullName":"Emoji Translator Counters countWords handles spaces","invocations":1,"location":null,"numPassingAsserts":2,"retryReasons":[],"status":"passed","title":"countWords handles spaces"},{"ancestorTitles":["Emoji Translator","DOM Interactions"],"duration":3,"failureDetails":[],"failureMessages":[],"fullName":"Emoji Translator DOM Interactions translate() updates display","invocations":1,"location":null,"numPassingAsserts":1,"retryReasons":[],"status":"passed","title":"translate() updates display"},{"ancestorTitles":["Emoji Translator","DOM Interactions"],"duration":1,"failureDetails":[],"failureMessages":[],"fullName":"Emoji Translator DOM Interactions clearAll() resets everything","invocations":1,"location":null,"numPassingAsserts":1,"retryReasons":[],"status":"passed","title":"clearAll() resets everything"}],"endTime":1774279143875,"message":"","name":"/app/sites/emoji-translator/__tests__/app.test.js","startTime":1774279142768,"status":"passed","summary":""},{"assertionResults":[{"ancestorTitles":["Resume ATS Checker"],"duration":14,"failureDetails":[],"failureMessages":[],"fullName":"Resume ATS Checker extractKeywords filters stop words and short words","invocations":1,"location":null,"numPassingAsserts":4,"retryReasons":[],"status":"passed","title":"extractKeywords filters stop words and short words"},{"ancestorTitles":["Resume ATS Checker"],"duration":8,"failureDetails":[],"failureMessages":[],"fullName":"Resume ATS Checker calculateScore produces valid integer","invocations":1,"location":null,"numPassingAsserts":2,"retryReasons":[],"status":"passed","title":"calculateScore produces valid integer"},{"ancestorTitles":["Resume ATS Checker"],"duration":40,"failureDetails":[],"failureMessages":[],"fullName":"Resume ATS Checker analyzeResume updates DOM when fields are filled","invocations":1,"location":null,"numPassingAsserts":2,"retryReasons":[],"status":"passed","title":"analyzeResume updates DOM when fields are filled"},{"ancestorTitles":["Resume ATS Checker"],"duration":8,"failureDetails":[],"failureMessages":[],"fullName":"Resume ATS Checker generateTips provides relevant advice","invocations":1,"location":null,"numPassingAsserts":2,"retryReasons":[],"status":"passed","title":"generateTips provides relevant advice"},{"ancestorTitles":["Resume ATS Checker"],"duration":7,"failureDetails":[],"failureMessages":[],"fullName":"Resume ATS Checker checkSections identifies common headers","invocations":1,"location":null,"numPassingAsserts":3,"retryReasons":[],"status":"passed","title":"checkSections identifies common headers"}],"endTime":1774279143977,"message":"","name":"/app/sites/resume-ats-checker/__tests__/app.test.js","startTime":1774279142804,"status":"passed","summary":""},{"assertionResults":[{"ancestorTitles":["CI/CD Visualizer"],"duration":20,"failureDetails":[],"failureMessages":[],"fullName":"CI/CD Visualizer addStage adds a stage and renders it","invocations":1,"location":null,"numPassingAsserts":2,"retryReasons":[],"status":"passed","title":"addStage adds a stage and renders it"},{"ancestorTitles":["CI/CD Visualizer"],"duration":9,"failureDetails":[],"failureMessages":[],"fullName":"CI/CD Visualizer removeStage removes the correct stage","invocations":1,"location":null,"numPassingAsserts":2,"retryReasons":[],"status":"passed","title":"removeStage removes the correct stage"},{"ancestorTitles":["CI/CD Visualizer"],"duration":12,"failureDetails":[],"failureMessages":[],"fullName":"CI/CD Visualizer exportPipeline updates the output section","invocations":1,"location":null,"numPassingAsserts":3,"retryReasons":[],"status":"passed","title":"exportPipeline updates the output section"},{"ancestorTitles":["CI/CD Visualizer"],"duration":4,"failureDetails":[],"failureMessages":[],"fullName":"CI/CD Visualizer toGitLabCI handles multiple stages","invocations":1,"location":null,"numPassingAsserts":1,"retryReasons":[],"status":"passed","title":"toGitLabCI handles multiple stages"}],"endTime":1774279144061,"message":"","name":"/app/sites/cicd-visualizer/__tests__/app.test.js","startTime":1774279142920,"status":"passed","summary":""},{"assertionResults":[{"ancestorTitles":["Face Shape Detector"],"duration":15,"failureDetails":[],"failureMessages":[],"fullName":"Face Shape Detector generateAnalysis produces 100% total coverage","invocations":1,"location":null,"numPassingAsserts":1,"retryReasons":[],"status":"passed","title":"generateAnalysis produces 100% total coverage"},{"ancestorTitles":["Face Shape Detector"],"duration":3,"failureDetails":[],"failureMessages":[],"fullName":"Face Shape Detector getTopShape identifies the highest score","invocations":1,"location":null,"numPassingAsserts":1,"retryReasons":[],"status":"passed","title":"getTopShape identifies the highest score"},{"ancestorTitles":["Face Shape Detector"],"duration":20,"failureDetails":[],"failureMessages":[],"fullName":"Face Shape Detector renderBars creates elements for all shapes","invocations":1,"location":null,"numPassingAsserts":1,"retryReasons":[],"status":"passed","title":"renderBars creates elements for all shapes"},{"ancestorTitles":["Face Shape Detector"],"duration":7,"failureDetails":[],"failureMessages":[],"fullName":"Face Shape Detector renderRecommendations fills lists","invocations":1,"location":null,"numPassingAsserts":2,"retryReasons":[],"status":"passed","title":"renderRecommendations fills lists"},{"ancestorTitles":["Face Shape Detector"],"duration":4,"failureDetails":[],"failureMessages":[],"fullName":"Face Shape Detector resetAnalysis clears UI","invocations":1,"location":null,"numPassingAsserts":2,"retryReasons":[],"status":"passed","title":"resetAnalysis clears UI"}],"endTime":1774279144097,"message":"","name":"/app/sites/face-shape-detector/__tests__/app.test.js","startTime":1774279142832,"status":"passed","summary":""},{"assertionResults":[{"ancestorTitles":["Bill Splitter","Core Logic"],"duration":19,"failureDetails":[],"failureMessages":[],"fullName":"Bill Splitter Core Logic calculateTip handles standard and edge cases","invocations":1,"location":null,"numPassingAsserts":4,"retryReasons":[],"status":"passed","title":"calculateTip handles standard and edge cases"},{"ancestorTitles":["Bill Splitter","Core Logic"],"duration":3,"failureDetails":[],"failureMessages":[],"fullName":"Bill Splitter Core Logic calculateTotal sums subtotal and tip","invocations":1,"location":null,"numPassingAsserts":1,"retryReasons":[],"status":"passed","title":"calculateTotal sums subtotal and tip"},{"ancestorTitles":["Bill Splitter","Core Logic"],"duration":3,"failureDetails":[],"failureMessages":[],"fullName":"Bill Splitter Core Logic calculatePerPerson handles division and rounding","invocations":1,"location":null,"numPassingAsserts":3,"retryReasons":[],"status":"passed","title":"calculatePerPerson handles division and rounding"},{"ancestorTitles":["Bill Splitter","Core Logic"],"duration":2,"failureDetails":[],"failureMessages":[],"fullName":"Bill Splitter Core Logic formatCurrency utility","invocations":1,"location":null,"numPassingAsserts":3,"retryReasons":[],"status":"passed","title":"formatCurrency utility"},{"ancestorTitles":["Bill Splitter","Core Logic"],"duration":4,"failureDetails":[],"failureMessages":[],"fullName":"Bill Splitter Core Logic sumItems totalizes array","invocations":1,"location":null,"numPassingAsserts":2,"retryReasons":[],"status":"passed","title":"sumItems totalizes array"},{"ancestorTitles":["Bill Splitter","DOM Interactions"],"duration":6,"failureDetails":[],"failureMessages":[],"fullName":"Bill Splitter DOM Interactions addItem updates state and clearing inputs","invocations":1,"location":null,"numPassingAsserts":3,"retryReasons":[],"status":"passed","title":"addItem updates state and clearing inputs"},{"ancestorTitles":["Bill Splitter","DOM Interactions"],"duration":3,"failureDetails":[],"failureMessages":[],"fullName":"Bill Splitter DOM Interactions removeItem updates list","invocations":1,"location":null,"numPassingAsserts":1,"retryReasons":[],"status":"passed","title":"removeItem updates list"},{"ancestorTitles":["Bill Splitter","DOM Interactions"],"duration":8,"failureDetails":[],"failureMessages":[],"fullName":"Bill Splitter DOM Interactions calculate updates all fields","invocations":1,"location":null,"numPassingAsserts":2,"retryReasons":[],"status":"passed","title":"calculate updates all fields"},{"ancestorTitles":["Bill Splitter","DOM Interactions"],"duration":2,"failureDetails":[],"failureMessages":[],"fullName":"Bill Splitter DOM Interactions resetAll clears everything","invocations":1,"location":null,"numPassingAsserts":2,"retryReasons":[],"status":"passed","title":"resetAll clears everything"}],"endTime":1774279144097,"message":"","name":"/app/sites/bill-splitter/__tests__/app.test.js","startTime":1774279142888,"status":"passed","summary":""},{"assertionResults":[{"ancestorTitles":["AWS Cost Estimator"],"duration":22,"failureDetails":[],"failureMessages":[],"fullName":"AWS Cost Estimator calcEC2 calculates fractional costs","invocations":1,"location":null,"numPassingAsserts":1,"retryReasons":[],"status":"passed","title":"calcEC2 calculates fractional costs"},{"ancestorTitles":["AWS Cost Estimator"],"duration":29,"failureDetails":[],"failureMessages":[],"fullName":"AWS Cost Estimator calcS3 handles free tier transfer","invocations":1,"location":null,"numPassingAsserts":1,"retryReasons":[],"status":"passed","title":"calcS3 handles free tier transfer"},{"ancestorTitles":["AWS Cost Estimator"],"duration":19,"failureDetails":[],"failureMessages":[],"fullName":"AWS Cost Estimator formatMoney handles edge cases","invocations":1,"location":null,"numPassingAsserts":3,"retryReasons":[],"status":"passed","title":"formatMoney handles edge cases"},{"ancestorTitles":["AWS Cost Estimator"],"duration":32,"failureDetails":[],"failureMessages":[],"fullName":"AWS Cost Estimator calculate updates the DOM","invocations":1,"location":null,"numPassingAsserts":2,"retryReasons":[],"status":"passed","title":"calculate updates the DOM"},{"ancestorTitles":["AWS Cost Estimator"],"duration":8,"failureDetails":[],"failureMessages":[],"fullName":"AWS Cost Estimator RDS multi-AZ doubles the cost","invocations":1,"location":null,"numPassingAsserts":2,"retryReasons":[],"status":"passed","title":"RDS multi-AZ doubles the cost"}],"endTime":1774279144345,"message":"","name":"/app/sites/aws-cost-estimator/__tests__/app.test.js","startTime":1774279143015,"status":"passed","summary":""},{"assertionResults":[{"ancestorTitles":["LoanVisualizer","PRESETS_DATA"],"duration":42,"failureDetails":[],"failureMessages":[],"fullName":"LoanVisualizer PRESETS_DATA has home, car, personal, student presets","invocations":1,"location":null,"numPassingAsserts":4,"retryReasons":[],"status":"passed","title":"has home, car, personal, student presets"},{"ancestorTitles":["LoanVisualizer","PRESETS_DATA"],"duration":23,"failureDetails":[],"failureMessages":[],"fullName":"LoanVisualizer PRESETS_DATA each preset has principal, rate, term","invocations":1,"location":null,"numPassingAsserts":12,"retryReasons":[],"status":"passed","title":"each preset has principal, rate, term"},{"ancestorTitles":["LoanVisualizer","calculateEMI"],"duration":5,"failureDetails":[],"failureMessages":[],"fullName":"LoanVisualizer calculateEMI calculates correct EMI for known values","invocations":1,"location":null,"numPassingAsserts":2,"retryReasons":[],"status":"passed","title":"calculates correct EMI for known values"},{"ancestorTitles":["LoanVisualizer","calculateEMI"],"duration":7,"failureDetails":[],"failureMessages":[],"fullName":"LoanVisualizer calculateEMI returns 0 for zero principal","invocations":1,"location":null,"numPassingAsserts":1,"retryReasons":[],"status":"passed","title":"returns 0 for zero principal"},{"ancestorTitles":["LoanVisualizer","calculateEMI"],"duration":9,"failureDetails":[],"failureMessages":[],"fullName":"LoanVisualizer calculateEMI returns 0 for zero term","invocations":1,"location":null,"numPassingAsserts":1,"retryReasons":[],"status":"passed","title":"returns 0 for zero term"},{"ancestorTitles":["LoanVisualizer","calculateEMI"],"duration":1,"failureDetails":[],"failureMessages":[],"fullName":"LoanVisualizer calculateEMI returns 0 for non-numbers","invocations":1,"location":null,"numPassingAsserts":1,"retryReasons":[],"status":"passed","title":"returns 0 for non-numbers"},{"ancestorTitles":["LoanVisualizer","calculateTotalInterest"],"duration":1,"failureDetails":[],"failureMessages":[],"fullName":"LoanVisualizer calculateTotalInterest subtracts principal from total","invocations":1,"location":null,"numPassingAsserts":1,"retryReasons":[],"status":"passed","title":"subtracts principal from total"},{"ancestorTitles":["LoanVisualizer","calculateTotalInterest"],"duration":1,"failureDetails":[],"failureMessages":[],"fullName":"LoanVisualizer calculateTotalInterest returns 0 for non-numbers","invocations":1,"location":null,"numPassingAsserts":1,"retryReasons":[],"status":"passed","title":"returns 0 for non-numbers"},{"ancestorTitles":["LoanVisualizer","generateAmortization"],"duration":4,"failureDetails":[],"failureMessages":[],"fullName":"LoanVisualizer generateAmortization generates schedule for valid inputs","invocations":1,"location":null,"numPassingAsserts":1,"retryReasons":[],"status":"passed","title":"generates schedule for valid inputs"},{"ancestorTitles":["LoanVisualizer","generateAmortization"],"duration":6,"failureDetails":[],"failureMessages":[],"fullName":"LoanVisualizer generateAmortization each row has required fields","invocations":1,"location":null,"numPassingAsserts":20,"retryReasons":[],"status":"passed","title":"each row has required fields"},{"ancestorTitles":["LoanVisualizer","generateAmortization"],"duration":9,"failureDetails":[],"failureMessages":[],"fullName":"LoanVisualizer generateAmortization balance decreases over time","invocations":1,"location":null,"numPassingAsserts":9,"retryReasons":[],"status":"passed","title":"balance decreases over time"},{"ancestorTitles":["LoanVisualizer","generateAmortization"],"duration":3,"failureDetails":[],"failureMessages":[],"fullName":"LoanVisualizer generateAmortization final balance is 0 or near 0","invocations":1,"location":null,"numPassingAsserts":1,"retryReasons":[],"status":"passed","title":"final balance is 0 or near 0"},{"ancestorTitles":["LoanVisualizer","generateAmortization"],"duration":3,"failureDetails":[],"failureMessages":[],"fullName":"LoanVisualizer generateAmortization returns empty for invalid inputs","invocations":1,"location":null,"numPassingAsserts":2,"retryReasons":[],"status":"passed","title":"returns empty for invalid inputs"},{"ancestorTitles":["LoanVisualizer","formatCurrency"],"duration":15,"failureDetails":[],"failureMessages":[],"fullName":"LoanVisualizer formatCurrency formats with dollar sign","invocations":1,"location":null,"numPassingAsserts":1,"retryReasons":[],"status":"passed","title":"formats with dollar sign"},{"ancestorTitles":["LoanVisualizer","formatCurrency"],"duration":13,"failureDetails":[],"failureMessages":[],"fullName":"LoanVisualizer formatCurrency formats large numbers","invocations":1,"location":null,"numPassingAsserts":1,"retryReasons":[],"status":"passed","title":"formats large numbers"},{"ancestorTitles":["LoanVisualizer","formatCurrency"],"duration":2,"failureDetails":[],"failureMessages":[],"fullName":"LoanVisualizer formatCurrency returns $0 for NaN","invocations":1,"location":null,"numPassingAsserts":1,"retryReasons":[],"status":"passed","title":"returns $0 for NaN"},{"ancestorTitles":["LoanVisualizer","formatCurrency"],"duration":5,"failureDetails":[],"failureMessages":[],"fullName":"LoanVisualizer formatCurrency returns $0 for non-number","invocations":1,"location":null,"numPassingAsserts":1,"retryReasons":[],"status":"passed","title":"returns $0 for non-number"},{"ancestorTitles":["LoanVisualizer","loadPreset"],"duration":64,"failureDetails":[],"failureMessages":[],"fullName":"LoanVisualizer loadPreset loads home preset values","invocations":1,"location":null,"numPassingAsserts":3,"retryReasons":[],"status":"passed","title":"loads home preset values"},{"ancestorTitles":["LoanVisualizer","loadPreset"],"duration":7,"failureDetails":[],"failureMessages":[],"fullName":"LoanVisualizer loadPreset loads car preset","invocations":1,"location":null,"numPassingAsserts":1,"retryReasons":[],"status":"passed","title":"loads car preset"},{"ancestorTitles":["LoanVisualizer","loadPreset"],"duration":2,"failureDetails":[],"failureMessages":[],"fullName":"LoanVisualizer loadPreset does nothing for invalid preset","invocations":1,"location":null,"numPassingAsserts":1,"retryReasons":[],"status":"passed","title":"does nothing for invalid preset"},{"ancestorTitles":["LoanVisualizer","calculate"],"duration":18,"failureDetails":[],"failureMessages":[],"fullName":"LoanVisualizer calculate updates all display elements","invocations":1,"location":null,"numPassingAsserts":3,"retryReasons":[],"status":"passed","title":"updates all display elements"},{"ancestorTitles":["LoanVisualizer","renderAmortization"],"duration":14,"failureDetails":[],"failureMessages":[],"fullName":"LoanVisualizer renderAmortization renders table rows","invocations":1,"location":null,"numPassingAsserts":1,"retryReasons":[],"status":"passed","title":"renders table rows"},{"ancestorTitles":["LoanVisualizer","updatePieChart"],"duration":3,"failureDetails":[],"failureMessages":[],"fullName":"LoanVisualizer updatePieChart updates pie gradient","invocations":1,"location":null,"numPassingAsserts":1,"retryReasons":[],"status":"passed","title":"updates pie gradient"},{"ancestorTitles":["LoanVisualizer","updatePieChart"],"duration":2,"failureDetails":[],"failureMessages":[],"fullName":"LoanVisualizer updatePieChart updates legend text","invocations":1,"location":null,"numPassingAsserts":2,"retryReasons":[],"status":"passed","title":"updates legend text"}],"endTime":1774279144381,"message":"","name":"/app/sites/loan-visualizer/__tests__/app.test.js","startTime":1774279142906,"status":"passed","summary":""},{"assertionResults":[{"ancestorTitles":["Voice to Text Counter"],"duration":19,"failureDetails":[],"failureMessages":[],"fullName":"Voice to Text Counter countWords handles multiple spaces","invocations":1,"location":null,"numPassingAsserts":2,"retryReasons":[],"status":"passed","title":"countWords handles multiple spaces"},{"ancestorTitles":["Voice to Text Counter"],"duration":8,"failureDetails":[],"failureMessages":[],"fullName":"Voice to Text Counter countFillers identifies um and ah","invocations":1,"location":null,"numPassingAsserts":3,"retryReasons":[],"status":"passed","title":"countFillers identifies um and ah"},{"ancestorTitles":["Voice to Text Counter"],"duration":6,"failureDetails":[],"failureMessages":[],"fullName":"Voice to Text Counter highlightFillers wraps matches in spans","invocations":1,"location":null,"numPassingAsserts":1,"retryReasons":[],"status":"passed","title":"highlightFillers wraps matches in spans"},{"ancestorTitles":["Voice to Text Counter"],"duration":2,"failureDetails":[],"failureMessages":[],"fullName":"Voice to Text Counter formatDuration converts seconds to mm:ss","invocations":1,"location":null,"numPassingAsserts":2,"retryReasons":[],"status":"passed","title":"formatDuration converts seconds to mm:ss"},{"ancestorTitles":["Voice to Text Counter"],"duration":2,"failureDetails":[],"failureMessages":[],"fullName":"Voice to Text Counter clearTranscript resets DOM","invocations":1,"location":null,"numPassingAsserts":2,"retryReasons":[],"status":"passed","title":"clearTranscript resets DOM"}],"endTime":1774279144428,"message":"","name":"/app/sites/voice-to-text-counter/__tests__/app.test.js","startTime":1774279143006,"status":"passed","summary":""},{"assertionResults":[{"ancestorTitles":["Startup Idea Generator"],"duration":19,"failureDetails":[],"failureMessages":[],"fullName":"Startup Idea Generator getRandomItem returns element from array","invocations":1,"location":null,"numPassingAsserts":1,"retryReasons":[],"status":"passed","title":"getRandomItem returns element from array"},{"ancestorTitles":["Startup Idea Generator"],"duration":4,"failureDetails":[],"failureMessages":[],"fullName":"Startup Idea Generator generateName returns a string","invocations":1,"location":null,"numPassingAsserts":2,"retryReasons":[],"status":"passed","title":"generateName returns a string"},{"ancestorTitles":["Startup Idea Generator"],"duration":3,"failureDetails":[],"failureMessages":[],"fullName":"Startup Idea Generator generateIdeaData creates valid object","invocations":1,"location":null,"numPassingAsserts":3,"retryReasons":[],"status":"passed","title":"generateIdeaData creates valid object"},{"ancestorTitles":["Startup Idea Generator"],"duration":5,"failureDetails":[],"failureMessages":[],"fullName":"Startup Idea Generator generateIdea updates DOM","invocations":1,"location":null,"numPassingAsserts":1,"retryReasons":[],"status":"passed","title":"generateIdea updates DOM"},{"ancestorTitles":["Startup Idea Generator"],"duration":15,"failureDetails":[],"failureMessages":[],"fullName":"Startup Idea Generator saveIdea adds to list and renders","invocations":1,"location":null,"numPassingAsserts":2,"retryReasons":[],"status":"passed","title":"saveIdea adds to list and renders"},{"ancestorTitles":["Startup Idea Generator"],"duration":2,"failureDetails":[],"failureMessages":[],"fullName":"Startup Idea Generator removeSavedIdea removes by index","invocations":1,"location":null,"numPassingAsserts":2,"retryReasons":[],"status":"passed","title":"removeSavedIdea removes by index"}],"endTime":1774279144454,"message":"","name":"/app/sites/startup-idea-generator/__tests__/app.test.js","startTime":1774279143074,"status":"passed","summary":""},{"assertionResults":[{"ancestorTitles":["SleepCalculator","constants"],"duration":15,"failureDetails":[],"failureMessages":[],"fullName":"SleepCalculator constants cycle duration is 90 minutes","invocations":1,"location":null,"numPassingAsserts":1,"retryReasons":[],"status":"passed","title":"cycle duration is 90 minutes"},{"ancestorTitles":["SleepCalculator","constants"],"duration":3,"failureDetails":[],"failureMessages":[],"fullName":"SleepCalculator constants fall asleep time is 14 minutes","invocations":1,"location":null,"numPassingAsserts":1,"retryReasons":[],"status":"passed","title":"fall asleep time is 14 minutes"},{"ancestorTitles":["SleepCalculator","formatTime"],"duration":1,"failureDetails":[],"failureMessages":[],"fullName":"SleepCalculator formatTime formats AM time","invocations":1,"location":null,"numPassingAsserts":1,"retryReasons":[],"status":"passed","title":"formats AM time"},{"ancestorTitles":["SleepCalculator","formatTime"],"duration":5,"failureDetails":[],"failureMessages":[],"fullName":"SleepCalculator formatTime formats PM time","invocations":1,"location":null,"numPassingAsserts":1,"retryReasons":[],"status":"passed","title":"formats PM time"},{"ancestorTitles":["SleepCalculator","formatTime"],"duration":7,"failureDetails":[],"failureMessages":[],"fullName":"SleepCalculator formatTime formats midnight as 12:00 AM","invocations":1,"location":null,"numPassingAsserts":1,"retryReasons":[],"status":"passed","title":"formats midnight as 12:00 AM"},{"ancestorTitles":["SleepCalculator","formatTime"],"duration":51,"failureDetails":[],"failureMessages":[],"fullName":"SleepCalculator formatTime formats noon as 12:00 PM","invocations":1,"location":null,"numPassingAsserts":1,"retryReasons":[],"status":"passed","title":"formats noon as 12:00 PM"},{"ancestorTitles":["SleepCalculator","formatTime"],"duration":6,"failureDetails":[],"failureMessages":[],"fullName":"SleepCalculator formatTime handles negative hours (wrap around)","invocations":1,"location":null,"numPassingAsserts":1,"retryReasons":[],"status":"passed","title":"handles negative hours (wrap around)"},{"ancestorTitles":["SleepCalculator","formatTime"],"duration":2,"failureDetails":[],"failureMessages":[],"fullName":"SleepCalculator formatTime pads minutes","invocations":1,"location":null,"numPassingAsserts":1,"retryReasons":[],"status":"passed","title":"pads minutes"},{"ancestorTitles":["SleepCalculator","calculateBedtimes"],"duration":3,"failureDetails":[],"failureMessages":[],"fullName":"SleepCalculator calculateBedtimes returns results for valid wake time","invocations":1,"location":null,"numPassingAsserts":1,"retryReasons":[],"status":"passed","title":"returns results for valid wake time"},{"ancestorTitles":["SleepCalculator","calculateBedtimes"],"duration":4,"failureDetails":[],"failureMessages":[],"fullName":"SleepCalculator calculateBedtimes each result has required fields","invocations":1,"location":null,"numPassingAsserts":20,"retryReasons":[],"status":"passed","title":"each result has required fields"},{"ancestorTitles":["SleepCalculator","calculateBedtimes"],"duration":1,"failureDetails":[],"failureMessages":[],"fullName":"SleepCalculator calculateBedtimes 6 cycles is recommended","invocations":1,"location":null,"numPassingAsserts":1,"retryReasons":[],"status":"passed","title":"6 cycles is recommended"},{"ancestorTitles":["SleepCalculator","calculateBedtimes"],"duration":2,"failureDetails":[],"failureMessages":[],"fullName":"SleepCalculator calculateBedtimes returns empty for invalid time","invocations":1,"location":null,"numPassingAsserts":1,"retryReasons":[],"status":"passed","title":"returns empty for invalid time"},{"ancestorTitles":["SleepCalculator","calculateBedtimes"],"duration":1,"failureDetails":[],"failureMessages":[],"fullName":"SleepCalculator calculateBedtimes handles midnight wake time","invocations":1,"location":null,"numPassingAsserts":1,"retryReasons":[],"status":"passed","title":"handles midnight wake time"},{"ancestorTitles":["SleepCalculator","calculateWakeTimes"],"duration":10,"failureDetails":[],"failureMessages":[],"fullName":"SleepCalculator calculateWakeTimes returns results for valid sleep time","invocations":1,"location":null,"numPassingAsserts":1,"retryReasons":[],"status":"passed","title":"returns results for valid sleep time"},{"ancestorTitles":["SleepCalculator","calculateWakeTimes"],"duration":1,"failureDetails":[],"failureMessages":[],"fullName":"SleepCalculator calculateWakeTimes cycles are in ascending order","invocations":1,"location":null,"numPassingAsserts":3,"retryReasons":[],"status":"passed","title":"cycles are in ascending order"},{"ancestorTitles":["SleepCalculator","calculateWakeTimes"],"duration":1,"failureDetails":[],"failureMessages":[],"fullName":"SleepCalculator calculateWakeTimes returns empty for invalid time","invocations":1,"location":null,"numPassingAsserts":1,"retryReasons":[],"status":"passed","title":"returns empty for invalid time"},{"ancestorTitles":["SleepCalculator","calculateWakeTimes"],"duration":2,"failureDetails":[],"failureMessages":[],"fullName":"SleepCalculator calculateWakeTimes results wrap around midnight","invocations":1,"location":null,"numPassingAsserts":2,"retryReasons":[],"status":"passed","title":"results wrap around midnight"},{"ancestorTitles":["SleepCalculator","setMode"],"duration":14,"failureDetails":[],"failureMessages":[],"fullName":"SleepCalculator setMode sets wake mode","invocations":1,"location":null,"numPassingAsserts":2,"retryReasons":[],"status":"passed","title":"sets wake mode"},{"ancestorTitles":["SleepCalculator","setMode"],"duration":2,"failureDetails":[],"failureMessages":[],"fullName":"SleepCalculator setMode sets sleep mode","invocations":1,"location":null,"numPassingAsserts":2,"retryReasons":[],"status":"passed","title":"sets sleep mode"},{"ancestorTitles":["SleepCalculator","calculateSleep"],"duration":13,"failureDetails":[],"failureMessages":[],"fullName":"SleepCalculator calculateSleep renders results to grid in wake mode","invocations":1,"location":null,"numPassingAsserts":1,"retryReasons":[],"status":"passed","title":"renders results to grid in wake mode"},{"ancestorTitles":["SleepCalculator","calculateSleep"],"duration":2,"failureDetails":[],"failureMessages":[],"fullName":"SleepCalculator calculateSleep renders results to grid in sleep mode","invocations":1,"location":null,"numPassingAsserts":1,"retryReasons":[],"status":"passed","title":"renders results to grid in sleep mode"},{"ancestorTitles":["SleepCalculator","renderResults"],"duration":2,"failureDetails":[],"failureMessages":[],"fullName":"SleepCalculator renderResults renders cycle cards","invocations":1,"location":null,"numPassingAsserts":3,"retryReasons":[],"status":"passed","title":"renders cycle cards"},{"ancestorTitles":["SleepCalculator","renderResults"],"duration":2,"failureDetails":[],"failureMessages":[],"fullName":"SleepCalculator renderResults renders empty for empty array","invocations":1,"location":null,"numPassingAsserts":1,"retryReasons":[],"status":"passed","title":"renders empty for empty array"}],"endTime":1774279144488,"message":"","name":"/app/sites/sleep-calculator/__tests__/app.test.js","startTime":1774279143073,"status":"passed","summary":""},{"assertionResults":[{"ancestorTitles":["Baby Face Generator"],"duration":28,"failureDetails":[],"failureMessages":[],"fullName":"Baby Face Generator generateTraits returns exactly 5 traits","invocations":1,"location":null,"numPassingAsserts":6,"retryReasons":[],"status":"passed","title":"generateTraits returns exactly 5 traits"},{"ancestorTitles":["Baby Face Generator"],"duration":34,"failureDetails":[],"failureMessages":[],"fullName":"Baby Face Generator generateBtn enables only when both parents loaded","invocations":1,"location":null,"numPassingAsserts":2,"retryReasons":[],"status":"passed","title":"generateBtn enables only when both parents loaded"},{"ancestorTitles":["Baby Face Generator"],"duration":10,"failureDetails":[],"failureMessages":[],"fullName":"Baby Face Generator resetAll clears state and hides result","invocations":1,"location":null,"numPassingAsserts":2,"retryReasons":[],"status":"passed","title":"resetAll clears state and hides result"}],"endTime":1774279144500,"message":"","name":"/app/sites/baby-face-generator/__tests__/app.test.js","startTime":1774279143012,"status":"passed","summary":""},{"assertionResults":[{"ancestorTitles":["FestivalCountdown","FESTIVALS"],"duration":32,"failureDetails":[],"failureMessages":[],"fullName":"FestivalCountdown FESTIVALS has at least 10 festivals","invocations":1,"location":null,"numPassingAsserts":1,"retryReasons":[],"status":"passed","title":"has at least 10 festivals"},{"ancestorTitles":["FestivalCountdown","FESTIVALS"],"duration":21,"failureDetails":[],"failureMessages":[],"fullName":"FestivalCountdown FESTIVALS each festival has required fields","invocations":1,"location":null,"numPassingAsserts":96,"retryReasons":[],"status":"passed","title":"each festival has required fields"},{"ancestorTitles":["FestivalCountdown","getNextOccurrence"],"duration":5,"failureDetails":[],"failureMessages":[],"fullName":"FestivalCountdown getNextOccurrence returns future date when festival has not passed this year","invocations":1,"location":null,"numPassingAsserts":3,"retryReasons":[],"status":"passed","title":"returns future date when festival has not passed this year"},{"ancestorTitles":["FestivalCountdown","getNextOccurrence"],"duration":10,"failureDetails":[],"failureMessages":[],"fullName":"FestivalCountdown getNextOccurrence returns next year when festival has passed","invocations":1,"location":null,"numPassingAsserts":1,"retryReasons":[],"status":"passed","title":"returns next year when festival has passed"},{"ancestorTitles":["FestivalCountdown","getNextOccurrence"],"duration":3,"failureDetails":[],"failureMessages":[],"fullName":"FestivalCountdown getNextOccurrence returns next year when today is the festival","invocations":1,"location":null,"numPassingAsserts":1,"retryReasons":[],"status":"passed","title":"returns next year when today is the festival"},{"ancestorTitles":["FestivalCountdown","calculateTimeRemaining"],"duration":3,"failureDetails":[],"failureMessages":[],"fullName":"FestivalCountdown calculateTimeRemaining calculates correct days, hours, minutes, seconds","invocations":1,"location":null,"numPassingAsserts":5,"retryReasons":[],"status":"passed","title":"calculates correct days, hours, minutes, seconds"},{"ancestorTitles":["FestivalCountdown","calculateTimeRemaining"],"duration":6,"failureDetails":[],"failureMessages":[],"fullName":"FestivalCountdown calculateTimeRemaining returns zeros when target is in the past","invocations":1,"location":null,"numPassingAsserts":5,"retryReasons":[],"status":"passed","title":"returns zeros when target is in the past"},{"ancestorTitles":["FestivalCountdown","calculateTimeRemaining"],"duration":9,"failureDetails":[],"failureMessages":[],"fullName":"FestivalCountdown calculateTimeRemaining returns zeros when target equals now","invocations":1,"location":null,"numPassingAsserts":1,"retryReasons":[],"status":"passed","title":"returns zeros when target equals now"},{"ancestorTitles":["FestivalCountdown","padZero"],"duration":2,"failureDetails":[],"failureMessages":[],"fullName":"FestivalCountdown padZero pads single digit","invocations":1,"location":null,"numPassingAsserts":1,"retryReasons":[],"status":"passed","title":"pads single digit"},{"ancestorTitles":["FestivalCountdown","padZero"],"duration":2,"failureDetails":[],"failureMessages":[],"fullName":"FestivalCountdown padZero does not pad double digit","invocations":1,"location":null,"numPassingAsserts":1,"retryReasons":[],"status":"passed","title":"does not pad double digit"},{"ancestorTitles":["FestivalCountdown","padZero"],"duration":3,"failureDetails":[],"failureMessages":[],"fullName":"FestivalCountdown padZero pads zero","invocations":1,"location":null,"numPassingAsserts":1,"retryReasons":[],"status":"passed","title":"pads zero"},{"ancestorTitles":["FestivalCountdown","padZero"],"duration":2,"failureDetails":[],"failureMessages":[],"fullName":"FestivalCountdown padZero handles 3-digit number","invocations":1,"location":null,"numPassingAsserts":1,"retryReasons":[],"status":"passed","title":"handles 3-digit number"},{"ancestorTitles":["FestivalCountdown","formatDate"],"duration":14,"failureDetails":[],"failureMessages":[],"fullName":"FestivalCountdown formatDate returns a formatted string","invocations":1,"location":null,"numPassingAsserts":3,"retryReasons":[],"status":"passed","title":"returns a formatted string"},{"ancestorTitles":["FestivalCountdown","getDaysUntil"],"duration":4,"failureDetails":[],"failureMessages":[],"fullName":"FestivalCountdown getDaysUntil returns positive number for future festival","invocations":1,"location":null,"numPassingAsserts":1,"retryReasons":[],"status":"passed","title":"returns positive number for future festival"},{"ancestorTitles":["FestivalCountdown","getDaysUntil"],"duration":2,"failureDetails":[],"failureMessages":[],"fullName":"FestivalCountdown getDaysUntil returns next year count for past festival","invocations":1,"location":null,"numPassingAsserts":1,"retryReasons":[],"status":"passed","title":"returns next year count for past festival"},{"ancestorTitles":["FestivalCountdown","sortByNearest"],"duration":3,"failureDetails":[],"failureMessages":[],"fullName":"FestivalCountdown sortByNearest sorts festivals so nearest is first","invocations":1,"location":null,"numPassingAsserts":1,"retryReasons":[],"status":"passed","title":"sorts festivals so nearest is first"},{"ancestorTitles":["FestivalCountdown","sortByNearest"],"duration":2,"failureDetails":[],"failureMessages":[],"fullName":"FestivalCountdown sortByNearest does not mutate original array","invocations":1,"location":null,"numPassingAsserts":1,"retryReasons":[],"status":"passed","title":"does not mutate original array"},{"ancestorTitles":["FestivalCountdown","updateTimerValue"],"duration":8,"failureDetails":[],"failureMessages":[],"fullName":"FestivalCountdown updateTimerValue updates text and adds flip class","invocations":1,"location":null,"numPassingAsserts":2,"retryReasons":[],"status":"passed","title":"updates text and adds flip class"},{"ancestorTitles":["FestivalCountdown","updateTimerValue"],"duration":3,"failureDetails":[],"failureMessages":[],"fullName":"FestivalCountdown updateTimerValue does not add flip class if value unchanged","invocations":1,"location":null,"numPassingAsserts":1,"retryReasons":[],"status":"passed","title":"does not add flip class if value unchanged"},{"ancestorTitles":["FestivalCountdown","renderSelector"],"duration":3,"failureDetails":[],"failureMessages":[],"fullName":"FestivalCountdown renderSelector adds options for each festival","invocations":1,"location":null,"numPassingAsserts":1,"retryReasons":[],"status":"passed","title":"adds options for each festival"},{"ancestorTitles":["FestivalCountdown","renderGrid"],"duration":9,"failureDetails":[],"failureMessages":[],"fullName":"FestivalCountdown renderGrid renders festival cards","invocations":1,"location":null,"numPassingAsserts":1,"retryReasons":[],"status":"passed","title":"renders festival cards"},{"ancestorTitles":["FestivalCountdown","updateCountdownDisplay"],"duration":6,"failureDetails":[],"failureMessages":[],"fullName":"FestivalCountdown updateCountdownDisplay updates display when festival is selected","invocations":1,"location":null,"numPassingAsserts":1,"retryReasons":[],"status":"passed","title":"updates display when festival is selected"},{"ancestorTitles":["FestivalCountdown","updateCountdownDisplay"],"duration":2,"failureDetails":[],"failureMessages":[],"fullName":"FestivalCountdown updateCountdownDisplay does nothing when no festival selected","invocations":1,"location":null,"numPassingAsserts":1,"retryReasons":[],"status":"passed","title":"does nothing when no festival selected"}],"endTime":1774279144587,"message":"","name":"/app/sites/festival-countdown/__tests__/app.test.js","startTime":1774279143035,"status":"passed","summary":""},{"assertionResults":[{"ancestorTitles":["Mood Board Generator"],"duration":6,"failureDetails":[],"failureMessages":[],"fullName":"Mood Board Generator getThemeData returns preset for exact match","invocations":1,"location":null,"numPassingAsserts":2,"retryReasons":[],"status":"passed","title":"getThemeData returns preset for exact match"},{"ancestorTitles":["Mood Board Generator"],"duration":3,"failureDetails":[],"failureMessages":[],"fullName":"Mood Board Generator getThemeData generates random theme for unknown input","invocations":1,"location":null,"numPassingAsserts":2,"retryReasons":[],"status":"passed","title":"getThemeData generates random theme for unknown input"},{"ancestorTitles":["Mood Board Generator"],"duration":2,"failureDetails":[],"failureMessages":[],"fullName":"Mood Board Generator generateGradient creates valid CSS","invocations":1,"location":null,"numPassingAsserts":2,"retryReasons":[],"status":"passed","title":"generateGradient creates valid CSS"},{"ancestorTitles":["Mood Board Generator"],"duration":15,"failureDetails":[],"failureMessages":[],"fullName":"Mood Board Generator renderBoard populates all sections","invocations":1,"location":null,"numPassingAsserts":4,"retryReasons":[],"status":"passed","title":"renderBoard populates all sections"}],"endTime":1774279144661,"message":"","name":"/app/sites/mood-board-generator/__tests__/app.test.js","startTime":1774279143927,"status":"passed","summary":""},{"assertionResults":[{"ancestorTitles":["Color Palette Extractor"],"duration":8,"failureDetails":[],"failureMessages":[],"fullName":"Color Palette Extractor rgbToHex converts correctly","invocations":1,"location":null,"numPassingAsserts":3,"retryReasons":[],"status":"passed","title":"rgbToHex converts correctly"},{"ancestorTitles":["Color Palette Extractor"],"duration":2,"failureDetails":[],"failureMessages":[],"fullName":"Color Palette Extractor kMeansClustering returns k colors","invocations":1,"location":null,"numPassingAsserts":1,"retryReasons":[],"status":"passed","title":"kMeansClustering returns k colors"},{"ancestorTitles":["Color Palette Extractor"],"duration":10,"failureDetails":[],"failureMessages":[],"fullName":"Color Palette Extractor renderPalette creates color swatches","invocations":1,"location":null,"numPassingAsserts":2,"retryReasons":[],"status":"passed","title":"renderPalette creates color swatches"},{"ancestorTitles":["Color Palette Extractor"],"duration":3,"failureDetails":[],"failureMessages":[],"fullName":"Color Palette Extractor resetUpload clears state","invocations":1,"location":null,"numPassingAsserts":2,"retryReasons":[],"status":"passed","title":"resetUpload clears state"}],"endTime":1774279144750,"message":"","name":"/app/sites/color-palette-extractor/__tests__/app.test.js","startTime":1774279144019,"status":"passed","summary":""},{"assertionResults":[{"ancestorTitles":["Height Comparison"],"duration":6,"failureDetails":[],"failureMessages":[],"fullName":"Height Comparison cmToFeetInches returns formatted string","invocations":1,"location":null,"numPassingAsserts":2,"retryReasons":[],"status":"passed","title":"cmToFeetInches returns formatted string"},{"ancestorTitles":["Height Comparison"],"duration":8,"failureDetails":[],"failureMessages":[],"fullName":"Height Comparison addPerson validates input and updates state","invocations":1,"location":null,"numPassingAsserts":2,"retryReasons":[],"status":"passed","title":"addPerson validates input and updates state"},{"ancestorTitles":["Height Comparison"],"duration":12,"failureDetails":[],"failureMessages":[],"fullName":"Height Comparison removePerson works correctly","invocations":1,"location":null,"numPassingAsserts":1,"retryReasons":[],"status":"passed","title":"removePerson works correctly"},{"ancestorTitles":["Height Comparison"],"duration":14,"failureDetails":[],"failureMessages":[],"fullName":"Height Comparison loadPreset loads specific preset","invocations":1,"location":null,"numPassingAsserts":2,"retryReasons":[],"status":"passed","title":"loadPreset loads specific preset"},{"ancestorTitles":["Height Comparison"],"duration":14,"failureDetails":[],"failureMessages":[],"fullName":"Height Comparison renderFigures handles empty state","invocations":1,"location":null,"numPassingAsserts":1,"retryReasons":[],"status":"passed","title":"renderFigures handles empty state"}],"endTime":1774279144768,"message":"","name":"/app/sites/height-comparison/__tests__/app.test.js","startTime":1774279144121,"status":"passed","summary":""},{"assertionResults":[{"ancestorTitles":["Cloud Service Comparison"],"duration":33,"failureDetails":[],"failureMessages":[],"fullName":"Cloud Service Comparison renderTable shows all services by default","invocations":1,"location":null,"numPassingAsserts":1,"retryReasons":[],"status":"passed","title":"renderTable shows all services by default"},{"ancestorTitles":["Cloud Service Comparison"],"duration":56,"failureDetails":[],"failureMessages":[],"fullName":"Cloud Service Comparison renderTable filters services","invocations":1,"location":null,"numPassingAsserts":2,"retryReasons":[],"status":"passed","title":"renderTable filters services"},{"ancestorTitles":["Cloud Service Comparison"],"duration":12,"failureDetails":[],"failureMessages":[],"fullName":"Cloud Service Comparison filterCategory updates UI classes","invocations":1,"location":null,"numPassingAsserts":3,"retryReasons":[],"status":"passed","title":"filterCategory updates UI classes"}],"endTime":1774279144774,"message":"","name":"/app/sites/cloud-service-comparison/__tests__/app.test.js","startTime":1774279144138,"status":"passed","summary":""},{"assertionResults":[{"ancestorTitles":["Pet Breed Identifier"],"duration":10,"failureDetails":[],"failureMessages":[],"fullName":"Pet Breed Identifier identifyBreed returns 100% total coverage","invocations":1,"location":null,"numPassingAsserts":2,"retryReasons":[],"status":"passed","title":"identifyBreed returns 100% total coverage"},{"ancestorTitles":["Pet Breed Identifier"],"duration":6,"failureDetails":[],"failureMessages":[],"fullName":"Pet Breed Identifier renderBreedInfo populates fields","invocations":1,"location":null,"numPassingAsserts":2,"retryReasons":[],"status":"passed","title":"renderBreedInfo populates fields"},{"ancestorTitles":["Pet Breed Identifier"],"duration":2,"failureDetails":[],"failureMessages":[],"fullName":"Pet Breed Identifier resetAnalysis updates UI state","invocations":1,"location":null,"numPassingAsserts":2,"retryReasons":[],"status":"passed","title":"resetAnalysis updates UI state"}],"endTime":1774279144800,"message":"","name":"/app/sites/pet-breed-identifier/__tests__/app.test.js","startTime":1774279144098,"status":"passed","summary":""},{"assertionResults":[{"ancestorTitles":["Typing Speed Race"],"duration":55,"failureDetails":[],"failureMessages":[],"fullName":"Typing Speed Race calculateWPM logic","invocations":1,"location":null,"numPassingAsserts":1,"retryReasons":[],"status":"passed","title":"calculateWPM logic"},{"ancestorTitles":["Typing Speed Race"],"duration":29,"failureDetails":[],"failureMessages":[],"fullName":"Typing Speed Race calculateAccuracy logic","invocations":1,"location":null,"numPassingAsserts":2,"retryReasons":[],"status":"passed","title":"calculateAccuracy logic"},{"ancestorTitles":["Typing Speed Race"],"duration":34,"failureDetails":[],"failureMessages":[],"fullName":"Typing Speed Race handleTyping updates accuracy and errors","invocations":1,"location":null,"numPassingAsserts":2,"retryReasons":[],"status":"passed","title":"handleTyping updates accuracy and errors"},{"ancestorTitles":["Typing Speed Race"],"duration":35,"failureDetails":[],"failureMessages":[],"fullName":"Typing Speed Race restartRace resets UI","invocations":1,"location":null,"numPassingAsserts":2,"retryReasons":[],"status":"passed","title":"restartRace resets UI"}],"endTime":1774279144811,"message":"","name":"/app/sites/typing-speed-race/__tests__/app.test.js","startTime":1774279143925,"status":"passed","summary":""},{"assertionResults":[{"ancestorTitles":["Noise Meter"],"duration":2,"failureDetails":[],"failureMessages":[],"fullName":"Noise Meter dbFromFloat converts correctly","invocations":1,"location":null,"numPassingAsserts":2,"retryReasons":[],"status":"passed","title":"dbFromFloat converts correctly"},{"ancestorTitles":["Noise Meter"],"duration":1,"failureDetails":[],"failureMessages":[],"fullName":"Noise Meter getLevel labels appropriately","invocations":1,"location":null,"numPassingAsserts":2,"retryReasons":[],"status":"passed","title":"getLevel labels appropriately"},{"ancestorTitles":["Noise Meter"],"duration":6,"failureDetails":[],"failureMessages":[],"fullName":"Noise Meter updateDisplay syncs with DOM","invocations":1,"location":null,"numPassingAsserts":3,"retryReasons":[],"status":"passed","title":"updateDisplay syncs with DOM"},{"ancestorTitles":["Noise Meter"],"duration":2,"failureDetails":[],"failureMessages":[],"fullName":"Noise Meter resetReadings clears state and DOM","invocations":1,"location":null,"numPassingAsserts":2,"retryReasons":[],"status":"passed","title":"resetReadings clears state and DOM"}],"endTime":1774279144873,"message":"","name":"/app/sites/noise-meter/__tests__/app.test.js","startTime":1774279144439,"status":"passed","summary":""},{"assertionResults":[{"ancestorTitles":["Terraform Snippet Generator"],"duration":5,"failureDetails":[],"failureMessages":[],"fullName":"Terraform Snippet Generator updateResources populates resource selector","invocations":1,"location":null,"numPassingAsserts":2,"retryReasons":[],"status":"passed","title":"updateResources populates resource selector"},{"ancestorTitles":["Terraform Snippet Generator"],"duration":3,"failureDetails":[],"failureMessages":[],"fullName":"Terraform Snippet Generator updateParams creates input fields","invocations":1,"location":null,"numPassingAsserts":2,"retryReasons":[],"status":"passed","title":"updateParams creates input fields"},{"ancestorTitles":["Terraform Snippet Generator"],"duration":11,"failureDetails":[],"failureMessages":[],"fullName":"Terraform Snippet Generator generateSnippet produces valid HCL block","invocations":1,"location":null,"numPassingAsserts":2,"retryReasons":[],"status":"passed","title":"generateSnippet produces valid HCL block"},{"ancestorTitles":["Terraform Snippet Generator"],"duration":4,"failureDetails":[],"failureMessages":[],"fullName":"Terraform Snippet Generator switching provider updates resources","invocations":1,"location":null,"numPassingAsserts":1,"retryReasons":[],"status":"passed","title":"switching provider updates resources"}],"endTime":1774279144886,"message":"","name":"/app/sites/terraform-snippet-generator/__tests__/app.test.js","startTime":1774279144396,"status":"passed","summary":""}],"wasInterrupted":false,"coverageMap":{"/app/sites/picker-wheel/app.js":{"path":"/app/sites/picker-wheel/app.js","statementMap":{"0":{"start":{"line":6,"column":15},"end":{"line":10,"column":1}},"1":{"start":{"line":12,"column":16},"end":{"line":17,"column":1}},"2":{"start":{"line":19,"column":12},"end":{"line":19,"column":60}},"3":{"start":{"line":20,"column":22},"end":{"line":20,"column":23}},"4":{"start":{"line":21,"column":17},"end":{"line":21,"column":22}},"5":{"start":{"line":28,"column":2},"end":{"line":28,"column":51}},"6":{"start":{"line":28,"column":39},"end":{"line":28,"column":51}},"7":{"start":{"line":29,"column":17},"end":{"line":29,"column":56}},"8":{"start":{"line":30,"column":2},"end":{"line":30,"column":27}},"9":{"start":{"line":30,"column":15},"end":{"line":30,"column":27}},"10":{"start":{"line":31,"column":14},"end":{"line":31,"column":37}},"11":{"start":{"line":32,"column":2},"end":{"line":32,"column":25}},"12":{"start":{"line":41,"column":17},"end":{"line":41,"column":28}},"13":{"start":{"line":42,"column":2},"end":{"line":42,"column":22}},"14":{"start":{"line":42,"column":15},"end":{"line":42,"column":22}},"15":{"start":{"line":44,"column":26},"end":{"line":44,"column":32}},"16":{"start":{"line":45,"column":18},"end":{"line":45,"column":34}},"17":{"start":{"line":46,"column":18},"end":{"line":46,"column":35}},"18":{"start":{"line":47,"column":17},"end":{"line":47,"column":48}},"19":{"start":{"line":49,"column":2},"end":{"line":49,"column":51}},"20":{"start":{"line":50,"column":2},"end":{"line":50,"column":13}},"21":{"start":{"line":51,"column":2},"end":{"line":51,"column":34}},"22":{"start":{"line":52,"column":2},"end":{"line":52,"column":28}},"23":{"start":{"line":54,"column":2},"end":{"line":69,"column":3}},"24":{"start":{"line":56,"column":4},"end":{"line":56,"column":20}},"25":{"start":{"line":57,"column":4},"end":{"line":57,"column":42}},"26":{"start":{"line":58,"column":4},"end":{"line":58,"column":30}},"27":{"start":{"line":59,"column":4},"end":{"line":59,"column":15}},"28":{"start":{"line":60,"column":4},"end":{"line":60,"column":29}},"29":{"start":{"line":61,"column":4},"end":{"line":61,"column":22}},"30":{"start":{"line":62,"column":4},"end":{"line":62,"column":17}},"31":{"start":{"line":63,"column":4},"end":{"line":63,"column":27}},"32":{"start":{"line":64,"column":4},"end":{"line":64,"column":40}},"33":{"start":{"line":65,"column":4},"end":{"line":65,"column":29}},"34":{"start":{"line":66,"column":4},"end":{"line":66,"column":45}},"35":{"start":{"line":67,"column":4},"end":{"line":67,"column":18}},"36":{"start":{"line":68,"column":4},"end":{"line":68,"column":11}},"37":{"start":{"line":71,"column":21},"end":{"line":71,"column":52}},"38":{"start":{"line":73,"column":2},"end":{"line":108,"column":5}},"39":{"start":{"line":74,"column":23},"end":{"line":74,"column":37}},"40":{"start":{"line":75,"column":21},"end":{"line":75,"column":44}},"41":{"start":{"line":78,"column":4},"end":{"line":78,"column":20}},"42":{"start":{"line":79,"column":4},"end":{"line":79,"column":21}},"43":{"start":{"line":80,"column":4},"end":{"line":80,"column":48}},"44":{"start":{"line":81,"column":4},"end":{"line":81,"column":20}},"45":{"start":{"line":82,"column":4},"end":{"line":82,"column":46}},"46":{"start":{"line":83,"column":4},"end":{"line":83,"column":15}},"47":{"start":{"line":86,"column":4},"end":{"line":86,"column":40}},"48":{"start":{"line":87,"column":4},"end":{"line":87,"column":22}},"49":{"start":{"line":88,"column":4},"end":{"line":88,"column":17}},"50":{"start":{"line":91,"column":4},"end":{"line":91,"column":15}},"51":{"start":{"line":92,"column":4},"end":{"line":92,"column":44}},"52":{"start":{"line":93,"column":4},"end":{"line":93,"column":28}},"53":{"start":{"line":94,"column":4},"end":{"line":94,"column":30}},"54":{"start":{"line":96,"column":21},"end":{"line":96,"column":70}},"55":{"start":{"line":97,"column":4},"end":{"line":97,"column":53}},"56":{"start":{"line":99,"column":25},"end":{"line":99,"column":38}},"57":{"start":{"line":100,"column":22},"end":{"line":100,"column":26}},"58":{"start":{"line":101,"column":4},"end":{"line":103,"column":5}},"59":{"start":{"line":102,"column":6},"end":{"line":102,"column":45}},"60":{"start":{"line":104,"column":4},"end":{"line":104,"column":49}},"61":{"start":{"line":104,"column":30},"end":{"line":104,"column":49}},"62":{"start":{"line":106,"column":4},"end":{"line":106,"column":57}},"63":{"start":{"line":107,"column":4},"end":{"line":107,"column":18}},"64":{"start":{"line":111,"column":2},"end":{"line":111,"column":18}},"65":{"start":{"line":112,"column":2},"end":{"line":112,"column":36}},"66":{"start":{"line":113,"column":2},"end":{"line":113,"column":28}},"67":{"start":{"line":114,"column":2},"end":{"line":114,"column":13}},"68":{"start":{"line":115,"column":2},"end":{"line":115,"column":30}},"69":{"start":{"line":116,"column":2},"end":{"line":116,"column":20}},"70":{"start":{"line":117,"column":2},"end":{"line":117,"column":15}},"71":{"start":{"line":119,"column":2},"end":{"line":119,"column":16}},"72":{"start":{"line":126,"column":2},"end":{"line":126,"column":46}},"73":{"start":{"line":126,"column":39},"end":{"line":126,"column":46}},"74":{"start":{"line":127,"column":19},"end":{"line":127,"column":57}},"75":{"start":{"line":128,"column":2},"end":{"line":128,"column":24}},"76":{"start":{"line":128,"column":17},"end":{"line":128,"column":24}},"77":{"start":{"line":130,"column":15},"end":{"line":130,"column":36}},"78":{"start":{"line":131,"column":2},"end":{"line":133,"column":3}},"79":{"start":{"line":132,"column":4},"end":{"line":132,"column":74}},"80":{"start":{"line":132,"column":38},"end":{"line":132,"column":46}},"81":{"start":{"line":132,"column":60},"end":{"line":132,"column":72}},"82":{"start":{"line":135,"column":2},"end":{"line":137,"column":3}},"83":{"start":{"line":136,"column":4},"end":{"line":136,"column":37}},"84":{"start":{"line":139,"column":2},"end":{"line":139,"column":22}},"85":{"start":{"line":140,"column":2},"end":{"line":140,"column":36}},"86":{"start":{"line":147,"column":2},"end":{"line":147,"column":46}},"87":{"start":{"line":147,"column":39},"end":{"line":147,"column":46}},"88":{"start":{"line":148,"column":19},"end":{"line":148,"column":57}},"89":{"start":{"line":149,"column":2},"end":{"line":149,"column":36}},"90":{"start":{"line":149,"column":16},"end":{"line":149,"column":36}},"91":{"start":{"line":150,"column":2},"end":{"line":150,"column":13}},"92":{"start":{"line":151,"column":2},"end":{"line":151,"column":22}},"93":{"start":{"line":152,"column":2},"end":{"line":152,"column":36}},"94":{"start":{"line":160,"column":2},"end":{"line":160,"column":46}},"95":{"start":{"line":160,"column":39},"end":{"line":160,"column":46}},"96":{"start":{"line":161,"column":22},"end":{"line":161,"column":41}},"97":{"start":{"line":162,"column":2},"end":{"line":162,"column":27}},"98":{"start":{"line":162,"column":20},"end":{"line":162,"column":27}},"99":{"start":{"line":164,"column":19},"end":{"line":164,"column":57}},"100":{"start":{"line":165,"column":2},"end":{"line":165,"column":56}},"101":{"start":{"line":165,"column":16},"end":{"line":165,"column":56}},"102":{"start":{"line":166,"column":2},"end":{"line":166,"column":27}},"103":{"start":{"line":167,"column":2},"end":{"line":167,"column":22}},"104":{"start":{"line":168,"column":2},"end":{"line":168,"column":36}},"105":{"start":{"line":178,"column":2},"end":{"line":178,"column":52}},"106":{"start":{"line":178,"column":42},"end":{"line":178,"column":52}},"107":{"start":{"line":180,"column":21},"end":{"line":180,"column":52}},"108":{"start":{"line":182,"column":29},"end":{"line":182,"column":105}},"109":{"start":{"line":184,"column":23},"end":{"line":184,"column":73}},"110":{"start":{"line":185,"column":19},"end":{"line":185,"column":74}},"111":{"start":{"line":187,"column":2},"end":{"line":187,"column":28}},"112":{"start":{"line":196,"column":2},"end":{"line":196,"column":32}},"113":{"start":{"line":203,"column":2},"end":{"line":203,"column":57}},"114":{"start":{"line":203,"column":50},"end":{"line":203,"column":57}},"115":{"start":{"line":204,"column":2},"end":{"line":204,"column":20}},"116":{"start":{"line":206,"column":17},"end":{"line":206,"column":97}},"117":{"start":{"line":207,"column":18},"end":{"line":207,"column":94}},"118":{"start":{"line":209,"column":2},"end":{"line":209,"column":47}},"119":{"start":{"line":209,"column":14},"end":{"line":209,"column":47}},"120":{"start":{"line":210,"column":2},"end":{"line":210,"column":39}},"121":{"start":{"line":210,"column":15},"end":{"line":210,"column":39}},"122":{"start":{"line":212,"column":21},"end":{"line":212,"column":58}},"123":{"start":{"line":213,"column":24},"end":{"line":213,"column":39}},"124":{"start":{"line":214,"column":25},"end":{"line":214,"column":51}},"125":{"start":{"line":215,"column":19},"end":{"line":215,"column":46}},"126":{"start":{"line":216,"column":20},"end":{"line":216,"column":30}},"127":{"start":{"line":219,"column":20},"end":{"line":219,"column":42}},"128":{"start":{"line":220,"column":21},"end":{"line":220,"column":52}},"129":{"start":{"line":221,"column":26},"end":{"line":221,"column":48}},"130":{"start":{"line":223,"column":4},"end":{"line":223,"column":65}},"131":{"start":{"line":224,"column":4},"end":{"line":224,"column":38}},"132":{"start":{"line":226,"column":4},"end":{"line":236,"column":5}},"133":{"start":{"line":227,"column":6},"end":{"line":227,"column":37}},"134":{"start":{"line":229,"column":6},"end":{"line":229,"column":25}},"135":{"start":{"line":230,"column":6},"end":{"line":230,"column":54}},"136":{"start":{"line":230,"column":18},"end":{"line":230,"column":54}},"137":{"start":{"line":231,"column":6},"end":{"line":231,"column":44}},"138":{"start":{"line":231,"column":19},"end":{"line":231,"column":44}},"139":{"start":{"line":232,"column":6},"end":{"line":232,"column":39}},"140":{"start":{"line":234,"column":21},"end":{"line":234,"column":59}},"141":{"start":{"line":235,"column":6},"end":{"line":235,"column":25}},"142":{"start":{"line":239,"column":2},"end":{"line":241,"column":3}},"143":{"start":{"line":240,"column":4},"end":{"line":240,"column":35}},"144":{"start":{"line":249,"column":2},"end":{"line":249,"column":46}},"145":{"start":{"line":249,"column":39},"end":{"line":249,"column":46}},"146":{"start":{"line":250,"column":16},"end":{"line":250,"column":55}},"147":{"start":{"line":251,"column":21},"end":{"line":251,"column":59}},"148":{"start":{"line":252,"column":2},"end":{"line":252,"column":46}},"149":{"start":{"line":252,"column":13},"end":{"line":252,"column":46}},"150":{"start":{"line":253,"column":2},"end":{"line":253,"column":50}},"151":{"start":{"line":253,"column":18},"end":{"line":253,"column":50}},"152":{"start":{"line":260,"column":2},"end":{"line":260,"column":46}},"153":{"start":{"line":260,"column":39},"end":{"line":260,"column":46}},"154":{"start":{"line":261,"column":16},"end":{"line":261,"column":55}},"155":{"start":{"line":262,"column":2},"end":{"line":262,"column":43}},"156":{"start":{"line":262,"column":13},"end":{"line":262,"column":43}},"157":{"start":{"line":266,"column":0},"end":{"line":272,"column":1}},"158":{"start":{"line":267,"column":2},"end":{"line":271,"column":5}},"159":{"start":{"line":268,"column":21},"end":{"line":268,"column":59}},"160":{"start":{"line":269,"column":4},"end":{"line":269,"column":52}},"161":{"start":{"line":269,"column":18},"end":{"line":269,"column":52}},"162":{"start":{"line":270,"column":4},"end":{"line":270,"column":24}},"163":{"start":{"line":275,"column":0},"end":{"line":287,"column":1}},"164":{"start":{"line":276,"column":2},"end":{"line":286,"column":4}},"165":{"start":{"line":280,"column":20},"end":{"line":280,"column":25}},"166":{"start":{"line":281,"column":30},"end":{"line":281,"column":47}},"167":{"start":{"line":282,"column":25},"end":{"line":282,"column":35}},"168":{"start":{"line":283,"column":30},"end":{"line":283,"column":47}},"169":{"start":{"line":284,"column":30},"end":{"line":284,"column":45}},"170":{"start":{"line":285,"column":35},"end":{"line":285,"column":57}}},"fnMap":{"0":{"name":"getCanvas","decl":{"start":{"line":27,"column":9},"end":{"line":27,"column":18}},"loc":{"start":{"line":27,"column":21},"end":{"line":33,"column":1}},"line":27},"1":{"name":"drawWheel","decl":{"start":{"line":40,"column":9},"end":{"line":40,"column":18}},"loc":{"start":{"line":40,"column":39},"end":{"line":120,"column":1}},"line":40},"2":{"name":"(anonymous_2)","decl":{"start":{"line":73,"column":19},"end":{"line":73,"column":20}},"loc":{"start":{"line":73,"column":32},"end":{"line":108,"column":3}},"line":73},"3":{"name":"updateWheel","decl":{"start":{"line":125,"column":9},"end":{"line":125,"column":20}},"loc":{"start":{"line":125,"column":23},"end":{"line":141,"column":1}},"line":125},"4":{"name":"(anonymous_4)","decl":{"start":{"line":132,"column":33},"end":{"line":132,"column":34}},"loc":{"start":{"line":132,"column":38},"end":{"line":132,"column":46}},"line":132},"5":{"name":"(anonymous_5)","decl":{"start":{"line":132,"column":55},"end":{"line":132,"column":56}},"loc":{"start":{"line":132,"column":60},"end":{"line":132,"column":72}},"line":132},"6":{"name":"clearItems","decl":{"start":{"line":146,"column":9},"end":{"line":146,"column":19}},"loc":{"start":{"line":146,"column":22},"end":{"line":153,"column":1}},"line":146},"7":{"name":"loadPreset","decl":{"start":{"line":159,"column":9},"end":{"line":159,"column":19}},"loc":{"start":{"line":159,"column":32},"end":{"line":169,"column":1}},"line":159},"8":{"name":"getWinningItem","decl":{"start":{"line":177,"column":9},"end":{"line":177,"column":23}},"loc":{"start":{"line":177,"column":44},"end":{"line":188,"column":1}},"line":177},"9":{"name":"easeOutCubic","decl":{"start":{"line":195,"column":9},"end":{"line":195,"column":21}},"loc":{"start":{"line":195,"column":25},"end":{"line":197,"column":1}},"line":195},"10":{"name":"spinWheel","decl":{"start":{"line":202,"column":9},"end":{"line":202,"column":18}},"loc":{"start":{"line":202,"column":21},"end":{"line":242,"column":1}},"line":202},"11":{"name":"animate","decl":{"start":{"line":218,"column":11},"end":{"line":218,"column":18}},"loc":{"start":{"line":218,"column":21},"end":{"line":237,"column":3}},"line":218},"12":{"name":"showResult","decl":{"start":{"line":248,"column":9},"end":{"line":248,"column":19}},"loc":{"start":{"line":248,"column":28},"end":{"line":254,"column":1}},"line":248},"13":{"name":"closeModal","decl":{"start":{"line":259,"column":9},"end":{"line":259,"column":19}},"loc":{"start":{"line":259,"column":22},"end":{"line":263,"column":1}},"line":259},"14":{"name":"(anonymous_14)","decl":{"start":{"line":267,"column":48},"end":{"line":267,"column":49}},"loc":{"start":{"line":267,"column":54},"end":{"line":271,"column":3}},"line":267},"15":{"name":"(anonymous_15)","decl":{"start":{"line":280,"column":14},"end":{"line":280,"column":15}},"loc":{"start":{"line":280,"column":20},"end":{"line":280,"column":25}},"line":280},"16":{"name":"(anonymous_16)","decl":{"start":{"line":281,"column":14},"end":{"line":281,"column":15}},"loc":{"start":{"line":281,"column":28},"end":{"line":281,"column":49}},"line":281},"17":{"name":"(anonymous_17)","decl":{"start":{"line":282,"column":19},"end":{"line":282,"column":20}},"loc":{"start":{"line":282,"column":25},"end":{"line":282,"column":35}},"line":282},"18":{"name":"(anonymous_18)","decl":{"start":{"line":283,"column":19},"end":{"line":283,"column":20}},"loc":{"start":{"line":283,"column":28},"end":{"line":283,"column":49}},"line":283},"19":{"name":"(anonymous_19)","decl":{"start":{"line":284,"column":24},"end":{"line":284,"column":25}},"loc":{"start":{"line":284,"column":30},"end":{"line":284,"column":45}},"line":284},"20":{"name":"(anonymous_20)","decl":{"start":{"line":285,"column":24},"end":{"line":285,"column":25}},"loc":{"start":{"line":285,"column":33},"end":{"line":285,"column":59}},"line":285}},"branchMap":{"0":{"loc":{"start":{"line":28,"column":2},"end":{"line":28,"column":51}},"type":"if","locations":[{"start":{"line":28,"column":2},"end":{"line":28,"column":51}},{"start":{},"end":{}}],"line":28},"1":{"loc":{"start":{"line":30,"column":2},"end":{"line":30,"column":27}},"type":"if","locations":[{"start":{"line":30,"column":2},"end":{"line":30,"column":27}},{"start":{},"end":{}}],"line":30},"2":{"loc":{"start":{"line":42,"column":2},"end":{"line":42,"column":22}},"type":"if","locations":[{"start":{"line":42,"column":2},"end":{"line":42,"column":22}},{"start":{},"end":{}}],"line":42},"3":{"loc":{"start":{"line":52,"column":13},"end":{"line":52,"column":26}},"type":"binary-expr","locations":[{"start":{"line":52,"column":13},"end":{"line":52,"column":21}},{"start":{"line":52,"column":25},"end":{"line":52,"column":26}}],"line":52},"4":{"loc":{"start":{"line":54,"column":2},"end":{"line":69,"column":3}},"type":"if","locations":[{"start":{"line":54,"column":2},"end":{"line":69,"column":3}},{"start":{},"end":{}}],"line":54},"5":{"loc":{"start":{"line":54,"column":6},"end":{"line":54,"column":40}},"type":"binary-expr","locations":[{"start":{"line":54,"column":6},"end":{"line":54,"column":15}},{"start":{"line":54,"column":19},"end":{"line":54,"column":40}}],"line":54},"6":{"loc":{"start":{"line":101,"column":11},"end":{"line":101,"column":86}},"type":"binary-expr","locations":[{"start":{"line":101,"column":11},"end":{"line":101,"column":60}},{"start":{"line":101,"column":64},"end":{"line":101,"column":86}}],"line":101},"7":{"loc":{"start":{"line":104,"column":4},"end":{"line":104,"column":49}},"type":"if","locations":[{"start":{"line":104,"column":4},"end":{"line":104,"column":49}},{"start":{},"end":{}}],"line":104},"8":{"loc":{"start":{"line":126,"column":2},"end":{"line":126,"column":46}},"type":"if","locations":[{"start":{"line":126,"column":2},"end":{"line":126,"column":46}},{"start":{},"end":{}}],"line":126},"9":{"loc":{"start":{"line":128,"column":2},"end":{"line":128,"column":24}},"type":"if","locations":[{"start":{"line":128,"column":2},"end":{"line":128,"column":24}},{"start":{},"end":{}}],"line":128},"10":{"loc":{"start":{"line":131,"column":2},"end":{"line":133,"column":3}},"type":"if","locations":[{"start":{"line":131,"column":2},"end":{"line":133,"column":3}},{"start":{},"end":{}}],"line":131},"11":{"loc":{"start":{"line":135,"column":2},"end":{"line":137,"column":3}},"type":"if","locations":[{"start":{"line":135,"column":2},"end":{"line":137,"column":3}},{"start":{},"end":{}}],"line":135},"12":{"loc":{"start":{"line":147,"column":2},"end":{"line":147,"column":46}},"type":"if","locations":[{"start":{"line":147,"column":2},"end":{"line":147,"column":46}},{"start":{},"end":{}}],"line":147},"13":{"loc":{"start":{"line":149,"column":2},"end":{"line":149,"column":36}},"type":"if","locations":[{"start":{"line":149,"column":2},"end":{"line":149,"column":36}},{"start":{},"end":{}}],"line":149},"14":{"loc":{"start":{"line":160,"column":2},"end":{"line":160,"column":46}},"type":"if","locations":[{"start":{"line":160,"column":2},"end":{"line":160,"column":46}},{"start":{},"end":{}}],"line":160},"15":{"loc":{"start":{"line":162,"column":2},"end":{"line":162,"column":27}},"type":"if","locations":[{"start":{"line":162,"column":2},"end":{"line":162,"column":27}},{"start":{},"end":{}}],"line":162},"16":{"loc":{"start":{"line":165,"column":2},"end":{"line":165,"column":56}},"type":"if","locations":[{"start":{"line":165,"column":2},"end":{"line":165,"column":56}},{"start":{},"end":{}}],"line":165},"17":{"loc":{"start":{"line":178,"column":2},"end":{"line":178,"column":52}},"type":"if","locations":[{"start":{"line":178,"column":2},"end":{"line":178,"column":52}},{"start":{},"end":{}}],"line":178},"18":{"loc":{"start":{"line":178,"column":6},"end":{"line":178,"column":40}},"type":"binary-expr","locations":[{"start":{"line":178,"column":6},"end":{"line":178,"column":15}},{"start":{"line":178,"column":19},"end":{"line":178,"column":40}}],"line":178},"19":{"loc":{"start":{"line":203,"column":2},"end":{"line":203,"column":57}},"type":"if","locations":[{"start":{"line":203,"column":2},"end":{"line":203,"column":57}},{"start":{},"end":{}}],"line":203},"20":{"loc":{"start":{"line":203,"column":6},"end":{"line":203,"column":48}},"type":"binary-expr","locations":[{"start":{"line":203,"column":6},"end":{"line":203,"column":16}},{"start":{"line":203,"column":20},"end":{"line":203,"column":26}},{"start":{"line":203,"column":30},"end":{"line":203,"column":48}}],"line":203},"21":{"loc":{"start":{"line":206,"column":17},"end":{"line":206,"column":97}},"type":"cond-expr","locations":[{"start":{"line":206,"column":51},"end":{"line":206,"column":90}},{"start":{"line":206,"column":93},"end":{"line":206,"column":97}}],"line":206},"22":{"loc":{"start":{"line":207,"column":18},"end":{"line":207,"column":94}},"type":"cond-expr","locations":[{"start":{"line":207,"column":52},"end":{"line":207,"column":87}},{"start":{"line":207,"column":90},"end":{"line":207,"column":94}}],"line":207},"23":{"loc":{"start":{"line":209,"column":2},"end":{"line":209,"column":47}},"type":"if","locations":[{"start":{"line":209,"column":2},"end":{"line":209,"column":47}},{"start":{},"end":{}}],"line":209},"24":{"loc":{"start":{"line":210,"column":2},"end":{"line":210,"column":39}},"type":"if","locations":[{"start":{"line":210,"column":2},"end":{"line":210,"column":39}},{"start":{},"end":{}}],"line":210},"25":{"loc":{"start":{"line":226,"column":4},"end":{"line":236,"column":5}},"type":"if","locations":[{"start":{"line":226,"column":4},"end":{"line":236,"column":5}},{"start":{"line":228,"column":11},"end":{"line":236,"column":5}}],"line":226},"26":{"loc":{"start":{"line":230,"column":6},"end":{"line":230,"column":54}},"type":"if","locations":[{"start":{"line":230,"column":6},"end":{"line":230,"column":54}},{"start":{},"end":{}}],"line":230},"27":{"loc":{"start":{"line":231,"column":6},"end":{"line":231,"column":44}},"type":"if","locations":[{"start":{"line":231,"column":6},"end":{"line":231,"column":44}},{"start":{},"end":{}}],"line":231},"28":{"loc":{"start":{"line":239,"column":2},"end":{"line":241,"column":3}},"type":"if","locations":[{"start":{"line":239,"column":2},"end":{"line":241,"column":3}},{"start":{},"end":{}}],"line":239},"29":{"loc":{"start":{"line":249,"column":2},"end":{"line":249,"column":46}},"type":"if","locations":[{"start":{"line":249,"column":2},"end":{"line":249,"column":46}},{"start":{},"end":{}}],"line":249},"30":{"loc":{"start":{"line":252,"column":2},"end":{"line":252,"column":46}},"type":"if","locations":[{"start":{"line":252,"column":2},"end":{"line":252,"column":46}},{"start":{},"end":{}}],"line":252},"31":{"loc":{"start":{"line":253,"column":2},"end":{"line":253,"column":50}},"type":"if","locations":[{"start":{"line":253,"column":2},"end":{"line":253,"column":50}},{"start":{},"end":{}}],"line":253},"32":{"loc":{"start":{"line":260,"column":2},"end":{"line":260,"column":46}},"type":"if","locations":[{"start":{"line":260,"column":2},"end":{"line":260,"column":46}},{"start":{},"end":{}}],"line":260},"33":{"loc":{"start":{"line":262,"column":2},"end":{"line":262,"column":43}},"type":"if","locations":[{"start":{"line":262,"column":2},"end":{"line":262,"column":43}},{"start":{},"end":{}}],"line":262},"34":{"loc":{"start":{"line":266,"column":0},"end":{"line":272,"column":1}},"type":"if","locations":[{"start":{"line":266,"column":0},"end":{"line":272,"column":1}},{"start":{},"end":{}}],"line":266},"35":{"loc":{"start":{"line":269,"column":4},"end":{"line":269,"column":52}},"type":"if","locations":[{"start":{"line":269,"column":4},"end":{"line":269,"column":52}},{"start":{},"end":{}}],"line":269},"36":{"loc":{"start":{"line":275,"column":0},"end":{"line":287,"column":1}},"type":"if","locations":[{"start":{"line":275,"column":0},"end":{"line":287,"column":1}},{"start":{},"end":{}}],"line":275},"37":{"loc":{"start":{"line":275,"column":4},"end":{"line":275,"column":51}},"type":"binary-expr","locations":[{"start":{"line":275,"column":4},"end":{"line":275,"column":33}},{"start":{"line":275,"column":37},"end":{"line":275,"column":51}}],"line":275}},"s":{"0":1,"1":1,"2":1,"3":1,"4":1,"5":5,"6":0,"7":5,"8":5,"9":0,"10":5,"11":5,"12":5,"13":5,"14":0,"15":5,"16":5,"17":5,"18":5,"19":5,"20":5,"21":5,"22":5,"23":5,"24":2,"25":2,"26":2,"27":2,"28":2,"29":2,"30":2,"31":2,"32":2,"33":2,"34":2,"35":2,"36":2,"37":3,"38":3,"39":6,"40":6,"41":6,"42":6,"43":6,"44":6,"45":6,"46":6,"47":6,"48":6,"49":6,"50":6,"51":6,"52":6,"53":6,"54":6,"55":6,"56":6,"57":6,"58":6,"59":0,"60":6,"61":0,"62":6,"63":6,"64":3,"65":3,"66":3,"67":3,"68":3,"69":3,"70":3,"71":3,"72":1,"73":0,"74":1,"75":1,"76":0,"77":1,"78":1,"79":1,"80":2,"81":2,"82":1,"83":0,"84":1,"85":1,"86":1,"87":0,"88":1,"89":1,"90":1,"91":1,"92":1,"93":1,"94":1,"95":0,"96":1,"97":1,"98":0,"99":1,"100":1,"101":1,"102":1,"103":1,"104":1,"105":3,"106":2,"107":1,"108":1,"109":1,"110":1,"111":1,"112":3,"113":0,"114":0,"115":0,"116":0,"117":0,"118":0,"119":0,"120":0,"121":0,"122":0,"123":0,"124":0,"125":0,"126":0,"127":0,"128":0,"129":0,"130":0,"131":0,"132":0,"133":0,"134":0,"135":0,"136":0,"137":0,"138":0,"139":0,"140":0,"141":0,"142":0,"143":0,"144":1,"145":0,"146":1,"147":1,"148":1,"149":1,"150":1,"151":1,"152":1,"153":0,"154":1,"155":1,"156":1,"157":1,"158":1,"159":0,"160":0,"161":0,"162":0,"163":1,"164":1,"165":3,"166":8,"167":0,"168":0,"169":0,"170":0},"f":{"0":5,"1":5,"2":6,"3":1,"4":2,
[...]
f","locations":[{"start":{"line":62,"column":2},"end":{"line":62,"column":31}},{"start":{},"end":{}}],"line":62},"16":{"loc":{"start":{"line":63,"column":2},"end":{"line":63,"column":39}},"type":"if","locations":[{"start":{"line":63,"column":2},"end":{"line":63,"column":39}},{"start":{},"end":{}}],"line":63},"17":{"loc":{"start":{"line":63,"column":6},"end":{"line":63,"column":26}},"type":"binary-expr","locations":[{"start":{"line":63,"column":6},"end":{"line":63,"column":16}},{"start":{"line":63,"column":20},"end":{"line":63,"column":26}}],"line":63},"18":{"loc":{"start":{"line":69,"column":2},"end":{"line":69,"column":46}},"type":"if","locations":[{"start":{"line":69,"column":2},"end":{"line":69,"column":46}},{"start":{},"end":{}}],"line":69},"19":{"loc":{"start":{"line":80,"column":2},"end":{"line":80,"column":36}},"type":"if","locations":[{"start":{"line":80,"column":2},"end":{"line":80,"column":36}},{"start":{},"end":{}}],"line":80},"20":{"loc":{"start":{"line":81,"column":2},"end":{"line":81,"column":51}},"type":"if","locations":[{"start":{"line":81,"column":2},"end":{"line":81,"column":51}},{"start":{},"end":{}}],"line":81},"21":{"loc":{"start":{"line":82,"column":2},"end":{"line":82,"column":58}},"type":"if","locations":[{"start":{"line":82,"column":2},"end":{"line":82,"column":58}},{"start":{},"end":{}}],"line":82},"22":{"loc":{"start":{"line":83,"column":2},"end":{"line":83,"column":69}},"type":"if","locations":[{"start":{"line":83,"column":2},"end":{"line":83,"column":69}},{"start":{},"end":{}}],"line":83},"23":{"loc":{"start":{"line":84,"column":2},"end":{"line":84,"column":44}},"type":"if","locations":[{"start":{"line":84,"column":2},"end":{"line":84,"column":44}},{"start":{},"end":{}}],"line":84},"24":{"loc":{"start":{"line":85,"column":2},"end":{"line":85,"column":62}},"type":"if","locations":[{"start":{"line":85,"column":2},"end":{"line":85,"column":62}},{"start":{},"end":{}}],"line":85},"25":{"loc":{"start":{"line":86,"column":2},"end":{"line":86,"column":50}},"type":"if","locations":[{"start":{"line":86,"column":2},"end":{"line":86,"column":50}},{"start":{},"end":{}}],"line":86},"26":{"loc":{"start":{"line":87,"column":2},"end":{"line":87,"column":70}},"type":"if","locations":[{"start":{"line":87,"column":2},"end":{"line":87,"column":70}},{"start":{},"end":{}}],"line":87},"27":{"loc":{"start":{"line":87,"column":34},"end":{"line":87,"column":60}},"type":"cond-expr","locations":[{"start":{"line":87,"column":48},"end":{"line":87,"column":53}},{"start":{"line":87,"column":56},"end":{"line":87,"column":60}}],"line":87},"28":{"loc":{"start":{"line":92,"column":2},"end":{"line":92,"column":49}},"type":"if","locations":[{"start":{"line":92,"column":2},"end":{"line":92,"column":49}},{"start":{},"end":{}}],"line":92},"29":{"loc":{"start":{"line":93,"column":2},"end":{"line":93,"column":42}},"type":"if","locations":[{"start":{"line":93,"column":2},"end":{"line":93,"column":42}},{"start":{},"end":{}}],"line":93},"30":{"loc":{"start":{"line":94,"column":2},"end":{"line":94,"column":41}},"type":"if","locations":[{"start":{"line":94,"column":2},"end":{"line":94,"column":41}},{"start":{},"end":{}}],"line":94},"31":{"loc":{"start":{"line":96,"column":2},"end":{"line":96,"column":125}},"type":"if","locations":[{"start":{"line":96,"column":2},"end":{"line":96,"column":125}},{"start":{},"end":{}}],"line":96},"32":{"loc":{"start":{"line":101,"column":2},"end":{"line":101,"column":46}},"type":"if","locations":[{"start":{"line":101,"column":2},"end":{"line":101,"column":46}},{"start":{},"end":{}}],"line":101},"33":{"loc":{"start":{"line":102,"column":101},"end":{"line":102,"column":134}},"type":"if","locations":[{"start":{"line":102,"column":101},"end":{"line":102,"column":134}},{"start":{},"end":{}}],"line":102},"34":{"loc":{"start":{"line":104,"column":2},"end":{"line":104,"column":45}},"type":"if","locations":[{"start":{"line":104,"column":2},"end":{"line":104,"column":45}},{"start":{},"end":{}}],"line":104},"35":{"loc":{"start":{"line":106,"column":2},"end":{"line":106,"column":38}},"type":"if","locations":[{"start":{"line":106,"column":2},"end":{"line":106,"column":38}},{"start":{},"end":{}}],"line":106},"36":{"loc":{"start":{"line":108,"column":2},"end":{"line":108,"column":56}},"type":"if","locations":[{"start":{"line":108,"column":2},"end":{"line":108,"column":56}},{"start":{},"end":{}}],"line":108},"37":{"loc":{"start":{"line":110,"column":2},"end":{"line":110,"column":36}},"type":"if","locations":[{"start":{"line":110,"column":2},"end":{"line":110,"column":36}},{"start":{},"end":{}}],"line":110},"38":{"loc":{"start":{"line":113,"column":0},"end":{"line":116,"column":1}},"type":"if","locations":[{"start":{"line":113,"column":0},"end":{"line":116,"column":1}},{"start":{},"end":{}}],"line":113},"39":{"loc":{"start":{"line":113,"column":4},"end":{"line":113,"column":51}},"type":"binary-expr","locations":[{"start":{"line":113,"column":4},"end":{"line":113,"column":33}},{"start":{"line":113,"column":37},"end":{"line":113,"column":51}}],"line":113}},"s":{"0":1,"1":1,"2":1,"3":1,"4":1,"5":1,"6":1,"7":1,"8":2,"9":1,"10":1,"11":1,"12":4,"13":1,"14":3,"15":0,"16":3,"17":1,"18":2,"19":2,"20":0,"21":2,"22":0,"23":2,"24":1,"25":1,"26":2,"27":2,"28":0,"29":0,"30":0,"31":0,"32":0,"33":0,"34":0,"35":0,"36":0,"37":0,"38":0,"39":0,"40":0,"41":0,"42":0,"43":0,"44":0,"45":0,"46":0,"47":0,"48":0,"49":0,"50":0,"51":0,"52":0,"53":0,"54":0,"55":0,"56":0,"57":0,"58":0,"59":0,"60":0,"61":0,"62":0,"63":0,"64":0,"65":0,"66":0,"67":0,"68":2,"69":0,"70":2,"71":2,"72":2,"73":2,"74":2,"75":2,"76":2,"77":2,"78":2,"79":2,"80":2,"81":2,"82":2,"83":2,"84":2,"85":2,"86":2,"87":2,"88":2,"89":2,"90":2,"91":2,"92":2,"93":2,"94":2,"95":0,"96":0,"97":0,"98":0,"99":0,"100":0,"101":0,"102":0,"103":0,"104":0,"105":0,"106":0,"107":5,"108":5,"109":5,"110":5,"111":0,"112":5,"113":20,"114":20,"115":20,"116":5,"117":5,"118":5,"119":5,"120":5,"121":5,"122":5,"123":5,"124":5,"125":5,"126":5,"127":5,"128":1,"129":1,"130":1,"131":0,"132":1,"133":0},"f":{"0":2,"1":4,"2":2,"3":2,"4":0,"5":0,"6":0,"7":2,"8":0,"9":5,"10":20,"11":1,"12":0,"13":1,"14":0},"b":{"0":[1,1],"1":[1,3],"2":[0,3],"3":[1,2],"4":[0,2],"5":[0,2],"6":[1,1],"7":[2,0],"8":[2,2],"9":[0,0],"10":[0,0],"11":[0,0],"12":[0,0],"13":[0,0],"14":[0,0],"15":[0,0],"16":[0,0],"17":[0,0],"18":[0,2],"19":[2,0],"20":[2,0],"21":[2,0],"22":[2,0],"23":[2,0],"24":[2,0],"25":[2,0],"26":[2,0],"27":[0,2],"28":[0,0],"29":[0,0],"30":[0,0],"31":[0,0],"32":[0,5],"33":[20,0],"34":[5,0],"35":[5,0],"36":[5,0],"37":[5,0],"38":[1,0],"39":[1,1]},"_coverageSchema":"1a1c01bbd47fc00a2c39e90264f33305004495a9","hash":"18df53ecd8d88ea12851426551627c427638eb8f"},"/app/sites/terraform-snippet-generator/app.js":{"path":"/app/sites/terraform-snippet-generator/app.js","statementMap":{"0":{"start":{"line":4,"column":18},"end":{"line":33,"column":1}},"1":{"start":{"line":7,"column":23},"end":{"line":7,"column":272}},"2":{"start":{"line":9,"column":23},"end":{"line":9,"column":451}},"3":{"start":{"line":11,"column":23},"end":{"line":11,"column":234}},"4":{"start":{"line":13,"column":23},"end":{"line":13,"column":457}},"5":{"start":{"line":15,"column":23},"end":{"line":15,"column":415}},"6":{"start":{"line":17,"column":23},"end":{"line":17,"column":490}},"7":{"start":{"line":21,"column":23},"end":{"line":21,"column":355}},"8":{"start":{"line":23,"column":23},"end":{"line":23,"column":282}},"9":{"start":{"line":25,"column":23},"end":{"line":25,"column":293}},"10":{"start":{"line":29,"column":23},"end":{"line":29,"column":642}},"11":{"start":{"line":31,"column":23},"end":{"line":31,"column":282}},"12":{"start":{"line":35,"column":25},"end":{"line":35,"column":126}},"13":{"start":{"line":38,"column":2},"end":{"line":38,"column":46}},"14":{"start":{"line":38,"column":39},"end":{"line":38,"column":46}},"15":{"start":{"line":39,"column":19},"end":{"line":39,"column":32}},"16":{"start":{"line":40,"column":14},"end":{"line":40,"column":54}},"17":{"start":{"line":41,"column":2},"end":{"line":41,"column":19}},"18":{"start":{"line":41,"column":12},"end":{"line":41,"column":19}},"19":{"start":{"line":42,"column":2},"end":{"line":42,"column":113}},"20":{"start":{"line":42,"column":66},"end":{"line":42,"column":102}},"21":{"start":{"line":43,"column":2},"end":{"line":43,"column":17}},"22":{"start":{"line":47,"column":2},"end":{"line":47,"column":46}},"23":{"start":{"line":47,"column":39},"end":{"line":47,"column":46}},"24":{"start":{"line":48,"column":19},"end":{"line":48,"column":32}},"25":{"start":{"line":49,"column":19},"end":{"line":49,"column":66}},"26":{"start":{"line":50,"column":15},"end":{"line":50,"column":53}},"27":{"start":{"line":51,"column":2},"end":{"line":51,"column":33}},"28":{"start":{"line":51,"column":26},"end":{"line":51,"column":33}},"29":{"start":{"line":52,"column":14},"end":{"line":52,"column":45}},"30":{"start":{"line":53,"column":2},"end":{"line":53,"column":19}},"31":{"start":{"line":53,"column":12},"end":{"line":53,"column":19}},"32":{"start":{"line":54,"column":2},"end":{"line":56,"column":13}},"33":{"start":{"line":55,"column":4},"end":{"line":55,"column":132}},"34":{"start":{"line":60,"column":2},"end":{"line":60,"column":49}},"35":{"start":{"line":60,"column":39},"end":{"line":60,"column":49}},"36":{"start":{"line":61,"column":19},"end":{"line":61,"column":32}},"37":{"start":{"line":62,"column":19},"end":{"line":62,"column":66}},"38":{"start":{"line":63,"column":14},"end":{"line":63,"column":45}},"39":{"start":{"line":64,"column":2},"end":{"line":64,"column":22}},"40":{"start":{"line":64,"column":12},"end":{"line":64,"column":22}},"41":{"start":{"line":65,"column":17},"end":{"line":65,"column":19}},"42":{"start":{"line":66,"column":2},"end":{"line":66,"column":104}},"43":{"start":{"line":66,"column":28},"end":{"line":66,"column":100}},"44":{"start":{"line":67,"column":24},"end":{"line":69,"column":50}},"45":{"start":{"line":70,"column":15},"end":{"line":70,"column":51}},"46":{"start":{"line":71,"column":17},"end":{"line":71,"column":55}},"47":{"start":{"line":72,"column":2},"end":{"line":72,"column":62}},"48":{"start":{"line":72,"column":14},"end":{"line":72,"column":62}},"49":{"start":{"line":73,"column":2},"end":{"line":73,"column":14}},"50":{"start":{"line":77,"column":15},"end":{"line":77,"column":89}},"51":{"start":{"line":78,"column":2},"end":{"line":78,"column":107}},"52":{"start":{"line":78,"column":71},"end":{"line":78,"column":107}},"53":{"start":{"line":81,"column":0},"end":{"line":83,"column":1}},"54":{"start":{"line":82,"column":2},"end":{"line":82,"column":78}},"55":{"start":{"line":82,"column":56},"end":{"line":82,"column":74}},"56":{"start":{"line":85,"column":0},"end":{"line":87,"column":1}},"57":{"start":{"line":86,"column":2},"end":{"line":86,"column":104}}},"fnMap":{"0":{"name":"(anonymous_0)","decl":{"start":{"line":7,"column":16},"end":{"line":7,"column":17}},"loc":{"start":{"line":7,"column":23},"end":{"line":7,"column":272}},"line":7},"1":{"name":"(anonymous_1)","decl":{"start":{"line":9,"column":16},"end":{"line":9,"column":17}},"loc":{"start":{"line":9,"column":23},"end":{"line":9,"column":451}},"line":9},"2":{"name":"(anonymous_2)","decl":{"start":{"line":11,"column":16},"end":{"line":11,"column":17}},"loc":{"start":{"line":11,"column":23},"end":{"line":11,"column":234}},"line":11},"3":{"name":"(anonymous_3)","decl":{"start":{"line":13,"column":16},"end":{"line":13,"column":17}},"loc":{"start":{"line":13,"column":23},"end":{"line":13,"column":457}},"line":13},"4":{"name":"(anonymous_4)","decl":{"start":{"line":15,"column":16},"end":{"line":15,"column":17}},"loc":{"start":{"line":15,"column":23},"end":{"line":15,"column":415}},"line":15},"5":{"name":"(anonymous_5)","decl":{"start":{"line":17,"column":16},"end":{"line":17,"column":17}},"loc":{"start":{"line":17,"column":23},"end":{"line":17,"column":490}},"line":17},"6":{"name":"(anonymous_6)","decl":{"start":{"line":21,"column":16},"end":{"line":21,"column":17}},"loc":{"start":{"line":21,"column":23},"end":{"line":21,"column":355}},"line":21},"7":{"name":"(anonymous_7)","decl":{"start":{"line":23,"column":16},"end":{"line":23,"column":17}},"loc":{"start":{"line":23,"column":23},"end":{"line":23,"column":282}},"line":23},"8":{"name":"(anonymous_8)","decl":{"start":{"line":25,"column":16},"end":{"line":25,"column":17}},"loc":{"start":{"line":25,"column":23},"end":{"line":25,"column":293}},"line":25},"9":{"name":"(anonymous_9)","decl":{"start":{"line":29,"column":16},"end":{"line":29,"column":17}},"loc":{"start":{"line":29,"column":23},"end":{"line":29,"column":642}},"line":29},"10":{"name":"(anonymous_10)","decl":{"start":{"line":31,"column":16},"end":{"line":31,"column":17}},"loc":{"start":{"line":31,"column":23},"end":{"line":31,"column":282}},"line":31},"11":{"name":"getProvider","decl":{"start":{"line":35,"column":9},"end":{"line":35,"column":20}},"loc":{"start":{"line":35,"column":23},"end":{"line":35,"column":128}},"line":35},"12":{"name":"updateResources","decl":{"start":{"line":37,"column":9},"end":{"line":37,"column":24}},"loc":{"start":{"line":37,"column":27},"end":{"line":44,"column":1}},"line":37},"13":{"name":"(anonymous_13)","decl":{"start":{"line":42,"column":61},"end":{"line":42,"column":62}},"loc":{"start":{"line":42,"column":66},"end":{"line":42,"column":102}},"line":42},"14":{"name":"updateParams","decl":{"start":{"line":46,"column":9},"end":{"line":46,"column":21}},"loc":{"start":{"line":46,"column":24},"end":{"line":57,"column":1}},"line":46},"15":{"name":"(anonymous_15)","decl":{"start":{"line":54,"column":34},"end":{"line":54,"column":35}},"loc":{"start":{"line":55,"column":4},"end":{"line":55,"column":132}},"line":55},"16":{"name":"generateSnippet","decl":{"start":{"line":59,"column":9},"end":{"line":59,"column":24}},"loc":{"start":{"line":59,"column":27},"end":{"line":74,"column":1}},"line":59},"17":{"name":"(anonymous_17)","decl":{"start":{"line":66,"column":21},"end":{"line":66,"column":22}},"loc":{"start":{"line":66,"column":26},"end":{"line":66,"column":102}},"line":66},"18":{"name":"copyCode","decl":{"start":{"line":76,"column":9},"end":{"line":76,"column":17}},"loc":{"start":{"line":76,"column":20},"end":{"line":79,"column":1}},"line":76},"19":{"name":"(anonymous_19)","decl":{"start":{"line":82,"column":48},"end":{"line":82,"column":49}},"loc":{"start":{"line":82,"column":54},"end":{"line":82,"column":76}},"line":82}},"branchMap":{"0":{"loc":{"start":{"line":9,"column":392},"end":{"line":9,"column":440}},"type":"cond-expr","locations":[{"start":{"line":9,"column":418},"end":{"line":9,"column":427}},{"start":{"line":9,"column":430},"end":{"line":9,"column":440}}],"line":9},"1":{"loc":{"start":{"line":35,"column":32},"end":{"line":35,"column":125}},"type":"cond-expr","locations":[{"start":{"line":35,"column":66},"end":{"line":35,"column":117}},{"start":{"line":35,"column":120},"end":{"line":35,"column":125}}],"line":35},"2":{"loc":{"start":{"line":35,"column":66},"end":{"line":35,"column":117}},"type":"binary-expr","locations":[{"start":{"line":35,"column":66},"end":{"line":35,"column":108}},{"start":{"line":35,"column":112},"end":{"line":35,"column":117}}],"line":35},"3":{"loc":{"start":{"line":38,"column":2},"end":{"line":38,"column":46}},"type":"if","locations":[{"start":{"line":38,"column":2},"end":{"line":38,"column":46}},{"start":{},"end":{}}],"line":38},"4":{"loc":{"start":{"line":41,"column":2},"end":{"line":41,"column":19}},"type":"if","locations":[{"start":{"line":41,"column":2},"end":{"line":41,"column":19}},{"start":{},"end":{}}],"line":41},"5":{"loc":{"start":{"line":42,"column":30},"end":{"line":42,"column":55}},"type":"binary-expr","locations":[{"start":{"line":42,"column":30},"end":{"line":42,"column":49}},{"start":{"line":42,"column":53},"end":{"line":42,"column":55}}],"line":42},"6":{"loc":{"start":{"line":47,"column":2},"end":{"line":47,"column":46}},"type":"if","locations":[{"start":{"line":47,"column":2},"end":{"line":47,"column":46}},{"start":{},"end":{}}],"line":47},"7":{"loc":{"start":{"line":51,"column":2},"end":{"line":51,"column":33}},"type":"if","locations":[{"start":{"line":51,"column":2},"end":{"line":51,"column":33}},{"start":{},"end":{}}],"line":51},"8":{"loc":{"start":{"line":51,"column":6},"end":{"line":51,"column":24}},"type":"binary-expr","locations":[{"start":{"line":51,"column":6},"end":{"line":51,"column":11}},{"start":{"line":51,"column":15},"end":{"line":51,"column":24}}],"line":51},"9":{"loc":{"start":{"line":53,"column":2},"end":{"line":53,"column":19}},"type":"if","locations":[{"start":{"line":53,"column":2},"end":{"line":53,"column":19}},{"start":{},"end":{}}],"line":53},"10":{"loc":{"start":{"line":60,"column":2},"end":{"line":60,"column":49}},"type":"if","locations":[{"start":{"line":60,"column":2},"end":{"line":60,"column":49}},{"start":{},"end":{}}],"line":60},"11":{"loc":{"start":{"line":64,"column":2},"end":{"line":64,"column":22}},"type":"if","locations":[{"start":{"line":64,"column":2},"end":{"line":64,"column":22}},{"start":{},"end":{}}],"line":64},"12":{"loc":{"start":{"line":66,"column":43},"end":{"line":66,"column":99}},"type":"binary-expr","locations":[{"start":{"line":66,"column":43},"end":{"line":66,"column":90}},{"start":{"line":66,"column":94},"end":{"line":66,"column":99}}],"line":66},"13":{"loc":{"start":{"line":67,"column":24},"end":{"line":69,"column":50}},"type":"cond-expr","locations":[{"start":{"line":67,"column":45},"end":{"line":67,"column":94}},{"start":{"line":68,"column":6},"end":{"line":69,"column":50}}],"line":67},"14":{"loc":{"start":{"line":68,"column":6},"end":{"line":69,"column":50}},"type":"cond-expr","locations":[{"start":{"line":68,"column":27},"end":{"line":68,"column":108}},{"start":{"line":69,"column":6},"end":{"line":69,"column":50}}],"line":68},"15":{"loc":{"start":{"line":72,"column":2},"end":{"line":72,"column":62}},"type":"if","locations":[{"start":{"line":72,"column":2},"end":{"line":72,"column":62}},{"start":{},"end":{}}],"line":72},"16":{"loc":{"start":{"line":78,"column":2},"end":{"line":78,"column":107}},"type":"if","locations":[{"start":{"line":78,"column":2},"end":{"line":78,"column":107}},{"start":{},"end":{}}],"line":78},"17":{"loc":{"start":{"line":78,"column":6},"end":{"line":78,"column":69}},"type":"binary-expr","locations":[{"start":{"line":78,"column":6},"end":{"line":78,"column":10}},{"start":{"line":78,"column":14},"end":{"line":78,"column":46}},{"start":{"line":78,"column":50},"end":{"line":78,"column":69}}],"line":78},"18":{"loc":{"start":{"line":81,"column":0},"end":{"line":83,"column":1}},"type":"if","locations":[{"start":{"line":81,"column":0},"end":{"line":83,"column":1}},{"start":{},"end":{}}],"line":81},"19":{"loc":{"start":{"line":85,"column":0},"end":{"line":87,"column":1}},"type":"if","locations":[{"start":{"line":85,"column":0},"end":{"line":87,"column":1}},{"start":{},"end":{}}],"line":85},"20":{"loc":{"start":{"line":85,"column":4},"end":{"line":85,"column":51}},"type":"binary-expr","locations":[{"start":{"line":85,"column":4},"end":{"line":85,"column":33}},{"start":{"line":85,"column":37},"end":{"line":85,"column":51}}],"line":85}},"s":{"0":1,"1":1,"2":0,"3":0,"4":0,"5":0,"6":0,"7":0,"8":0,"9":0,"10":0,"11":0,"12":12,"13":5,"14":0,"15":5,"16":5,"17":5,"18":0,"19":5,"20":27,"21":5,"22":6,"23":0,"24":6,"25":6,"26":6,"27":6,"28":0,"29":6,"30":6,"31":0,"32":6,"33":24,"34":1,"35":0,"36":1,"37":1,"38":1,"39":1,"40":0,"41":1,"42":1,"43":4,"44":1,"45":1,"46":1,"47":1,"48":1,"49":1,"50":0,"51":0,"52":0,"53":1,"54":1,"55":0,"56":1,"57":1},"f":{"0":1,"1":0,"2":0,"3":0,"4":0,"5":0,"6":0,"7":0,"8":0,"9":0,"10":0,"11":12,"12":5,"13":27,"14":6,"15":24,"16":1,"17":4,"18":0,"19":0},"b":{"0":[0,0],"1":[12,0],"2":[12,0],"3":[0,5],"4":[0,5],"5":[5,0],"6":[0,6],"7":[0,6],"8":[6,6],"9":[0,6],"10":[0,1],"11":[0,1],"12":[4,0],"13":[1,0],"14":[0,0],"15":[1,0],"16":[0,0],"17":[0,0,0],"18":[1,0],"19":[1,0],"20":[1,1]},"_coverageSchema":"1a1c01bbd47fc00a2c39e90264f33305004495a9","hash":"f050e2e33d51d2c031334c54ba2567b97ec778af"}}}
