{"numFailedTestSuites":3,"numFailedTests":4,"numPassedTestSuites":37,"numPassedTests":237,"numPendingTestSuites":0,"numPendingTests":0,"numRuntimeErrorTestSuites":0,"numTodoTests":0,"numTotalTestSuites":40,"numTotalTests":241,"openHandles":[],"snapshot":{"added":0,"didUpdate":false,"failure":false,"filesAdded":0,"filesRemoved":0,"filesRemovedList":[],"filesUnmatched":0,"filesUpdated":0,"matched":0,"total":0,"unchecked":0,"uncheckedKeysByFile":[],"unmatched":0,"updated":0},"startTime":1774664322559,"success":false,"testResults":[{"assertionResults":[{"ancestorTitles":["Startup Idea Generator 100% Coverage"],"duration":38,"failureDetails":[{"matcherResult":{"actual":"","expected":"","message":"\u001b[2mexpect(\u001b[22m\u001b[31mreceived\u001b[39m\u001b[2m).\u001b[22mnot\u001b[2m.\u001b[22mtoBe\u001b[2m(\u001b[22m\u001b[32mexpected\u001b[39m\u001b[2m) // Object.is equality\u001b[22m\n\nExpected: not \u001b[32m\"\"\u001b[39m","name":"toBe","pass":true}}],"failureMessages":["Error: \u001b[2mexpect(\u001b[22m\u001b[31mreceived\u001b[39m\u001b[2m).\u001b[22mnot\u001b[2m.\u001b[22mtoBe\u001b[2m(\u001b[22m\u001b[32mexpected\u001b[39m\u001b[2m) // Object.is equality\u001b[22m\n\nExpected: not \u001b[32m\"\"\u001b[39m\n    at Object.toBe (J:\\simplewebsites\\simplewebsites\\sites\\startup-idea-generator\\__tests__\\app.test.js:14:69)\n    at Promise.then.completed (J:\\simplewebsites\\simplewebsites\\node_modules\\jest-circus\\build\\utils.js:298:28)\n    at new Promise (<anonymous>)\n    at callAsyncCircusFn (J:\\simplewebsites\\simplewebsites\\node_modules\\jest-circus\\build\\utils.js:231:10)\n    at _callCircusTest (J:\\simplewebsites\\simplewebsites\\node_modules\\jest-circus\\build\\run.js:316:40)\n    at processTicksAndRejections (node:internal/process/task_queues:104:5)\n    at _runTest (J:\\simplewebsites\\simplewebsites\\node_modules\\jest-circus\\build\\run.js:252:3)\n    at _runTestsForDescribeBlock (J:\\simplewebsites\\simplewebsites\\node_modules\\jest-circus\\build\\run.js:126:9)\n    at _runTestsForDescribeBlock (J:\\simplewebsites\\simplewebsites\\node_modules\\jest-circus\\build\\run.js:121:9)\n    at run (J:\\simplewebsites\\simplewebsites\\node_modules\\jest-circus\\build\\run.js:71:3)\n    at runAndTransformResultsToJestFormat (J:\\simplewebsites\\simplewebsites\\node_modules\\jest-circus\\build\\legacy-code-todo-rewrite\\jestAdapterInit.js:122:21)\n    at jestAdapter (J:\\simplewebsites\\simplewebsites\\node_modules\\jest-circus\\build\\legacy-code-todo-rewrite\\jestAdapter.js:79:19)\n    at runTestInternal (J:\\simplewebsites\\simplewebsites\\node_modules\\jest-runner\\build\\runTest.js:367:16)\n    at runTest (J:\\simplewebsites\\simplewebsites\\node_modules\\jest-runner\\build\\runTest.js:444:34)\n    at Object.worker (J:\\simplewebsites\\simplewebsites\\node_modules\\jest-runner\\build\\testWorker.js:106:12)"],"fullName":"Startup Idea Generator 100% Coverage generateIdea fills container","invocations":1,"location":null,"numPassingAsserts":0,"retryReasons":[],"status":"failed","title":"generateIdea fills container"},{"ancestorTitles":["Startup Idea Generator 100% Coverage"],"duration":5,"failureDetails":[{"matcherResult":{"message":"\u001b[2mexpect(\u001b[22m\u001b[31mjest.fn()\u001b[39m\u001b[2m).\u001b[22mtoHaveBeenCalled\u001b[2m()\u001b[22m\n\nExpected number of calls: >= \u001b[32m1\u001b[39m\nReceived number of calls:    \u001b[31m0\u001b[39m","pass":false}}],"failureMessages":["Error: \u001b[2mexpect(\u001b[22m\u001b[31mjest.fn()\u001b[39m\u001b[2m).\u001b[22mtoHaveBeenCalled\u001b[2m()\u001b[22m\n\nExpected number of calls: >= \u001b[32m1\u001b[39m\nReceived number of calls:    \u001b[31m0\u001b[39m\n    at Object.toHaveBeenCalled (J:\\simplewebsites\\simplewebsites\\sites\\startup-idea-generator\\__tests__\\app.test.js:25:26)\n    at Promise.then.completed (J:\\simplewebsites\\simplewebsites\\node_modules\\jest-circus\\build\\utils.js:298:28)\n    at new Promise (<anonymous>)\n    at callAsyncCircusFn (J:\\simplewebsites\\simplewebsites\\node_modules\\jest-circus\\build\\utils.js:231:10)\n    at _callCircusTest (J:\\simplewebsites\\simplewebsites\\node_modules\\jest-circus\\build\\run.js:316:40)\n    at processTicksAndRejections (node:internal/process/task_queues:104:5)\n    at _runTest (J:\\simplewebsites\\simplewebsites\\node_modules\\jest-circus\\build\\run.js:252:3)\n    at _runTestsForDescribeBlock (J:\\simplewebsites\\simplewebsites\\node_modules\\jest-circus\\build\\run.js:126:9)\n    at _runTestsForDescribeBlock (J:\\simplewebsites\\simplewebsites\\node_modules\\jest-circus\\build\\run.js:121:9)\n    at run (J:\\simplewebsites\\simplewebsites\\node_modules\\jest-circus\\build\\run.js:71:3)\n    at runAndTransformResultsToJestFormat (J:\\simplewebsites\\simplewebsites\\node_modules\\jest-circus\\build\\legacy-code-todo-rewrite\\jestAdapterInit.js:122:21)\n    at jestAdapter (J:\\simplewebsites\\simplewebsites\\node_modules\\jest-circus\\build\\legacy-code-todo-rewrite\\jestAdapter.js:79:19)\n    at runTestInternal (J:\\simplewebsites\\simplewebsites\\node_modules\\jest-runner\\build\\runTest.js:367:16)\n    at runTest (J:\\simplewebsites\\simplewebsites\\node_modules\\jest-runner\\build\\runTest.js:444:34)\n    at Object.worker (J:\\simplewebsites\\simplewebsites\\node_modules\\jest-runner\\build\\testWorker.js:106:12)"],"fullName":"Startup Idea Generator 100% Coverage shareIdea fallback and success","invocations":1,"location":null,"numPassingAsserts":1,"retryReasons":[],"status":"failed","title":"shareIdea fallback and success"}],"endTime":1774664324697,"message":"\u001b[1m\u001b[31m  \u001b[1m● \u001b[22m\u001b[1mStartup Idea Generator 100% Coverage › generateIdea fills container\u001b[39m\u001b[22m\n\n    \u001b[2mexpect(\u001b[22m\u001b[31mreceived\u001b[39m\u001b[2m).\u001b[22mnot\u001b[2m.\u001b[22mtoBe\u001b[2m(\u001b[22m\u001b[32mexpected\u001b[39m\u001b[2m) // Object.is equality\u001b[22m\n\n    Expected: not \u001b[32m\"\"\u001b[39m\n\u001b[2m\u001b[22m\n\u001b[2m    \u001b[0m \u001b[90m 12 |\u001b[39m   test(\u001b[32m'generateIdea fills container'\u001b[39m\u001b[33m,\u001b[39m () \u001b[33m=>\u001b[39m {\u001b[22m\n\u001b[2m     \u001b[90m 13 |\u001b[39m     generateIdea()\u001b[33m;\u001b[39m\u001b[22m\n\u001b[2m    \u001b[31m\u001b[1m>\u001b[22m\u001b[2m\u001b[39m\u001b[90m 14 |\u001b[39m     expect(document\u001b[33m.\u001b[39mgetElementById(\u001b[32m'idea-container'\u001b[39m)\u001b[33m.\u001b[39minnerHTML)\u001b[33m.\u001b[39mnot\u001b[33m.\u001b[39mtoBe(\u001b[32m''\u001b[39m)\u001b[33m;\u001b[39m\u001b[22m\n\u001b[2m     \u001b[90m    |\u001b[39m                                                                     \u001b[31m\u001b[1m^\u001b[22m\u001b[2m\u001b[39m\u001b[22m\n\u001b[2m     \u001b[90m 15 |\u001b[39m   })\u001b[33m;\u001b[39m\u001b[22m\n\u001b[2m     \u001b[90m 16 |\u001b[39m\u001b[22m\n\u001b[2m     \u001b[90m 17 |\u001b[39m   test(\u001b[32m'shareIdea fallback and success'\u001b[39m\u001b[33m,\u001b[39m () \u001b[33m=>\u001b[39m {\u001b[0m\u001b[22m\n\u001b[2m\u001b[22m\n\u001b[2m      \u001b[2mat Object.toBe (\u001b[22m\u001b[2m\u001b[0m\u001b[36msites/startup-idea-generator/__tests__/app.test.js\u001b[39m\u001b[0m\u001b[2m:14:69)\u001b[22m\u001b[2m\u001b[22m\n\n\u001b[1m\u001b[31m  \u001b[1m● \u001b[22m\u001b[1mStartup Idea Generator 100% Coverage › shareIdea fallback and success\u001b[39m\u001b[22m\n\n    \u001b[2mexpect(\u001b[22m\u001b[31mjest.fn()\u001b[39m\u001b[2m).\u001b[22mtoHaveBeenCalled\u001b[2m()\u001b[22m\n\n    Expected number of calls: >= \u001b[32m1\u001b[39m\n    Received number of calls:    \u001b[31m0\u001b[39m\n\u001b[2m\u001b[22m\n\u001b[2m    \u001b[0m \u001b[90m 23 |\u001b[39m     global\u001b[33m.\u001b[39malert \u001b[33m=\u001b[39m jest\u001b[33m.\u001b[39mfn()\u001b[33m;\u001b[39m\u001b[22m\n\u001b[2m     \u001b[90m 24 |\u001b[39m     shareIdea()\u001b[33m;\u001b[39m\u001b[22m\n\u001b[2m    \u001b[31m\u001b[1m>\u001b[22m\u001b[2m\u001b[39m\u001b[90m 25 |\u001b[39m     expect(global\u001b[33m.\u001b[39malert)\u001b[33m.\u001b[39mtoHaveBeenCalled()\u001b[33m;\u001b[39m\u001b[22m\n\u001b[2m     \u001b[90m    |\u001b[39m                          \u001b[31m\u001b[1m^\u001b[22m\u001b[2m\u001b[39m\u001b[22m\n\u001b[2m     \u001b[90m 26 |\u001b[39m   })\u001b[33m;\u001b[39m\u001b[22m\n\u001b[2m     \u001b[90m 27 |\u001b[39m })\u001b[33m;\u001b[39m\u001b[22m\n\u001b[2m     \u001b[90m 28 |\u001b[39m\u001b[0m\u001b[22m\n\u001b[2m\u001b[22m\n\u001b[2m      \u001b[2mat Object.toHaveBeenCalled (\u001b[22m\u001b[2m\u001b[0m\u001b[36msites/startup-idea-generator/__tests__/app.test.js\u001b[39m\u001b[0m\u001b[2m:25:26)\u001b[22m\u001b[2m\u001b[22m\n","name":"J:\\simplewebsites\\simplewebsites\\sites\\startup-idea-generator\\__tests__\\app.test.js","startTime":1774664323715,"status":"failed","summary":""},{"assertionResults":[{"ancestorTitles":["Pet Breed Exhaustive"],"duration":27,"failureDetails":[{"matcherResult":{"actual":"","expected":"Golden Retriever","message":"\u001b[2mexpect(\u001b[22m\u001b[31mreceived\u001b[39m\u001b[2m).\u001b[22mtoBe\u001b[2m(\u001b[22m\u001b[32mexpected\u001b[39m\u001b[2m) // Object.is equality\u001b[22m\n\nExpected: \u001b[32m\"Golden Retriever\"\u001b[39m\nReceived: \u001b[31m\"\"\u001b[39m","name":"toBe","pass":false}}],"failureMessages":["Error: \u001b[2mexpect(\u001b[22m\u001b[31mreceived\u001b[39m\u001b[2m).\u001b[22mtoBe\u001b[2m(\u001b[22m\u001b[32mexpected\u001b[39m\u001b[2m) // Object.is equality\u001b[22m\n\nExpected: \u001b[32m\"Golden Retriever\"\u001b[39m\nReceived: \u001b[31m\"\"\u001b[39m\n    at Object.toBe (J:\\simplewebsites\\simplewebsites\\sites\\pet-breed-identifier\\__tests__\\app.test.js:17:67)\n    at processTicksAndRejections (node:internal/process/task_queues:104:5)"],"fullName":"Pet Breed Exhaustive identifyBreed logic","invocations":1,"location":null,"numPassingAsserts":0,"retryReasons":[],"status":"failed","title":"identifyBreed logic"}],"endTime":1774664324845,"message":"\u001b[1m\u001b[31m  \u001b[1m● \u001b[22m\u001b[1mPet Breed Exhaustive › identifyBreed logic\u001b[39m\u001b[22m\n\n    \u001b[2mexpect(\u001b[22m\u001b[31mreceived\u001b[39m\u001b[2m).\u001b[22mtoBe\u001b[2m(\u001b[22m\u001b[32mexpected\u001b[39m\u001b[2m) // Object.is equality\u001b[22m\n\n    Expected: \u001b[32m\"Golden Retriever\"\u001b[39m\n    Received: \u001b[31m\"\"\u001b[39m\n\u001b[2m\u001b[22m\n\u001b[2m    \u001b[0m \u001b[90m 15 |\u001b[39m         \u001b[36mconst\u001b[39m c \u001b[33m=\u001b[39m document\u001b[33m.\u001b[39mgetElementById(\u001b[32m'main-canvas'\u001b[39m)\u001b[33m;\u001b[39m\u001b[22m\n\u001b[2m     \u001b[90m 16 |\u001b[39m         \u001b[36mawait\u001b[39m identifyBreed(c)\u001b[33m;\u001b[39m\u001b[22m\n\u001b[2m    \u001b[31m\u001b[1m>\u001b[22m\u001b[2m\u001b[39m\u001b[90m 17 |\u001b[39m         expect(document\u001b[33m.\u001b[39mgetElementById(\u001b[32m'breed-name'\u001b[39m)\u001b[33m.\u001b[39mtextContent)\u001b[33m.\u001b[39mtoBe(\u001b[32m'Golden Retriever'\u001b[39m)\u001b[33m;\u001b[39m\u001b[22m\n\u001b[2m     \u001b[90m    |\u001b[39m                                                                   \u001b[31m\u001b[1m^\u001b[22m\u001b[2m\u001b[39m\u001b[22m\n\u001b[2m     \u001b[90m 18 |\u001b[39m     })\u001b[33m;\u001b[39m\u001b[22m\n\u001b[2m     \u001b[90m 19 |\u001b[39m })\u001b[33m;\u001b[39m\u001b[22m\n\u001b[2m     \u001b[90m 20 |\u001b[39m\u001b[0m\u001b[22m\n\u001b[2m\u001b[22m\n\u001b[2m      \u001b[2mat Object.toBe (\u001b[22m\u001b[2m\u001b[0m\u001b[36msites/pet-breed-identifier/__tests__/app.test.js\u001b[39m\u001b[0m\u001b[2m:17:67)\u001b[22m\u001b[2m\u001b[22m\n","name":"J:\\simplewebsites\\simplewebsites\\sites\\pet-breed-identifier\\__tests__\\app.test.js","startTime":1774664323806,"status":"failed","summary":""},{"assertionResults":[{"ancestorTitles":["Build Logic Corrected Final v4"],"duration":9,"failureDetails":[{"code":"ERR_INVALID_ARG_TYPE"}],"failureMessages":["TypeError: The \"path\" argument must be of type string. Received an instance of Object\n    at Object.join (node:path:513:7)\n    at Object.join [as buildSite] (J:\\simplewebsites\\simplewebsites\\shared\\build.js:163:24)\n    at Object.buildSite (J:\\simplewebsites\\simplewebsites\\shared\\__tests__\\build.advanced.test.js:18:17)\n    at Promise.then.completed (J:\\simplewebsites\\simplewebsites\\node_modules\\jest-circus\\build\\utils.js:298:28)\n    at new Promise (<anonymous>)\n    at callAsyncCircusFn (J:\\simplewebsites\\simplewebsites\\node_modules\\jest-circus\\build\\utils.js:231:10)\n    at _callCircusTest (J:\\simplewebsites\\simplewebsites\\node_modules\\jest-circus\\build\\run.js:316:40)\n    at processTicksAndRejections (node:internal/process/task_queues:104:5)\n    at _runTest (J:\\simplewebsites\\simplewebsites\\node_modules\\jest-circus\\build\\run.js:252:3)\n    at _runTestsForDescribeBlock (J:\\simplewebsites\\simplewebsites\\node_modules\\jest-circus\\build\\run.js:126:9)\n    at _runTestsForDescribeBlock (J:\\simplewebsites\\simplewebsites\\node_modules\\jest-circus\\build\\run.js:121:9)\n    at run (J:\\simplewebsites\\simplewebsites\\node_modules\\jest-circus\\build\\run.js:71:3)\n    at runAndTransformResultsToJestFormat (J:\\simplewebsites\\simplewebsites\\node_modules\\jest-circus\\build\\legacy-code-todo-rewrite\\jestAdapterInit.js:122:21)\n    at jestAdapter (J:\\simplewebsites\\simplewebsites\\node_modules\\jest-circus\\build\\legacy-code-todo-rewrite\\jestAdapter.js:79:19)\n    at runTestInternal (J:\\simplewebsites\\simplewebsites\\node_modules\\jest-runner\\build\\runTest.js:367:16)\n    at runTest (J:\\simplewebsites\\simplewebsites\\node_modules\\jest-runner\\build\\runTest.js:444:34)\n    at Object.worker (J:\\simplewebsites\\simplewebsites\\node_modules\\jest-runner\\build\\testWorker.js:106:12)"],"fullName":"Build Logic Corrected Final v4 formatSiteName and buildSite","invocations":1,"location":null,"numPassingAsserts":1,"retryReasons":[],"status":"failed","title":"formatSiteName and buildSite"}],"endTime":1774664324909,"message":"\u001b[1m\u001b[31m  \u001b[1m● \u001b[22m\u001b[1mBuild Logic Corrected Final v4 › formatSiteName and buildSite\u001b[39m\u001b[22m\n\n    TypeError: The \"path\" argument must be of type string. Received an instance of Object\n\u001b[2m\u001b[22m\n\u001b[2m    \u001b[0m \u001b[90m 161 |\u001b[39m\u001b[22m\n\u001b[2m     \u001b[90m 162 |\u001b[39m \u001b[36mfunction\u001b[39m buildSite(siteName) {\u001b[22m\n\u001b[2m    \u001b[31m\u001b[1m>\u001b[22m\u001b[2m\u001b[39m\u001b[90m 163 |\u001b[39m   \u001b[36mconst\u001b[39m siteDir \u001b[33m=\u001b[39m path\u001b[33m.\u001b[39mjoin(\u001b[33mSITES_DIR\u001b[39m\u001b[33m,\u001b[39m siteName)\u001b[33m;\u001b[39m\u001b[22m\n\u001b[2m     \u001b[90m     |\u001b[39m                        \u001b[31m\u001b[1m^\u001b[22m\u001b[2m\u001b[39m\u001b[22m\n\u001b[2m     \u001b[90m 164 |\u001b[39m   \u001b[36mconst\u001b[39m distDir \u001b[33m=\u001b[39m path\u001b[33m.\u001b[39mjoin(siteDir\u001b[33m,\u001b[39m \u001b[32m'dist'\u001b[39m)\u001b[33m;\u001b[39m\u001b[22m\n\u001b[2m     \u001b[90m 165 |\u001b[39m\u001b[22m\n\u001b[2m     \u001b[90m 166 |\u001b[39m   \u001b[90m// Create dist folder\u001b[39m\u001b[0m\u001b[22m\n\u001b[2m\u001b[22m\n\u001b[2m      \u001b[2mat Object.join [as buildSite] (\u001b[22m\u001b[2mshared/build.js\u001b[2m:163:24)\u001b[22m\u001b[2m\u001b[22m\n\u001b[2m      \u001b[2mat Object.buildSite (\u001b[22m\u001b[2m\u001b[0m\u001b[36mshared/__tests__/build.advanced.test.js\u001b[39m\u001b[0m\u001b[2m:18:17)\u001b[22m\u001b[2m\u001b[22m\n","name":"J:\\simplewebsites\\simplewebsites\\shared\\__tests__\\build.advanced.test.js","startTime":1774664323824,"status":"failed","summary":""},{"assertionResults":[{"ancestorTitles":["Background Remover Corrected final"],"duration":108,"failureDetails":[],"failureMessages":[],"fullName":"Background Remover Corrected final handleUpload coverage","invocations":1,"location":null,"numPassingAsserts":1,"retryReasons":[],"status":"passed","title":"handleUpload coverage"},{"ancestorTitles":["Background Remover Corrected final"],"duration":8,"failureDetails":[],"failureMessages":[],"fullName":"Background Remover Corrected final resetApp coverage","invocations":1,"location":null,"numPassingAsserts":1,"retryReasons":[],"status":"passed","title":"resetApp coverage"}],"endTime":1774664324988,"message":"","name":"J:\\simplewebsites\\simplewebsites\\sites\\background-remover\\__tests__\\app.test.js","startTime":1774664323880,"status":"passed","summary":""},{"assertionResults":[{"ancestorTitles":["CICD Visualizer Corrected Final"],"duration":54,"failureDetails":[],"failureMessages":[],"fullName":"CICD Visualizer Corrected Final addStage and clearPipeline","invocations":1,"location":null,"numPassingAsserts":2,"retryReasons":[],"status":"passed","title":"addStage and clearPipeline"},{"ancestorTitles":["CICD Visualizer Corrected Final"],"duration":23,"failureDetails":[],"failureMessages":[],"fullName":"CICD Visualizer Corrected Final exportPipeline and formats","invocations":1,"location":null,"numPassingAsserts":3,"retryReasons":[],"status":"passed","title":"exportPipeline and formats"},{"ancestorTitles":["CICD Visualizer Corrected Final"],"duration":4,"failureDetails":[],"failureMessages":[],"fullName":"CICD Visualizer Corrected Final copyExport logic","invocations":1,"location":null,"numPassingAsserts":0,"retryReasons":[],"status":"passed","title":"copyExport logic"}],"endTime":1774664324995,"message":"","name":"J:\\simplewebsites\\simplewebsites\\sites\\cicd-visualizer\\__tests__\\app.test.js","startTime":1774664323969,"status":"passed","summary":""},{"assertionResults":[{"ancestorTitles":["Resume ATS Corrected Final"],"duration":74,"failureDetails":[],"failureMessages":[],"fullName":"Resume ATS Corrected Final analyzeResume full flow","invocations":1,"location":null,"numPassingAsserts":2,"retryReasons":[],"status":"passed","title":"analyzeResume full flow"},{"ancestorTitles":["Resume ATS Corrected Final"],"duration":10,"failureDetails":[],"failureMessages":[],"fullName":"Resume ATS Corrected Final Logic functions coverage","invocations":1,"location":null,"numPassingAsserts":8,"retryReasons":[],"status":"passed","title":"Logic functions coverage"}],"endTime":1774664325047,"message":"","name":"J:\\simplewebsites\\simplewebsites\\sites\\resume-ats-checker\\__tests__\\app.test.js","startTime":1774664323936,"status":"passed","summary":""},{"assertionResults":[{"ancestorTitles":["Festival Countdown","Dates and Times"],"duration":13,"failureDetails":[],"failureMessages":[],"fullName":"Festival Countdown Dates and Times getNextOccurrence finds correct dates","invocations":1,"location":null,"numPassingAsserts":3,"retryReasons":[],"status":"passed","title":"getNextOccurrence finds correct dates"},{"ancestorTitles":["Festival Countdown","Dates and Times"],"duration":8,"failureDetails":[],"failureMessages":[],"fullName":"Festival Countdown Dates and Times calculateTimeRemaining returns correct stats","invocations":1,"location":null,"numPassingAsserts":6,"retryReasons":[],"status":"passed","title":"calculateTimeRemaining returns correct stats"},{"ancestorTitles":["Festival Countdown","Dates and Times"],"duration":20,"failureDetails":[],"failureMessages":[],"fullName":"Festival Countdown Dates and Times padZero formats numbers","invocations":1,"location":null,"numPassingAsserts":2,"retryReasons":[],"status":"passed","title":"padZero formats numbers"},{"ancestorTitles":["Festival Countdown","Dates and Times"],"duration":51,"failureDetails":[],"failureMessages":[],"fullName":"Festival Countdown Dates and Times formatDate creates locale string","invocations":1,"location":null,"numPassingAsserts":1,"retryReasons":[],"status":"passed","title":"formatDate creates locale string"},{"ancestorTitles":["Festival Countdown","Dates and Times"],"duration":6,"failureDetails":[],"failureMessages":[],"fullName":"Festival Countdown Dates and Times sortByNearest orders correctly","invocations":1,"location":null,"numPassingAsserts":1,"retryReasons":[],"status":"passed","title":"sortByNearest orders correctly"},{"ancestorTitles":["Festival Countdown","DOM & UI"],"duration":13,"failureDetails":[],"failureMessages":[],"fullName":"Festival Countdown DOM & UI selectFestival updates selected state and triggers countdown","invocations":1,"location":null,"numPassingAsserts":2,"retryReasons":[],"status":"passed","title":"selectFestival updates selected state and triggers countdown"},{"ancestorTitles":["Festival Countdown","DOM & UI"],"duration":10,"failureDetails":[],"failureMessages":[],"fullName":"Festival Countdown DOM & UI startCountdown sets interval","invocations":1,"location":null,"numPassingAsserts":1,"retryReasons":[],"status":"passed","title":"startCountdown sets interval"},{"ancestorTitles":["Festival Countdown","DOM & UI"],"duration":7,"failureDetails":[],"failureMessages":[],"fullName":"Festival Countdown DOM & UI updateCountdownDisplay updates DOM elements","invocations":1,"location":null,"numPassingAsserts":2,"retryReasons":[],"status":"passed","title":"updateCountdownDisplay updates DOM elements"},{"ancestorTitles":["Festival Countdown","DOM & UI"],"duration":26,"failureDetails":[],"failureMessages":[],"fullName":"Festival Countdown DOM & UI updateTimerValue uses flip animation class","invocations":1,"location":null,"numPassingAsserts":3,"retryReasons":[],"status":"passed","title":"updateTimerValue uses flip animation class"},{"ancestorTitles":["Festival Countdown","DOM & UI"],"duration":46,"failureDetails":[],"failureMessages":[],"fullName":"Festival Countdown DOM & UI render tools generate HTML strings","invocations":1,"location":null,"numPassingAsserts":4,"retryReasons":[],"status":"passed","title":"render tools generate HTML strings"}],"endTime":1774664325082,"message":"","name":"J:\\simplewebsites\\simplewebsites\\sites\\festival-countdown\\__tests__\\app.test.js","startTime":1774664324746,"status":"passed","summary":""},{"assertionResults":[{"ancestorTitles":["Loan Visualizer","Core Math"],"duration":57,"failureDetails":[],"failureMessages":[],"fullName":"Loan Visualizer Core Math calculateEMI computes correct value","invocations":1,"location":null,"numPassingAsserts":4,"retryReasons":[],"status":"passed","title":"calculateEMI computes correct value"},{"ancestorTitles":["Loan Visualizer","Core Math"],"duration":7,"failureDetails":[],"failureMessages":[],"fullName":"Loan Visualizer Core Math calculateTotalPayment & Interest","invocations":1,"location":null,"numPassingAsserts":4,"retryReasons":[],"status":"passed","title":"calculateTotalPayment & Interest"},{"ancestorTitles":["Loan Visualizer","Core Math"],"duration":10,"failureDetails":[],"failureMessages":[],"fullName":"Loan Visualizer Core Math generateAmortization creates schedule array","invocations":1,"location":null,"numPassingAsserts":4,"retryReasons":[],"status":"passed","title":"generateAmortization creates schedule array"},{"ancestorTitles":["Loan Visualizer","Core Math"],"duration":47,"failureDetails":[],"failureMessages":[],"fullName":"Loan Visualizer Core Math formatCurrency handles values correctly","invocations":1,"location":null,"numPassingAsserts":3,"retryReasons":[],"status":"passed","title":"formatCurrency handles values correctly"},{"ancestorTitles":["Loan Visualizer","Core Math"],"duration":5,"failureDetails":[],"failureMessages":[],"fullName":"Loan Visualizer Core Math calculateMonthlyPayment uses simple fallback logic","invocations":1,"location":null,"numPassingAsserts":1,"retryReasons":[],"status":"passed","title":"calculateMonthlyPayment uses simple fallback logic"},{"ancestorTitles":["Loan Visualizer","DOM & Interactivity"],"duration":56,"failureDetails":[],"failureMessages":[],"fullName":"Loan Visualizer DOM & Interactivity loadPreset updates inputs and calculates","invocations":1,"location":null,"numPassingAsserts":3,"retryReasons":[],"status":"passed","title":"loadPreset updates inputs and calculates"},{"ancestorTitles":["Loan Visualizer","DOM & Interactivity"],"duration":27,"failureDetails":[],"failureMessages":[],"fullName":"Loan Visualizer DOM & Interactivity calculate drives UI updates","invocations":1,"location":null,"numPassingAsserts":3,"retryReasons":[],"status":"passed","title":"calculate drives UI updates"},{"ancestorTitles":["Loan Visualizer","DOM & Interactivity"],"duration":16,"failureDetails":[],"failureMessages":[],"fullName":"Loan Visualizer DOM & Interactivity updatePieChart safely ignores bad values or missing DOM","invocations":1,"location":null,"numPassingAsserts":3,"retryReasons":[],"status":"passed","title":"updatePieChart safely ignores bad values or missing DOM"},{"ancestorTitles":["Loan Visualizer","DOM & Interactivity"],"duration":6,"failureDetails":[],"failureMessages":[],"fullName":"Loan Visualizer DOM & Interactivity updateDisplay safely handles missing DOM","invocations":1,"location":null,"numPassingAsserts":1,"retryReasons":[],"status":"passed","title":"updateDisplay safely handles missing DOM"},{"ancestorTitles":["Loan Visualizer","DOM & Interactivity"],"duration":6,"failureDetails":[],"failureMessages":[],"fullName":"Loan Visualizer DOM & Interactivity renderAmortization safely handles missing DOM","invocations":1,"location":null,"numPassingAsserts":1,"retryReasons":[],"status":"passed","title":"renderAmortization safely handles missing DOM"}],"endTime":1774664325078,"message":"","name":"J:\\simplewebsites\\simplewebsites\\sites\\loan-visualizer\\__tests__\\app.test.js","startTime":1774664323861,"status":"passed","summary":""},{"assertionResults":[{"ancestorTitles":["Bill Splitter","Core Math Logic"],"duration":8,"failureDetails":[],"failureMessages":[],"fullName":"Bill Splitter Core Math Logic calculateTip handles invalid inputs","invocations":1,"location":null,"numPassingAsserts":5,"retryReasons":[],"status":"passed","title":"calculateTip handles invalid inputs"},{"ancestorTitles":["Bill Splitter","Core Math Logic"],"duration":6,"failureDetails":[],"failureMessages":[],"fullName":"Bill Splitter Core Math Logic calculateTotal calculates correctly","invocations":1,"location":null,"numPassingAsserts":1,"retryReasons":[],"status":"passed","title":"calculateTotal calculates correctly"},{"ancestorTitles":["Bill Splitter","Core Math Logic"],"duration":10,"failureDetails":[],"failureMessages":[],"fullName":"Bill Splitter Core Math Logic calculatePerPerson handles invalid inputs","invocations":1,"location":null,"numPassingAsserts":3,"retryReasons":[],"status":"passed","title":"calculatePerPerson handles invalid inputs"},{"ancestorTitles":["Bill Splitter","Core Math Logic"],"duration":6,"failureDetails":[],"failureMessages":[],"fullName":"Bill Splitter Core Math Logic formatCurrency edge cases","invocations":1,"location":null,"numPassingAsserts":4,"retryReasons":[],"status":"passed","title":"formatCurrency edge cases"},{"ancestorTitles":["Bill Splitter","Core Math Logic"],"duration":10,"failureDetails":[],"failureMessages":[],"fullName":"Bill Splitter Core Math Logic sumItems returns 0 for non-array","invocations":1,"location":null,"numPassingAsserts":2,"retryReasons":[],"status":"passed","title":"sumItems returns 0 for non-array"},{"ancestorTitles":["Bill Splitter","Core Math Logic"],"duration":5,"failureDetails":[],"failureMessages":[],"fullName":"Bill Splitter Core Math Logic escapeHtml handles strings correctly","invocations":1,"location":null,"numPassingAsserts":2,"retryReasons":[],"status":"passed","title":"escapeHtml handles strings correctly"},{"ancestorTitles":["Bill Splitter","DOM & Actions"],"duration":9,"failureDetails":[],"failureMessages":[],"fullName":"Bill Splitter DOM & Actions addItem correctly adds valid items","invocations":1,"location":null,"numPassingAsserts":4,"retryReasons":[],"status":"passed","title":"addItem correctly adds valid items"},{"ancestorTitles":["Bill Splitter","DOM & Actions"],"duration":4,"failureDetails":[],"failureMessages":[],"fullName":"Bill Splitter DOM & Actions removeItem and renderItems update UI","invocations":1,"location":null,"numPassingAsserts":2,"retryReasons":[],"status":"passed","title":"removeItem and renderItems update UI"},{"ancestorTitles":["Bill Splitter","DOM & Actions"],"duration":4,"failureDetails":[],"failureMessages":[],"fullName":"Bill Splitter DOM & Actions calculate updates display with values","invocations":1,"location":null,"numPassingAsserts":3,"retryReasons":[],"status":"passed","title":"calculate updates display with values"},{"ancestorTitles":["Bill Splitter","DOM & Actions"],"duration":3,"failureDetails":[],"failureMessages":[],"fullName":"Bill Splitter DOM & Actions updateDisplay handles missing DOM elements","invocations":1,"location":null,"numPassingAsserts":1,"retryReasons":[],"status":"passed","title":"updateDisplay handles missing DOM elements"},{"ancestorTitles":["Bill Splitter","DOM & Actions"],"duration":14,"failureDetails":[],"failureMessages":[],"fullName":"Bill Splitter DOM & Actions setTip updates input and button active state","invocations":1,"location":null,"numPassingAsserts":2,"retryReasons":[],"status":"passed","title":"setTip updates input and button active state"},{"ancestorTitles":["Bill Splitter","DOM & Actions"],"duration":29,"failureDetails":[],"failureMessages":[],"fullName":"Bill Splitter DOM & Actions shareResults uses share API or clipboard","invocations":1,"location":null,"numPassingAsserts":3,"retryReasons":[],"status":"passed","title":"shareResults uses share API or clipboard"},{"ancestorTitles":["Bill Splitter","DOM & Actions"],"duration":5,"failureDetails":[],"failureMessages":[],"fullName":"Bill Splitter DOM & Actions resetAll clears all fields","invocations":1,"location":null,"numPassingAsserts":3,"retryReasons":[],"status":"passed","title":"resetAll clears all fields"}],"endTime":1774664325273,"message":"","name":"J:\\simplewebsites\\simplewebsites\\sites\\bill-splitter\\__tests__\\app.test.js","startTime":1774664325028,"status":"passed","summary":""},{"assertionResults":[{"ancestorTitles":["Rank Everything Max Coverage"],"duration":19,"failureDetails":[],"failureMessages":[],"fullName":"Rank Everything Max Coverage checkApiKeys shows/hides banner","invocations":1,"location":null,"numPassingAsserts":2,"retryReasons":[],"status":"passed","title":"checkApiKeys shows/hides banner"},{"ancestorTitles":["Rank Everything Max Coverage"],"duration":18,"failureDetails":[],"failureMessages":[],"fullName":"Rank Everything Max Coverage saveApiKeys workflow","invocations":1,"location":null,"numPassingAsserts":1,"retryReasons":[],"status":"passed","title":"saveApiKeys workflow"},{"ancestorTitles":["Rank Everything Max Coverage"],"duration":109,"failureDetails":[],"failureMessages":[],"fullName":"Rank Everything Max Coverage loadCategory all branches","invocations":1,"location":null,"numPassingAsserts":5,"retryReasons":[],"status":"passed","title":"loadCategory all branches"},{"ancestorTitles":["Rank Everything Max Coverage"],"duration":48,"failureDetails":[],"failureMessages":[],"fullName":"Rank Everything Max Coverage fetch functions failure branches","invocations":1,"location":null,"numPassingAsserts":3,"retryReasons":[],"status":"passed","title":"fetch functions failure branches"},{"ancestorTitles":["Rank Everything Max Coverage"],"duration":5,"failureDetails":[],"failureMessages":[],"fullName":"Rank Everything Max Coverage renderList detail","invocations":1,"location":null,"numPassingAsserts":2,"retryReasons":[],"status":"passed","title":"renderList detail"}],"endTime":1774664325269,"message":"","name":"J:\\simplewebsites\\simplewebsites\\sites\\rank-everything\\__tests__\\app.test.js","startTime":1774664324903,"status":"passed","summary":""},{"assertionResults":[{"ancestorTitles":["Global SEO 100% Booster"],"duration":21,"failureDetails":[],"failureMessages":[],"fullName":"Global SEO 100% Booster generateMetaTags exhaustive","invocations":1,"location":null,"numPassingAsserts":2,"retryReasons":[],"status":"passed","title":"generateMetaTags exhaustive"},{"ancestorTitles":["Global SEO 100% Booster"],"duration":1,"failureDetails":[],"failureMessages":[],"fullName":"Global SEO 100% Booster generateJsonLd exhaustive","invocations":1,"location":null,"numPassingAsserts":2,"retryReasons":[],"status":"passed","title":"generateJsonLd exhaustive"},{"ancestorTitles":["Global SEO 100% Booster"],"duration":2,"failureDetails":[],"failureMessages":[],"fullName":"Global SEO 100% Booster Schema generators","invocations":1,"location":null,"numPassingAsserts":4,"retryReasons":[],"status":"passed","title":"Schema generators"},{"ancestorTitles":["Global SEO 100% Booster"],"duration":1,"failureDetails":[],"failureMessages":[],"fullName":"Global SEO 100% Booster Sitemap and Robots","invocations":1,"location":null,"numPassingAsserts":3,"retryReasons":[],"status":"passed","title":"Sitemap and Robots"},{"ancestorTitles":["Global SEO 100% Booster"],"duration":1,"failureDetails":[],"failureMessages":[],"fullName":"Global SEO 100% Booster Escape functions","invocations":1,"location":null,"numPassingAsserts":4,"retryReasons":[],"status":"passed","title":"Escape functions"}],"endTime":1774664325281,"message":"","name":"J:\\simplewebsites\\simplewebsites\\shared\\__tests__\\seo.advanced.test.js","startTime":1774664325112,"status":"passed","summary":""},{"assertionResults":[{"ancestorTitles":["Picker Wheel","Logic"],"duration":10,"failureDetails":[],"failureMessages":[],"fullName":"Picker Wheel Logic easeOutCubic calculation","invocations":1,"location":null,"numPassingAsserts":3,"retryReasons":[],"status":"passed","title":"easeOutCubic calculation"},{"ancestorTitles":["Picker Wheel","Logic"],"duration":7,"failureDetails":[],"failureMessages":[],"fullName":"Picker Wheel Logic getWinningItem logic for 4 items","invocations":1,"location":null,"numPassingAsserts":4,"retryReasons":[],"status":"passed","title":"getWinningItem logic for 4 items"},{"ancestorTitles":["Picker Wheel","UI & State"],"duration":7,"failureDetails":[],"failureMessages":[],"fullName":"Picker Wheel UI & State drawWheel handles empty list","invocations":1,"location":null,"numPassingAsserts":1,"retryReasons":[],"status":"passed","title":"drawWheel handles empty list"},{"ancestorTitles":["Picker Wheel","UI & State"],"duration":4,"failureDetails":[],"failureMessages":[],"fullName":"Picker Wheel UI & State drawWheel draws slices for items","invocations":1,"location":null,"numPassingAsserts":1,"retryReasons":[],"status":"passed","title":"drawWheel draws slices for items"},{"ancestorTitles":["Picker Wheel","UI & State"],"duration":4,"failureDetails":[],"failureMessages":[],"fullName":"Picker Wheel UI & State updateWheel syncs with textarea","invocations":1,"location":null,"numPassingAsserts":1,"retryReasons":[],"status":"passed","title":"updateWheel syncs with textarea"},{"ancestorTitles":["Picker Wheel","UI & State"],"duration":3,"failureDetails":[],"failureMessages":[],"fullName":"Picker Wheel UI & State clearItems resets state","invocations":1,"location":null,"numPassingAsserts":2,"retryReasons":[],"status":"passed","title":"clearItems resets state"},{"ancestorTitles":["Picker Wheel","UI & State"],"duration":4,"failureDetails":[],"failureMessages":[],"fullName":"Picker Wheel UI & State loadPreset sets items","invocations":1,"location":null,"numPassingAsserts":2,"retryReasons":[],"status":"passed","title":"loadPreset sets items"},{"ancestorTitles":["Picker Wheel","UI & State"],"duration":5,"failureDetails":[],"failureMessages":[],"fullName":"Picker Wheel UI & State showResult and closeModal visibility","invocations":1,"location":null,"numPassingAsserts":3,"retryReasons":[],"status":"passed","title":"showResult and closeModal visibility"},{"ancestorTitles":["Picker Wheel","UI & State"],"duration":18,"failureDetails":[],"failureMessages":[],"fullName":"Picker Wheel UI & State modal closes on overlay click","invocations":1,"location":null,"numPassingAsserts":1,"retryReasons":[],"status":"passed","title":"modal closes on overlay click"},{"ancestorTitles":["Picker Wheel","UI & State"],"duration":10,"failureDetails":[],"failureMessages":[],"fullName":"Picker Wheel UI & State modal closes on Escape keydown","invocations":1,"location":null,"numPassingAsserts":1,"retryReasons":[],"status":"passed","title":"modal closes on Escape keydown"},{"ancestorTitles":["Picker Wheel","Spin Animation"],"duration":54,"failureDetails":[],"failureMessages":[],"fullName":"Picker Wheel Spin Animation spinWheel flow","invocations":1,"location":null,"numPassingAsserts":7,"retryReasons":[],"status":"passed","title":"spinWheel flow"},{"ancestorTitles":["Picker Wheel","Spin Animation"],"duration":7,"failureDetails":[],"failureMessages":[],"fullName":"Picker Wheel Spin Animation spinWheel prevents multiple spins","invocations":1,"location":null,"numPassingAsserts":0,"retryReasons":[],"status":"passed","title":"spinWheel prevents multiple spins"}],"endTime":1774664325286,"message":"","name":"J:\\simplewebsites\\simplewebsites\\sites\\picker-wheel\\__tests__\\app.test.js","startTime":1774664325030,"status":"passed","summary":""},{"assertionResults":[{"ancestorTitles":["Baby Face Final Stable"],"duration":60,"failureDetails":[],"failureMessages":[],"fullName":"Baby Face Final Stable logical math and reset","invocations":1,"location":null,"numPassingAsserts":3,"retryReasons":[],"status":"passed","title":"logical math and reset"},{"ancestorTitles":["Baby Face Final Stable"],"duration":255,"failureDetails":[],"failureMessages":[],"fullName":"Baby Face Final Stable generateBaby flow logic","invocations":1,"location":null,"numPassingAsserts":1,"retryReasons":[],"status":"passed","title":"generateBaby flow logic"}],"endTime":1774664325283,"message":"","name":"J:\\simplewebsites\\simplewebsites\\sites\\baby-face-generator\\__tests__\\app.test.js","startTime":1774664323959,"status":"passed","summary":""},{"assertionResults":[{"ancestorTitles":["Height Comparison","Utilities"],"duration":13,"failureDetails":[],"failureMessages":[],"fullName":"Height Comparison Utilities cmToFeetInches handles edge cases","invocations":1,"location":null,"numPassingAsserts":4,"retryReasons":[],"status":"passed","title":"cmToFeetInches handles edge cases"},{"ancestorTitles":["Height Comparison","Utilities"],"duration":8,"failureDetails":[],"failureMessages":[],"fullName":"Height Comparison Utilities getPixelHeight handles varied scales","invocations":1,"location":null,"numPassingAsserts":1,"retryReasons":[],"status":"passed","title":"getPixelHeight handles varied scales"},{"ancestorTitles":["Height Comparison","Utilities"],"duration":6,"failureDetails":[],"failureMessages":[],"fullName":"Height Comparison Utilities escapeHtml handles strings","invocations":1,"location":null,"numPassingAsserts":2,"retryReasons":[],"status":"passed","title":"escapeHtml handles strings"},{"ancestorTitles":["Height Comparison","UI & State"],"duration":13,"failureDetails":[],"failureMessages":[],"fullName":"Height Comparison UI & State addPerson validates input","invocations":1,"location":null,"numPassingAsserts":2,"retryReasons":[],"status":"passed","title":"addPerson validates input"},{"ancestorTitles":["Height Comparison","UI & State"],"duration":10,"failureDetails":[],"failureMessages":[],"fullName":"Height Comparison UI & State removePerson works","invocations":1,"location":null,"numPassingAsserts":1,"retryReasons":[],"status":"passed","title":"removePerson works"},{"ancestorTitles":["Height Comparison","UI & State"],"duration":22,"failureDetails":[],"failureMessages":[],"fullName":"Height Comparison UI & State loadPreset loads Actors","invocations":1,"location":null,"numPassingAsserts":2,"retryReasons":[],"status":"passed","title":"loadPreset loads Actors"},{"ancestorTitles":["Height Comparison","UI & State"],"duration":5,"failureDetails":[],"failureMessages":[],"fullName":"Height Comparison UI & State render handles empty state","invocations":1,"location":null,"numPassingAsserts":2,"retryReasons":[],"status":"passed","title":"render handles empty state"}],"endTime":1774664325298,"message":"","name":"J:\\simplewebsites\\simplewebsites\\sites\\height-comparison\\__tests__\\app.test.js","startTime":1774664325084,"status":"passed","summary":""},{"assertionResults":[{"ancestorTitles":["SleepCalculator","constants"],"duration":48,"failureDetails":[],"failureMessages":[],"fullName":"SleepCalculator constants cycle duration is 90 minutes","invocations":1,"location":null,"numPassingAsserts":1,"retryReasons":[],"status":"passed","title":"cycle duration is 90 minutes"},{"ancestorTitles":["SleepCalculator","constants"],"duration":11,"failureDetails":[],"failureMessages":[],"fullName":"SleepCalculator constants fall asleep time is 14 minutes","invocations":1,"location":null,"numPassingAsserts":1,"retryReasons":[],"status":"passed","title":"fall asleep time is 14 minutes"},{"ancestorTitles":["SleepCalculator","formatTime"],"duration":4,"failureDetails":[],"failureMessages":[],"fullName":"SleepCalculator formatTime formats AM time","invocations":1,"location":null,"numPassingAsserts":1,"retryReasons":[],"status":"passed","title":"formats AM time"},{"ancestorTitles":["SleepCalculator","formatTime"],"duration":4,"failureDetails":[],"failureMessages":[],"fullName":"SleepCalculator formatTime formats PM time","invocations":1,"location":null,"numPassingAsserts":1,"retryReasons":[],"status":"passed","title":"formats PM time"},{"ancestorTitles":["SleepCalculator","formatTime"],"duration":3,"failureDetails":[],"failureMessages":[],"fullName":"SleepCalculator formatTime formats midnight as 12:00 AM","invocations":1,"location":null,"numPassingAsserts":1,"retryReasons":[],"status":"passed","title":"formats midnight as 12:00 AM"},{"ancestorTitles":["SleepCalculator","formatTime"],"duration":3,"failureDetails":[],"failureMessages":[],"fullName":"SleepCalculator formatTime formats noon as 12:00 PM","invocations":1,"location":null,"numPassingAsserts":1,"retryReasons":[],"status":"passed","title":"formats noon as 12:00 PM"},{"ancestorTitles":["SleepCalculator","formatTime"],"duration":11,"failureDetails":[],"failureMessages":[],"fullName":"SleepCalculator formatTime handles negative hours (wrap around)","invocations":1,"location":null,"numPassingAsserts":1,"retryReasons":[],"status":"passed","title":"handles negative hours (wrap around)"},{"ancestorTitles":["SleepCalculator","formatTime"],"duration":6,"failureDetails":[],"failureMessages":[],"fullName":"SleepCalculator formatTime pads minutes","invocations":1,"location":null,"numPassingAsserts":1,"retryReasons":[],"status":"passed","title":"pads minutes"},{"ancestorTitles":["SleepCalculator","calculateBedtimes"],"duration":4,"failureDetails":[],"failureMessages":[],"fullName":"SleepCalculator calculateBedtimes returns results for valid wake time","invocations":1,"location":null,"numPassingAsserts":1,"retryReasons":[],"status":"passed","title":"returns results for valid wake time"},{"ancestorTitles":["SleepCalculator","calculateBedtimes"],"duration":11,"failureDetails":[],"failureMessages":[],"fullName":"SleepCalculator calculateBedtimes each result has required fields","invocations":1,"location":null,"numPassingAsserts":20,"retryReasons":[],"status":"passed","title":"each result has required fields"},{"ancestorTitles":["SleepCalculator","calculateBedtimes"],"duration":3,"failureDetails":[],"failureMessages":[],"fullName":"SleepCalculator calculateBedtimes 6 cycles is recommended","invocations":1,"location":null,"numPassingAsserts":1,"retryReasons":[],"status":"passed","title":"6 cycles is recommended"},{"ancestorTitles":["SleepCalculator","calculateBedtimes"],"duration":4,"failureDetails":[],"failureMessages":[],"fullName":"SleepCalculator calculateBedtimes returns empty for invalid time","invocations":1,"location":null,"numPassingAsserts":1,"retryReasons":[],"status":"passed","title":"returns empty for invalid time"},{"ancestorTitles":["SleepCalculator","calculateBedtimes"],"duration":3,"failureDetails":[],"failureMessages":[],"fullName":"SleepCalculator calculateBedtimes handles midnight wake time","invocations":1,"location":null,"numPassingAsserts":1,"retryReasons":[],"status":"passed","title":"handles midnight wake time"},{"ancestorTitles":["SleepCalculator","calculateWakeTimes"],"duration":3,"failureDetails":[],"failureMessages":[],"fullName":"SleepCalculator calculateWakeTimes returns results for valid sleep time","invocations":1,"location":null,"numPassingAsserts":1,"retryReasons":[],"status":"passed","title":"returns results for valid sleep time"},{"ancestorTitles":["SleepCalculator","calculateWakeTimes"],"duration":3,"failureDetails":[],"failureMessages":[],"fullName":"SleepCalculator calculateWakeTimes cycles are in ascending order","invocations":1,"location":null,"numPassingAsserts":3,"retryReasons":[],"status":"passed","title":"cycles are in ascending order"},{"ancestorTitles":["SleepCalculator","calculateWakeTimes"],"duration":13,"failureDetails":[],"failureMessages":[],"fullName":"SleepCalculator calculateWakeTimes returns empty for invalid time","invocations":1,"location":null,"numPassingAsserts":1,"retryReasons":[],"status":"passed","title":"returns empty for invalid time"},{"ancestorTitles":["SleepCalculator","calculateWakeTimes"],"duration":6,"failureDetails":[],"failureMessages":[],"fullName":"SleepCalculator calculateWakeTimes results wrap around midnight","invocations":1,"location":null,"numPassingAsserts":2,"retryReasons":[],"status":"passed","title":"results wrap around midnight"},{"ancestorTitles":["SleepCalculator","setMode"],"duration":17,"failureDetails":[],"failureMessages":[],"fullName":"SleepCalculator setMode sets wake mode","invocations":1,"location":null,"numPassingAsserts":2,"retryReasons":[],"status":"passed","title":"sets wake mode"},{"ancestorTitles":["SleepCalculator","setMode"],"duration":20,"failureDetails":[],"failureMessages":[],"fullName":"SleepCalculator setMode sets sleep mode","invocations":1,"location":null,"numPassingAsserts":2,"retryReasons":[],"status":"passed","title":"sets sleep mode"},{"ancestorTitles":["SleepCalculator","calculateSleep"],"duration":7,"failureDetails":[],"failureMessages":[],"fullName":"SleepCalculator calculateSleep renders results to grid in wake mode","invocations":1,"location":null,"numPassingAsserts":1,"retryReasons":[],"status":"passed","title":"renders results to grid in wake mode"},{"ancestorTitles":["SleepCalculator","calculateSleep"],"duration":12,"failureDetails":[],"failureMessages":[],"fullName":"SleepCalculator calculateSleep renders results to grid in sleep mode","invocations":1,"location":null,"numPassingAsserts":1,"retryReasons":[],"status":"passed","title":"renders results to grid in sleep mode"},{"ancestorTitles":["SleepCalculator","renderResults"],"duration":6,"failureDetails":[],"failureMessages":[],"fullName":"SleepCalculator renderResults renders cycle cards","invocations":1,"location":null,"numPassingAsserts":3,"retryReasons":[],"status":"passed","title":"renders cycle cards"},{"ancestorTitles":["SleepCalculator","renderResults"],"duration":3,"failureDetails":[],"failureMessages":[],"fullName":"SleepCalculator renderResults renders empty for empty array","invocations":1,"location":null,"numPassingAsserts":1,"retryReasons":[],"status":"passed","title":"renders empty for empty array"}],"endTime":1774664325337,"message":"","name":"J:\\simplewebsites\\simplewebsites\\sites\\sleep-calculator\\__tests__\\app.test.js","startTime":1774664324954,"status":"passed","summary":""},{"assertionResults":[{"ancestorTitles":["Terraform Snippet Generator - Exhaustive"],"duration":191,"failureDetails":[],"failureMessages":[],"fullName":"Terraform Snippet Generator - Exhaustive All resource templates for all providers","invocations":1,"location":null,"numPassingAsserts":23,"retryReasons":[],"status":"passed","title":"All resource templates for all providers"},{"ancestorTitles":["Terraform Snippet Generator - Exhaustive"],"duration":22,"failureDetails":[],"failureMessages":[],"fullName":"Terraform Snippet Generator - Exhaustive copyCode uses clipboard","invocations":1,"location":null,"numPassingAsserts":1,"retryReasons":[],"status":"passed","title":"copyCode uses clipboard"},{"ancestorTitles":["Terraform Snippet Generator - Exhaustive"],"duration":46,"failureDetails":[],"failureMessages":[],"fullName":"Terraform Snippet Generator - Exhaustive GCP Compute Instance generates correct template","invocations":1,"location":null,"numPassingAsserts":2,"retryReasons":[],"status":"passed","title":"GCP Compute Instance generates correct template"},{"ancestorTitles":["Terraform Snippet Generator - Exhaustive"],"duration":21,"failureDetails":[],"failureMessages":[],"fullName":"Terraform Snippet Generator - Exhaustive GCP Cloud Storage template","invocations":1,"location":null,"numPassingAsserts":1,"retryReasons":[],"status":"passed","title":"GCP Cloud Storage template"},{"ancestorTitles":["Terraform Snippet Generator - Exhaustive"],"duration":32,"failureDetails":[],"failureMessages":[],"fullName":"Terraform Snippet Generator - Exhaustive GCP Cloud SQL template","invocations":1,"location":null,"numPassingAsserts":1,"retryReasons":[],"status":"passed","title":"GCP Cloud SQL template"},{"ancestorTitles":["Terraform Snippet Generator - Exhaustive"],"duration":32,"failureDetails":[],"failureMessages":[],"fullName":"Terraform Snippet Generator - Exhaustive Azure Virtual Machine template","invocations":1,"location":null,"numPassingAsserts":2,"retryReasons":[],"status":"passed","title":"Azure Virtual Machine template"},{"ancestorTitles":["Terraform Snippet Generator - Exhaustive"],"duration":8,"failureDetails":[],"failureMessages":[],"fullName":"Terraform Snippet Generator - Exhaustive Azure Storage Account template","invocations":1,"location":null,"numPassingAsserts":1,"retryReasons":[],"status":"passed","title":"Azure Storage Account template"},{"ancestorTitles":["Terraform Snippet Generator - Exhaustive"],"duration":17,"failureDetails":[],"failureMessages":[],"fullName":"Terraform Snippet Generator - Exhaustive All AWS resource templates","invocations":1,"location":null,"numPassingAsserts":10,"retryReasons":[],"status":"passed","title":"All AWS resource templates"},{"ancestorTitles":["Terraform Snippet Generator - Exhaustive"],"duration":5,"failureDetails":[],"failureMessages":[],"fullName":"Terraform Snippet Generator - Exhaustive updateParams with missing resource does nothing","invocations":1,"location":null,"numPassingAsserts":1,"retryReasons":[],"status":"passed","title":"updateParams with missing resource does nothing"},{"ancestorTitles":["Terraform Snippet Generator - Exhaustive"],"duration":5,"failureDetails":[],"failureMessages":[],"fullName":"Terraform Snippet Generator - Exhaustive generateSnippet with missing resource returns empty","invocations":1,"location":null,"numPassingAsserts":1,"retryReasons":[],"status":"passed","title":"generateSnippet with missing resource returns empty"},{"ancestorTitles":["Terraform Snippet Generator - Exhaustive"],"duration":11,"failureDetails":[],"failureMessages":[],"fullName":"Terraform Snippet Generator - Exhaustive getProvider returns default for missing element","invocations":1,"location":null,"numPassingAsserts":1,"retryReasons":[],"status":"passed","title":"getProvider returns default for missing element"}],"endTime":1774664325339,"message":"","name":"J:\\simplewebsites\\simplewebsites\\sites\\terraform-snippet-generator\\__tests__\\app.test.js","startTime":1774664323944,"status":"passed","summary":""},{"assertionResults":[{"ancestorTitles":["Voice to Text Counter","Logic Helpers"],"duration":5,"failureDetails":[],"failureMessages":[],"fullName":"Voice to Text Counter Logic Helpers countWords","invocations":1,"location":null,"numPassingAsserts":4,"retryReasons":[],"status":"passed","title":"countWords"},{"ancestorTitles":["Voice to Text Counter","Logic Helpers"],"duration":5,"failureDetails":[],"failureMessages":[],"fullName":"Voice to Text Counter Logic Helpers countFillers","invocations":1,"location":null,"numPassingAsserts":4,"retryReasons":[],"status":"passed","title":"countFillers"},{"ancestorTitles":["Voice to Text Counter","Logic Helpers"],"duration":8,"failureDetails":[],"failureMessages":[],"fullName":"Voice to Text Counter Logic Helpers totalFillers","invocations":1,"location":null,"numPassingAsserts":1,"retryReasons":[],"status":"passed","title":"totalFillers"},{"ancestorTitles":["Voice to Text Counter","Logic Helpers"],"duration":8,"failureDetails":[],"failureMessages":[],"fullName":"Voice to Text Counter Logic Helpers calculateWPM","invocations":1,"location":null,"numPassingAsserts":3,"retryReasons":[],"status":"passed","title":"calculateWPM"},{"ancestorTitles":["Voice to Text Counter","Logic Helpers"],"duration":5,"failureDetails":[],"failureMessages":[],"fullName":"Voice to Text Counter Logic Helpers formatDuration","invocations":1,"location":null,"numPassingAsserts":2,"retryReasons":[],"status":"passed","title":"formatDuration"},{"ancestorTitles":["Voice to Text Counter","UI & State"],"duration":12,"failureDetails":[],"failureMessages":[],"fullName":"Voice to Text Counter UI & State highlightFillers","invocations":1,"location":null,"numPassingAsserts":2,"retryReasons":[],"status":"passed","title":"highlightFillers"},{"ancestorTitles":["Voice to Text Counter","UI & State"],"duration":4,"failureDetails":[],"failureMessages":[],"fullName":"Voice to Text Counter UI & State clearTranscript resets everything","invocations":1,"location":null,"numPassingAsserts":2,"retryReasons":[],"status":"passed","title":"clearTranscript resets everything"},{"ancestorTitles":["Voice to Text Counter","UI & State"],"duration":25,"failureDetails":[],"failureMessages":[],"fullName":"Voice to Text Counter UI & State updateTimer updates DOM","invocations":1,"location":null,"numPassingAsserts":1,"retryReasons":[],"status":"passed","title":"updateTimer updates DOM"},{"ancestorTitles":["Voice to Text Counter","UI & State"],"duration":7,"failureDetails":[],"failureMessages":[],"fullName":"Voice to Text Counter UI & State updateDisplay updates all metrics","invocations":1,"location":null,"numPassingAsserts":2,"retryReasons":[],"status":"passed","title":"updateDisplay updates all metrics"},{"ancestorTitles":["Voice to Text Counter","UI & State"],"duration":6,"failureDetails":[],"failureMessages":[],"fullName":"Voice to Text Counter UI & State toggleRecording flips state","invocations":1,"location":null,"numPassingAsserts":3,"retryReasons":[],"status":"passed","title":"toggleRecording flips state"},{"ancestorTitles":["Voice to Text Counter","UI & State"],"duration":13,"failureDetails":[],"failureMessages":[],"fullName":"Voice to Text Counter UI & State SpeechRecognition events","invocations":1,"location":null,"numPassingAsserts":3,"retryReasons":[],"status":"passed","title":"SpeechRecognition events"},{"ancestorTitles":["Voice to Text Counter","UI & State"],"duration":24,"failureDetails":[],"failureMessages":[],"fullName":"Voice to Text Counter UI & State browser support failure","invocations":1,"location":null,"numPassingAsserts":1,"retryReasons":[],"status":"passed","title":"browser support failure"}],"endTime":1774664325354,"message":"","name":"J:\\simplewebsites\\simplewebsites\\sites\\voice-to-text-counter\\__tests__\\app.test.js","startTime":1774664325108,"status":"passed","summary":""},{"assertionResults":[{"ancestorTitles":["Cloud Service Comparison"],"duration":22,"failureDetails":[],"failureMessages":[],"fullName":"Cloud Service Comparison renderTable correctly partitions by category","invocations":1,"location":null,"numPassingAsserts":1,"retryReasons":[],"status":"passed","title":"renderTable correctly partitions by category"},{"ancestorTitles":["Cloud Service Comparison"],"duration":15,"failureDetails":[],"failureMessages":[],"fullName":"Cloud Service Comparison filterCategory event handling","invocations":1,"location":null,"numPassingAsserts":2,"retryReasons":[],"status":"passed","title":"filterCategory event handling"},{"ancestorTitles":["Cloud Service Comparison"],"duration":3,"failureDetails":[],"failureMessages":[],"fullName":"Cloud Service Comparison renderTable handles invalid body","invocations":1,"location":null,"numPassingAsserts":1,"retryReasons":[],"status":"passed","title":"renderTable handles invalid body"}],"endTime":1774664325470,"message":"","name":"J:\\simplewebsites\\simplewebsites\\sites\\cloud-service-comparison\\__tests__\\app.test.js","startTime":1774664325325,"status":"passed","summary":""},{"assertionResults":[{"ancestorTitles":["AWS Cost Estimator"],"duration":8,"failureDetails":[],"failureMessages":[],"fullName":"AWS Cost Estimator calcEC2 calculates fractional costs","invocations":1,"location":null,"numPassingAsserts":1,"retryReasons":[],"status":"passed","title":"calcEC2 calculates fractional costs"},{"ancestorTitles":["AWS Cost Estimator"],"duration":5,"failureDetails":[],"failureMessages":[],"fullName":"AWS Cost Estimator calcS3 handles free tier transfer","invocations":1,"location":null,"numPassingAsserts":1,"retryReasons":[],"status":"passed","title":"calcS3 handles free tier transfer"},{"ancestorTitles":["AWS Cost Estimator"],"duration":17,"failureDetails":[],"failureMessages":[],"fullName":"AWS Cost Estimator formatMoney handles edge cases","invocations":1,"location":null,"numPassingAsserts":3,"retryReasons":[],"status":"passed","title":"formatMoney handles edge cases"},{"ancestorTitles":["AWS Cost Estimator"],"duration":63,"failureDetails":[],"failureMessages":[],"fullName":"AWS Cost Estimator calculate updates the DOM","invocations":1,"location":null,"numPassingAsserts":2,"retryReasons":[],"status":"passed","title":"calculate updates the DOM"},{"ancestorTitles":["AWS Cost Estimator"],"duration":7,"failureDetails":[],"failureMessages":[],"fullName":"AWS Cost Estimator RDS multi-AZ doubles the cost","invocations":1,"location":null,"numPassingAsserts":2,"retryReasons":[],"status":"passed","title":"RDS multi-AZ doubles the cost"}],"endTime":1774664325532,"message":"","name":"J:\\simplewebsites\\simplewebsites\\sites\\aws-cost-estimator\\__tests__\\app.test.js","startTime":1774664325325,"status":"passed","summary":""},{"assertionResults":[{"ancestorTitles":["QR Code Generator"],"duration":35,"failureDetails":[],"failureMessages":[],"fullName":"QR Code Generator generateQR compiles input securely via node-qrcode","invocations":1,"location":null,"numPassingAsserts":1,"retryReasons":[],"status":"passed","title":"generateQR compiles input securely via node-qrcode"},{"ancestorTitles":["QR Code Generator"],"duration":53,"failureDetails":[],"failureMessages":[],"fullName":"QR Code Generator handleLogoUpload embeds image and regenerates","invocations":1,"location":null,"numPassingAsserts":1,"retryReasons":[],"status":"passed","title":"handleLogoUpload embeds image and regenerates"},{"ancestorTitles":["QR Code Generator"],"duration":4,"failureDetails":[],"failureMessages":[],"fullName":"QR Code Generator clearLogo clears and regenerates","invocations":1,"location":null,"numPassingAsserts":1,"retryReasons":[],"status":"passed","title":"clearLogo clears and regenerates"},{"ancestorTitles":["QR Code Generator"],"duration":8,"failureDetails":[],"failureMessages":[],"fullName":"QR Code Generator downloadQR safely downloads canvas content","invocations":1,"location":null,"numPassingAsserts":0,"retryReasons":[],"status":"passed","title":"downloadQR safely downloads canvas content"}],"endTime":1774664325537,"message":"","name":"J:\\simplewebsites\\simplewebsites\\sites\\qr-code-generator\\__tests__\\app.test.js","startTime":1774664325332,"status":"passed","summary":""},{"assertionResults":[{"ancestorTitles":["Build Pipeline"],"duration":1,"failureDetails":[],"failureMessages":[],"fullName":"Build Pipeline formatSiteName converts dashes to Title Case","invocations":1,"location":null,"numPassingAsserts":2,"retryReasons":[],"status":"passed","title":"formatSiteName converts dashes to Title Case"},{"ancestorTitles":["Build Pipeline"],"duration":0,"failureDetails":[],"failureMessages":[],"fullName":"Build Pipeline generateNavBar includes site name and theme toggle","invocations":1,"location":null,"numPassingAsserts":2,"retryReasons":[],"status":"passed","title":"generateNavBar includes site name and theme toggle"},{"ancestorTitles":["Build Pipeline"],"duration":2,"failureDetails":[],"failureMessages":[],"fullName":"Build Pipeline processHtml injects JSON-LD, PWA manifest, and Open Graph tags","invocations":1,"location":null,"numPassingAsserts":7,"retryReasons":[],"status":"passed","title":"processHtml injects JSON-LD, PWA manifest, and Open Graph tags"},{"ancestorTitles":["Build Pipeline"],"duration":1,"failureDetails":[],"failureMessages":[],"fullName":"Build Pipeline processHtml does not duplicate injected tags if already present","invocations":1,"location":null,"numPassingAsserts":3,"retryReasons":[],"status":"passed","title":"processHtml does not duplicate injected tags if already present"},{"ancestorTitles":["Build Pipeline"],"duration":6,"failureDetails":[],"failureMessages":[],"fullName":"Build Pipeline buildAll and directory scanning","invocations":1,"location":null,"numPassingAsserts":0,"retryReasons":[],"status":"passed","title":"buildAll and directory scanning"},{"ancestorTitles":["Build Pipeline"],"duration":9,"failureDetails":[],"failureMessages":[],"fullName":"Build Pipeline generateSitemap logic","invocations":1,"location":null,"numPassingAsserts":4,"retryReasons":[],"status":"passed","title":"generateSitemap logic"},{"ancestorTitles":["Build Pipeline"],"duration":1,"failureDetails":[],"failureMessages":[],"fullName":"Build Pipeline formatSiteName edge cases","invocations":1,"location":null,"numPassingAsserts":2,"retryReasons":[],"status":"passed","title":"formatSiteName edge cases"}],"endTime":1774664325554,"message":"","name":"J:\\simplewebsites\\simplewebsites\\shared\\__tests__\\build.test.js","startTime":1774664325377,"status":"passed","summary":""},{"assertionResults":[{"ancestorTitles":["Mood Board Generator","Logic"],"duration":4,"failureDetails":[],"failureMessages":[],"fullName":"Mood Board Generator Logic getThemeData handles preset and random","invocations":1,"location":null,"numPassingAsserts":3,"retryReasons":[],"status":"passed","title":"getThemeData handles preset and random"},{"ancestorTitles":["Mood Board Generator","Logic"],"duration":2,"failureDetails":[],"failureMessages":[],"fullName":"Mood Board Generator Logic generateGradient works","invocations":1,"location":null,"numPassingAsserts":1,"retryReasons":[],"status":"passed","title":"generateGradient works"},{"ancestorTitles":["Mood Board Generator","UI & Actions"],"duration":88,"failureDetails":[],"failureMessages":[],"fullName":"Mood Board Generator UI & Actions generateBoard updates DOM","invocations":1,"location":null,"numPassingAsserts":2,"retryReasons":[],"status":"passed","title":"generateBoard updates DOM"},{"ancestorTitles":["Mood Board Generator","UI & Actions"],"duration":41,"failureDetails":[],"failureMessages":[],"fullName":"Mood Board Generator UI & Actions quickGenerate sets value and renders","invocations":1,"location":null,"numPassingAsserts":2,"retryReasons":[],"status":"passed","title":"quickGenerate sets value and renders"},{"ancestorTitles":["Mood Board Generator","UI & Actions"],"duration":34,"failureDetails":[],"failureMessages":[],"fullName":"Mood Board Generator UI & Actions renderBoard handles internal palettes correctly","invocations":1,"location":null,"numPassingAsserts":1,"retryReasons":[],"status":"passed","title":"renderBoard handles internal palettes correctly"}],"endTime":1774664325579,"message":"","name":"J:\\simplewebsites\\simplewebsites\\sites\\mood-board-generator\\__tests__\\app.test.js","startTime":1774664325300,"status":"passed","summary":""},{"assertionResults":[{"ancestorTitles":["Theme Toggle Module"],"duration":68,"failureDetails":[],"failureMessages":[],"fullName":"Theme Toggle Module applies saved theme over system preference","invocations":1,"location":null,"numPassingAsserts":1,"retryReasons":[],"status":"passed","title":"applies saved theme over system preference"},{"ancestorTitles":["Theme Toggle Module"],"duration":7,"failureDetails":[],"failureMessages":[],"fullName":"Theme Toggle Module respects system dark mode if no saved theme","invocations":1,"location":null,"numPassingAsserts":1,"retryReasons":[],"status":"passed","title":"respects system dark mode if no saved theme"},{"ancestorTitles":["Theme Toggle Module"],"duration":6,"failureDetails":[],"failureMessages":[],"fullName":"Theme Toggle Module defaults to light if no saved theme and system is light","invocations":1,"location":null,"numPassingAsserts":1,"retryReasons":[],"status":"passed","title":"defaults to light if no saved theme and system is light"},{"ancestorTitles":["Theme Toggle Module"],"duration":20,"failureDetails":[],"failureMessages":[],"fullName":"Theme Toggle Module creates toggle button and handles clicks","invocations":1,"location":null,"numPassingAsserts":7,"retryReasons":[],"status":"passed","title":"creates toggle button and handles clicks"}],"endTime":1774664325614,"message":"","name":"J:\\simplewebsites\\simplewebsites\\shared\\__tests__\\theme-toggle.test.js","startTime":1774664325372,"status":"passed","summary":""},{"assertionResults":[{"ancestorTitles":["Noise Meter","Logic"],"duration":5,"failureDetails":[],"failureMessages":[],"fullName":"Noise Meter Logic dbFromFloat calculation","invocations":1,"location":null,"numPassingAsserts":3,"retryReasons":[],"status":"passed","title":"dbFromFloat calculation"},{"ancestorTitles":["Noise Meter","Logic"],"duration":6,"failureDetails":[],"failureMessages":[],"fullName":"Noise Meter Logic getLevel categories","invocations":1,"location":null,"numPassingAsserts":4,"retryReasons":[],"status":"passed","title":"getLevel categories"},{"ancestorTitles":["Noise Meter","Logic"],"duration":4,"failureDetails":[],"failureMessages":[],"fullName":"Noise Meter Logic getLevelLabel texts","invocations":1,"location":null,"numPassingAsserts":2,"retryReasons":[],"status":"passed","title":"getLevelLabel texts"},{"ancestorTitles":["Noise Meter","Logic"],"duration":12,"failureDetails":[],"failureMessages":[],"fullName":"Noise Meter Logic getAverage sums correctly","invocations":1,"location":null,"numPassingAsserts":2,"retryReasons":[],"status":"passed","title":"getAverage sums correctly"},{"ancestorTitles":["Noise Meter","UI & Lifecycle"],"duration":19,"failureDetails":[],"failureMessages":[],"fullName":"Noise Meter UI & Lifecycle updateDisplay updates all metrics","invocations":1,"location":null,"numPassingAsserts":2,"retryReasons":[],"status":"passed","title":"updateDisplay updates all metrics"},{"ancestorTitles":["Noise Meter","UI & Lifecycle"],"duration":11,"failureDetails":[],"failureMessages":[],"fullName":"Noise Meter UI & Lifecycle resetReadings clears state","invocations":1,"location":null,"numPassingAsserts":1,"retryReasons":[],"status":"passed","title":"resetReadings clears state"},{"ancestorTitles":["Noise Meter","UI & Lifecycle"],"duration":10,"failureDetails":[],"failureMessages":[],"fullName":"Noise Meter UI & Lifecycle toggleMeter starts/stops","invocations":1,"location":null,"numPassingAsserts":2,"retryReasons":[],"status":"passed","title":"toggleMeter starts/stops"},{"ancestorTitles":["Noise Meter","UI & Lifecycle"],"duration":4,"failureDetails":[],"failureMessages":[],"fullName":"Noise Meter UI & Lifecycle toggleMeter handles denied permissions","invocations":1,"location":null,"numPassingAsserts":0,"retryReasons":[],"status":"passed","title":"toggleMeter handles denied permissions"},{"ancestorTitles":["Noise Meter","UI & Lifecycle"],"duration":4,"failureDetails":[],"failureMessages":[],"fullName":"Noise Meter UI & Lifecycle updateMeter frame loop","invocations":1,"location":null,"numPassingAsserts":1,"retryReasons":[],"status":"passed","title":"updateMeter frame loop"}],"endTime":1774664325646,"message":"","name":"J:\\simplewebsites\\simplewebsites\\sites\\noise-meter\\__tests__\\app.test.js","startTime":1774664325403,"status":"passed","summary":""},{"assertionResults":[{"ancestorTitles":["Emoji Translator","Core Translation"],"duration":4,"failureDetails":[],"failureMessages":[],"fullName":"Emoji Translator Core Translation wordToEmoji translates known words","invocations":1,"location":null,"numPassingAsserts":5,"retryReasons":[],"status":"passed","title":"wordToEmoji translates known words"},{"ancestorTitles":["Emoji Translator","Core Translation"],"duration":5,"failureDetails":[],"failureMessages":[],"fullName":"Emoji Translator Core Translation translateText handles sentences","invocations":1,"location":null,"numPassingAsserts":4,"retryReasons":[],"status":"passed","title":"translateText handles sentences"},{"ancestorTitles":["Emoji Translator","Core Translation"],"duration":3,"failureDetails":[],"failureMessages":[],"fullName":"Emoji Translator Core Translation counting functions","invocations":1,"location":null,"numPassingAsserts":5,"retryReasons":[],"status":"passed","title":"counting functions"},{"ancestorTitles":["Emoji Translator","DOM Interactions"],"duration":7,"failureDetails":[],"failureMessages":[],"fullName":"Emoji Translator DOM Interactions runTranslation updates UI","invocations":1,"location":null,"numPassingAsserts":5,"retryReasons":[],"status":"passed","title":"runTranslation updates UI"},{"ancestorTitles":["Emoji Translator","DOM Interactions"],"duration":4,"failureDetails":[],"failureMessages":[],"fullName":"Emoji Translator DOM Interactions copyOutput uses clipboard","invocations":1,"location":null,"numPassingAsserts":2,"retryReasons":[],"status":"passed","title":"copyOutput uses clipboard"},{"ancestorTitles":["Emoji Translator","DOM Interactions"],"duration":4,"failureDetails":[],"failureMessages":[],"fullName":"Emoji Translator DOM Interactions clearAll resets UI","invocations":1,"location":null,"numPassingAsserts":4,"retryReasons":[],"status":"passed","title":"clearAll resets UI"}],"endTime":1774664325663,"message":"","name":"J:\\simplewebsites\\simplewebsites\\sites\\emoji-translator\\__tests__\\app.test.js","startTime":1774664325492,"status":"passed","summary":""},{"assertionResults":[{"ancestorTitles":["Color Palette Extractor"],"duration":23,"failureDetails":[],"failureMessages":[],"fullName":"Color Palette Extractor loadImage performs cluster extraction","invocations":1,"location":null,"numPassingAsserts":1,"retryReasons":[],"status":"passed","title":"loadImage performs cluster extraction"},{"ancestorTitles":["Color Palette Extractor"],"duration":93,"failureDetails":[],"failureMessages":[],"fullName":"Color Palette Extractor handleFile reads and loads image","invocations":1,"location":null,"numPassingAsserts":1,"retryReasons":[],"status":"passed","title":"handleFile reads and loads image"}],"endTime":1774664325676,"message":"","name":"J:\\simplewebsites\\simplewebsites\\sites\\color-palette-extractor\\__tests__\\app.test.js","startTime":1774664325442,"status":"passed","summary":""},{"assertionResults":[{"ancestorTitles":["Typing Speed Race","Math and Logic"],"duration":118,"failureDetails":[],"failureMessages":[],"fullName":"Typing Speed Race Math and Logic getRandomText gets a genuine string","invocations":1,"location":null,"numPassingAsserts":1,"retryReasons":[],"status":"passed","title":"getRandomText gets a genuine string"},{"ancestorTitles":["Typing Speed Race","Math and Logic"],"duration":82,"failureDetails":[],"failureMessages":[],"fullName":"Typing Speed Race Math and Logic calculateWPM computes normally","invocations":1,"location":null,"numPassingAsserts":2,"retryReasons":[],"status":"passed","title":"calculateWPM computes normally"},{"ancestorTitles":["Typing Speed Race","Math and Logic"],"duration":49,"failureDetails":[],"failureMessages":[],"fullName":"Typing Speed Race Math and Logic calculateAccuracy computes percentage","invocations":1,"location":null,"numPassingAsserts":2,"retryReasons":[],"status":"passed","title":"calculateAccuracy computes percentage"},{"ancestorTitles":["Typing Speed Race","Interactive Race Flow"],"duration":76,"failureDetails":[],"failureMessages":[],"fullName":"Typing Speed Race Interactive Race Flow setDuration updates state and clears DOM active","invocations":1,"location":null,"numPassingAsserts":2,"retryReasons":[],"status":"passed","title":"setDuration updates state and clears DOM active"},{"ancestorTitles":["Typing Speed Race","Interactive Race Flow"],"duration":117,"failureDetails":[],"failureMessages":[],"fullName":"Typing Speed Race Interactive Race Flow Race starts, updates timer, handles typing, finishes correctly","invocations":1,"location":null,"numPassingAsserts":7,"retryReasons":[],"status":"passed","title":"Race starts, updates timer, handles typing, finishes correctly"},{"ancestorTitles":["Typing Speed Race","Interactive Race Flow"],"duration":52,"failureDetails":[],"failureMessages":[],"fullName":"Typing Speed Race Interactive Race Flow handleTyping ignores input in invalid states","invocations":1,"location":null,"numPassingAsserts":1,"retryReasons":[],"status":"passed","title":"handleTyping ignores input in invalid states"},{"ancestorTitles":["Typing Speed Race","Interactive Race Flow"],"duration":43,"failureDetails":[],"failureMessages":[],"fullName":"Typing Speed Race Interactive Race Flow renderText highlights active text","invocations":1,"location":null,"numPassingAsserts":3,"retryReasons":[],"status":"passed","title":"renderText highlights active text"},{"ancestorTitles":["Typing Speed Race","Interactive Race Flow"],"duration":26,"failureDetails":[],"failureMessages":[],"fullName":"Typing Speed Race Interactive Race Flow finishRace missing DOM","invocations":1,"location":null,"numPassingAsserts":1,"retryReasons":[],"status":"passed","title":"finishRace missing DOM"},{"ancestorTitles":["Typing Speed Race","Interactive Race Flow"],"duration":143,"failureDetails":[],"failureMessages":[],"fullName":"Typing Speed Race Interactive Race Flow Timer expiry ends race","invocations":1,"location":null,"numPassingAsserts":1,"retryReasons":[],"status":"passed","title":"Timer expiry ends race"},{"ancestorTitles":["Typing Speed Race","Leaderboard"],"duration":68,"failureDetails":[],"failureMessages":[],"fullName":"Typing Speed Race Leaderboard renderLeaderboard uses localStorage","invocations":1,"location":null,"numPassingAsserts":2,"retryReasons":[],"status":"passed","title":"renderLeaderboard uses localStorage"},{"ancestorTitles":["Typing Speed Race","Leaderboard"],"duration":69,"failureDetails":[],"failureMessages":[],"fullName":"Typing Speed Race Leaderboard renderLeaderboard handles exceptions gracefully","invocations":1,"location":null,"numPassingAsserts":2,"retryReasons":[],"status":"passed","title":"renderLeaderboard handles exceptions gracefully"}],"endTime":1774664325693,"message":"","name":"J:\\simplewebsites\\simplewebsites\\sites\\typing-speed-race\\__tests__\\app.test.js","startTime":1774664323884,"status":"passed","summary":""},{"assertionResults":[{"ancestorTitles":["Image Upscaler"],"duration":32,"failureDetails":[],"failureMessages":[],"fullName":"Image Upscaler handleUpload sets originalImage and shows workspace","invocations":1,"location":null,"numPassingAsserts":1,"retryReasons":[],"status":"passed","title":"handleUpload sets originalImage and shows workspace"},{"ancestorTitles":["Image Upscaler"],"duration":44,"failureDetails":[],"failureMessages":[],"fullName":"Image Upscaler startUpscale executes upscale functionality","invocations":1,"location":null,"numPassingAsserts":2,"retryReasons":[],"status":"passed","title":"startUpscale executes upscale functionality"},{"ancestorTitles":["Image Upscaler"],"duration":10,"failureDetails":[],"failureMessages":[],"fullName":"Image Upscaler downloadImage creates anchor tag","invocations":1,"location":null,"numPassingAsserts":0,"retryReasons":[],"status":"passed","title":"downloadImage creates anchor tag"}],"endTime":1774664325742,"message":"","name":"J:\\simplewebsites\\simplewebsites\\sites\\image-upscaler\\__tests__\\app.test.js","startTime":1774664325558,"status":"passed","summary":""},{"assertionResults":[{"ancestorTitles":["Temp Mail Final"],"duration":15,"failureDetails":[],"failureMessages":[],"fullName":"Temp Mail Final init and fetch success","invocations":1,"location":null,"numPassingAsserts":1,"retryReasons":[],"status":"passed","title":"init and fetch success"}],"endTime":1774664325737,"message":"","name":"J:\\simplewebsites\\simplewebsites\\sites\\temp-mail\\__tests__\\app.test.js","startTime":1774664325601,"status":"passed","summary":""},{"assertionResults":[{"ancestorTitles":["PDF Toolkit Brute Force"],"duration":159,"failureDetails":[],"failureMessages":[],"fullName":"PDF Toolkit Brute Force executeMerge error branch","invocations":1,"location":null,"numPassingAsserts":1,"retryReasons":[],"status":"passed","title":"executeMerge error branch"},{"ancestorTitles":["PDF Toolkit Brute Force"],"duration":48,"failureDetails":[],"failureMessages":[],"fullName":"PDF Toolkit Brute Force executeSplit success path","invocations":1,"location":null,"numPassingAsserts":1,"retryReasons":[],"status":"passed","title":"executeSplit success path"},{"ancestorTitles":["PDF Toolkit Brute Force"],"duration":12,"failureDetails":[],"failureMessages":[],"fullName":"PDF Toolkit Brute Force switchMode coverage","invocations":1,"location":null,"numPassingAsserts":2,"retryReasons":[],"status":"passed","title":"switchMode coverage"}],"endTime":1774664325752,"message":"","name":"J:\\simplewebsites\\simplewebsites\\sites\\pdf-toolkit\\__tests__\\app.test.js","startTime":1774664325356,"status":"passed","summary":""},{"assertionResults":[{"ancestorTitles":["Face Shape Detector","DOM & Interactivity"],"duration":9,"failureDetails":[],"failureMessages":[],"fullName":"Face Shape Detector DOM & Interactivity resetAnalysis clears UI state","invocations":1,"location":null,"numPassingAsserts":2,"retryReasons":[],"status":"passed","title":"resetAnalysis clears UI state"},{"ancestorTitles":["Face Shape Detector","DOM & Interactivity"],"duration":59,"failureDetails":[],"failureMessages":[],"fullName":"Face Shape Detector DOM & Interactivity analyzeImage performs full flow","invocations":1,"location":null,"numPassingAsserts":1,"retryReasons":[],"status":"passed","title":"analyzeImage performs full flow"},{"ancestorTitles":["Face Shape Detector","DOM & Interactivity"],"duration":20,"failureDetails":[],"failureMessages":[],"fullName":"Face Shape Detector DOM & Interactivity handleUpload triggers file reading","invocations":1,"location":null,"numPassingAsserts":1,"retryReasons":[],"status":"passed","title":"handleUpload triggers file reading"}],"endTime":1774664325774,"message":"","name":"J:\\simplewebsites\\simplewebsites\\sites\\face-shape-detector\\__tests__\\app.test.js","startTime":1774664325575,"status":"passed","summary":""},{"assertionResults":[{"ancestorTitles":["Glassmorphism Generator"],"duration":8,"failureDetails":[],"failureMessages":[],"fullName":"Glassmorphism Generator hexToRgb parses correctly","invocations":1,"location":null,"numPassingAsserts":1,"retryReasons":[],"status":"passed","title":"hexToRgb parses correctly"},{"ancestorTitles":["Glassmorphism Generator"],"duration":11,"failureDetails":[],"failureMessages":[],"fullName":"Glassmorphism Generator updateGlass applies styles","invocations":1,"location":null,"numPassingAsserts":1,"retryReasons":[],"status":"passed","title":"updateGlass applies styles"},{"ancestorTitles":["Glassmorphism Generator"],"duration":3,"failureDetails":[],"failureMessages":[],"fullName":"Glassmorphism Generator copyCSS copies active styles","invocations":1,"location":null,"numPassingAsserts":1,"retryReasons":[],"status":"passed","title":"copyCSS copies active styles"}],"endTime":1774664325762,"message":"","name":"J:\\simplewebsites\\simplewebsites\\sites\\glassmorphism-generator\\__tests__
[...]
rt":{"line":55,"column":68},"end":{"line":55,"column":72}},{"start":{"line":55,"column":75},"end":{"line":55,"column":105}}],"line":55},"9":{"loc":{"start":{"line":55,"column":75},"end":{"line":55,"column":105}},"type":"cond-expr","locations":[{"start":{"line":55,"column":94},"end":{"line":55,"column":98}},{"start":{"line":55,"column":101},"end":{"line":55,"column":105}}],"line":55},"10":{"loc":{"start":{"line":56,"column":8},"end":{"line":60,"column":9}},"type":"if","locations":[{"start":{"line":56,"column":8},"end":{"line":60,"column":9}},{"start":{},"end":{}}],"line":56},"11":{"loc":{"start":{"line":65,"column":4},"end":{"line":65,"column":27}},"type":"if","locations":[{"start":{"line":65,"column":4},"end":{"line":65,"column":27}},{"start":{},"end":{}}],"line":65},"12":{"loc":{"start":{"line":77,"column":38},"end":{"line":77,"column":78}},"type":"binary-expr","locations":[{"start":{"line":77,"column":38},"end":{"line":77,"column":69}},{"start":{"line":77,"column":73},"end":{"line":77,"column":78}}],"line":77},"13":{"loc":{"start":{"line":84,"column":8},"end":{"line":84,"column":48}},"type":"if","locations":[{"start":{"line":84,"column":8},"end":{"line":84,"column":48}},{"start":{},"end":{}}],"line":84},"14":{"loc":{"start":{"line":85,"column":8},"end":{"line":85,"column":47}},"type":"if","locations":[{"start":{"line":85,"column":8},"end":{"line":85,"column":47}},{"start":{},"end":{}}],"line":85},"15":{"loc":{"start":{"line":110,"column":4},"end":{"line":110,"column":28}},"type":"if","locations":[{"start":{"line":110,"column":4},"end":{"line":110,"column":28}},{"start":{},"end":{}}],"line":110},"16":{"loc":{"start":{"line":117,"column":0},"end":{"line":124,"column":1}},"type":"if","locations":[{"start":{"line":117,"column":0},"end":{"line":124,"column":1}},{"start":{},"end":{}}],"line":117},"17":{"loc":{"start":{"line":117,"column":4},"end":{"line":117,"column":51}},"type":"binary-expr","locations":[{"start":{"line":117,"column":4},"end":{"line":117,"column":33}},{"start":{"line":117,"column":37},"end":{"line":117,"column":51}}],"line":117}},"s":{"0":2,"1":2,"2":2,"3":2,"4":4,"5":2,"6":2,"7":2,"8":0,"9":2,"10":2,"11":0,"12":2,"13":0,"14":0,"15":0,"16":2,"17":2,"18":2,"19":2,"20":2,"21":2,"22":2,"23":2,"24":2,"25":2,"26":2,"27":0,"28":2,"29":2,"30":2,"31":2,"32":2,"33":0,"34":0,"35":2,"36":2,"37":6,"38":6,"39":3,"40":3,"41":3,"42":2,"43":0,"44":2,"45":2,"46":2,"47":2,"48":2,"49":2,"50":2,"51":2,"52":2,"53":2,"54":2,"55":2,"56":2,"57":0,"58":2,"59":1,"60":2,"61":2,"62":2,"63":2,"64":2,"65":2,"66":2,"67":2,"68":2,"69":0,"70":0,"71":0,"72":0,"73":0,"74":0,"75":0,"76":0,"77":0,"78":2,"79":2,"80":2,"81":2,"82":2,"83":2,"84":2},"f":{"0":4,"1":0,"2":0,"3":2,"4":0,"5":2,"6":6,"7":2,"8":0,"9":2,"10":2,"11":2},"b":{"0":[2,2],"1":[2,0],"2":[0,2],"3":[0,0],"4":[2,0],"5":[2,0],"6":[0,2],"7":[2,2],"8":[2,4],"9":[2,2],"10":[3,3],"11":[0,2],"12":[2,0],"13":[0,2],"14":[1,1],"15":[0,0],"16":[2,0],"17":[2,2]},"_coverageSchema":"1a1c01bbd47fc00a2c39e90264f33305004495a9","hash":"75b9a41bd8db77dbdceb1d3e9d6445aca0aecd47"},"J:\\simplewebsites\\simplewebsites\\sites\\awesome-free-tools\\app.js":{"path":"J:\\simplewebsites\\simplewebsites\\sites\\awesome-free-tools\\app.js","statementMap":{"0":{"start":{"line":6,"column":19},"end":{"line":2857,"column":1}},"1":{"start":{"line":2860,"column":25},"end":{"line":2860,"column":77}},"2":{"start":{"line":2860,"column":64},"end":{"line":2860,"column":74}},"3":{"start":{"line":2863,"column":17},"end":{"line":2863,"column":57}},"4":{"start":{"line":2864,"column":19},"end":{"line":2864,"column":58}},"5":{"start":{"line":2867,"column":8},"end":{"line":2867,"column":28}},"6":{"start":{"line":2868,"column":25},"end":{"line":2871,"column":9}},"7":{"start":{"line":2869,"column":12},"end":{"line":2870,"column":82}},"8":{"start":{"line":2870,"column":30},"end":{"line":2870,"column":81}},"9":{"start":{"line":2873,"column":8},"end":{"line":2892,"column":11}},"10":{"start":{"line":2874,"column":25},"end":{"line":2874,"column":54}},"11":{"start":{"line":2875,"column":12},"end":{"line":2875,"column":56}},"12":{"start":{"line":2876,"column":12},"end":{"line":2890,"column":14}},"13":{"start":{"line":2883,"column":41},"end":{"line":2888,"column":21}},"14":{"start":{"line":2891,"column":12},"end":{"line":2891,"column":35}},"15":{"start":{"line":2894,"column":8},"end":{"line":2896,"column":9}},"16":{"start":{"line":2895,"column":12},"end":{"line":2895,"column":121}},"17":{"start":{"line":2899,"column":4},"end":{"line":2899,"column":68}},"18":{"start":{"line":2899,"column":44},"end":{"line":2899,"column":66}},"19":{"start":{"line":2900,"column":4},"end":{"line":2900,"column":13}},"20":{"start":{"line":2904,"column":16},"end":{"line":2904,"column":45}},"21":{"start":{"line":2905,"column":4},"end":{"line":2905,"column":26}},"22":{"start":{"line":2906,"column":4},"end":{"line":2906,"column":25}},"23":{"start":{"line":2909,"column":0},"end":{"line":2911,"column":1}},"24":{"start":{"line":2910,"column":4},"end":{"line":2910,"column":56}},"25":{"start":{"line":2914,"column":0},"end":{"line":2916,"column":1}},"26":{"start":{"line":2915,"column":4},"end":{"line":2915,"column":36}}},"fnMap":{"0":{"name":"(anonymous_0)","decl":{"start":{"line":2860,"column":59},"end":{"line":2860,"column":60}},"loc":{"start":{"line":2860,"column":64},"end":{"line":2860,"column":74}},"line":2860},"1":{"name":"init","decl":{"start":{"line":2862,"column":9},"end":{"line":2862,"column":13}},"loc":{"start":{"line":2862,"column":16},"end":{"line":2901,"column":1}},"line":2862},"2":{"name":"render","decl":{"start":{"line":2866,"column":13},"end":{"line":2866,"column":19}},"loc":{"start":{"line":2866,"column":33},"end":{"line":2897,"column":5}},"line":2866},"3":{"name":"(anonymous_3)","decl":{"start":{"line":2868,"column":43},"end":{"line":2868,"column":44}},"loc":{"start":{"line":2869,"column":12},"end":{"line":2870,"column":82}},"line":2869},"4":{"name":"(anonymous_4)","decl":{"start":{"line":2870,"column":25},"end":{"line":2870,"column":26}},"loc":{"start":{"line":2870,"column":30},"end":{"line":2870,"column":81}},"line":2870},"5":{"name":"(anonymous_5)","decl":{"start":{"line":2873,"column":25},"end":{"line":2873,"column":26}},"loc":{"start":{"line":2873,"column":32},"end":{"line":2892,"column":9}},"line":2873},"6":{"name":"(anonymous_6)","decl":{"start":{"line":2883,"column":36},"end":{"line":2883,"column":37}},"loc":{"start":{"line":2883,"column":41},"end":{"line":2888,"column":21}},"line":2883},"7":{"name":"(anonymous_7)","decl":{"start":{"line":2899,"column":37},"end":{"line":2899,"column":38}},"loc":{"start":{"line":2899,"column":44},"end":{"line":2899,"column":66}},"line":2899},"8":{"name":"escapeHtml","decl":{"start":{"line":2903,"column":9},"end":{"line":2903,"column":19}},"loc":{"start":{"line":2903,"column":25},"end":{"line":2907,"column":1}},"line":2903}},"branchMap":{"0":{"loc":{"start":{"line":2866,"column":20},"end":{"line":2866,"column":31}},"type":"default-arg","locations":[{"start":{"line":2866,"column":29},"end":{"line":2866,"column":31}}],"line":2866},"1":{"loc":{"start":{"line":2869,"column":12},"end":{"line":2870,"column":82}},"type":"binary-expr","locations":[{"start":{"line":2869,"column":12},"end":{"line":2869,"column":67}},{"start":{"line":2870,"column":12},"end":{"line":2870,"column":82}}],"line":2869},"2":{"loc":{"start":{"line":2894,"column":8},"end":{"line":2896,"column":9}},"type":"if","locations":[{"start":{"line":2894,"column":8},"end":{"line":2896,"column":9}},{"start":{},"end":{}}],"line":2894},"3":{"loc":{"start":{"line":2909,"column":0},"end":{"line":2911,"column":1}},"type":"if","locations":[{"start":{"line":2909,"column":0},"end":{"line":2911,"column":1}},{"start":{},"end":{}}],"line":2909},"4":{"loc":{"start":{"line":2914,"column":0},"end":{"line":2916,"column":1}},"type":"if","locations":[{"start":{"line":2914,"column":0},"end":{"line":2916,"column":1}},{"start":{},"end":{}}],"line":2914}},"s":{"0":1,"1":1,"2":50,"3":1,"4":1,"5":3,"6":3,"7":150,"8":990,"9":3,"10":51,"11":51,"12":51,"13":510,"14":51,"15":3,"16":1,"17":1,"18":2,"19":1,"20":1122,"21":1122,"22":1122,"23":1,"24":1,"25":1,"26":1},"f":{"0":50,"1":1,"2":3,"3":150,"4":990,"5":51,"6":510,"7":2,"8":1122},"b":{"0":[1],"1":[150,99],"2":[1,2],"3":[1,0],"4":[1,0]},"_coverageSchema":"1a1c01bbd47fc00a2c39e90264f33305004495a9","hash":"7beddb18fb42913d2a74b8d9cfe4ab1c21ab55b6"},"J:\\simplewebsites\\simplewebsites\\shared\\analytics.js":{"path":"J:\\simplewebsites\\simplewebsites\\shared\\analytics.js","statementMap":{"0":{"start":{"line":11,"column":2},"end":{"line":13,"column":3}},"1":{"start":{"line":12,"column":4},"end":{"line":12,"column":54}},"2":{"start":{"line":14,"column":2},"end":{"line":20,"column":11}},"3":{"start":{"line":29,"column":2},"end":{"line":31,"column":3}},"4":{"start":{"line":30,"column":4},"end":{"line":30,"column":50}},"5":{"start":{"line":34,"column":0},"end":{"line":36,"column":1}},"6":{"start":{"line":35,"column":2},"end":{"line":35,"column":48}}},"fnMap":{"0":{"name":"getGA4Script","decl":{"start":{"line":10,"column":9},"end":{"line":10,"column":21}},"loc":{"start":{"line":10,"column":37},"end":{"line":21,"column":1}},"line":10},"1":{"name":"trackEvent","decl":{"start":{"line":28,"column":9},"end":{"line":28,"column":19}},"loc":{"start":{"line":28,"column":39},"end":{"line":32,"column":1}},"line":28}},"branchMap":{"0":{"loc":{"start":{"line":11,"column":2},"end":{"line":13,"column":3}},"type":"if","locations":[{"start":{"line":11,"column":2},"end":{"line":13,"column":3}},{"start":{},"end":{}}],"line":11},"1":{"loc":{"start":{"line":29,"column":2},"end":{"line":31,"column":3}},"type":"if","locations":[{"start":{"line":29,"column":2},"end":{"line":31,"column":3}},{"start":{},"end":{}}],"line":29},"2":{"loc":{"start":{"line":29,"column":6},"end":{"line":29,"column":72}},"type":"binary-expr","locations":[{"start":{"line":29,"column":6},"end":{"line":29,"column":35}},{"start":{"line":29,"column":39},"end":{"line":29,"column":72}}],"line":29},"3":{"loc":{"start":{"line":30,"column":36},"end":{"line":30,"column":48}},"type":"binary-expr","locations":[{"start":{"line":30,"column":36},"end":{"line":30,"column":42}},{"start":{"line":30,"column":46},"end":{"line":30,"column":48}}],"line":30},"4":{"loc":{"start":{"line":34,"column":0},"end":{"line":36,"column":1}},"type":"if","locations":[{"start":{"line":34,"column":0},"end":{"line":36,"column":1}},{"start":{},"end":{}}],"line":34},"5":{"loc":{"start":{"line":34,"column":4},"end":{"line":34,"column":51}},"type":"binary-expr","locations":[{"start":{"line":34,"column":4},"end":{"line":34,"column":33}},{"start":{"line":34,"column":37},"end":{"line":34,"column":51}}],"line":34}},"s":{"0":3,"1":2,"2":1,"3":3,"4":2,"5":1,"6":1},"f":{"0":3,"1":3},"b":{"0":[2,1],"1":[2,1],"2":[3,3],"3":[2,1],"4":[1,0],"5":[1,1]},"_coverageSchema":"1a1c01bbd47fc00a2c39e90264f33305004495a9","hash":"d2232d577468a68c7ec09bdf7bd02df1689d20dd"},"J:\\simplewebsites\\simplewebsites\\sites\\code-explainer\\app.js":{"path":"J:\\simplewebsites\\simplewebsites\\sites\\code-explainer\\app.js","statementMap":{"0":{"start":{"line":5,"column":17},"end":{"line":5,"column":19}},"1":{"start":{"line":8,"column":16},"end":{"line":8,"column":55}},"2":{"start":{"line":9,"column":4},"end":{"line":14,"column":5}},"3":{"start":{"line":10,"column":8},"end":{"line":10,"column":25}},"4":{"start":{"line":11,"column":8},"end":{"line":11,"column":74}},"5":{"start":{"line":13,"column":8},"end":{"line":13,"column":77}},"6":{"start":{"line":18,"column":18},"end":{"line":18,"column":71}},"7":{"start":{"line":19,"column":4},"end":{"line":23,"column":5}},"8":{"start":{"line":20,"column":8},"end":{"line":20,"column":55}},"9":{"start":{"line":21,"column":8},"end":{"line":21,"column":27}},"10":{"start":{"line":22,"column":8},"end":{"line":22,"column":74}},"11":{"start":{"line":27,"column":4},"end":{"line":30,"column":5}},"12":{"start":{"line":28,"column":8},"end":{"line":28,"column":91}},"13":{"start":{"line":29,"column":8},"end":{"line":29,"column":15}},"14":{"start":{"line":32,"column":17},"end":{"line":32,"column":67}},"15":{"start":{"line":33,"column":4},"end":{"line":33,"column":22}},"16":{"start":{"line":33,"column":15},"end":{"line":33,"column":22}},"17":{"start":{"line":35,"column":19},"end":{"line":35,"column":65}},"18":{"start":{"line":37,"column":4},"end":{"line":37,"column":70}},"19":{"start":{"line":38,"column":4},"end":{"line":38,"column":69}},"20":{"start":{"line":39,"column":4},"end":{"line":39,"column":65}},"21":{"start":{"line":40,"column":4},"end":{"line":40,"column":117}},"22":{"start":{"line":41,"column":4},"end":{"line":41,"column":61}},"23":{"start":{"line":43,"column":23},"end":{"line":43,"column":119}},"24":{"start":{"line":44,"column":4},"end":{"line":48,"column":5}},"25":{"start":{"line":45,"column":8},"end":{"line":45,"column":145}},"26":{"start":{"line":47,"column":8},"end":{"line":47,"column":222}},"27":{"start":{"line":50,"column":4},"end":{"line":101,"column":5}},"28":{"start":{"line":51,"column":25},"end":{"line":66,"column":10}},"29":{"start":{"line":68,"column":8},"end":{"line":76,"column":9}},"30":{"start":{"line":69,"column":12},"end":{"line":74,"column":13}},"31":{"start":{"line":70,"column":16},"end":{"line":70,"column":59}},"32":{"start":{"line":71,"column":16},"end":{"line":71,"column":32}},"33":{"start":{"line":72,"column":16},"end":{"line":72,"column":30}},"34":{"start":{"line":73,"column":16},"end":{"line":73,"column":51}},"35":{"start":{"line":75,"column":12},"end":{"line":75,"column":61}},"36":{"start":{"line":78,"column":21},"end":{"line":78,"column":42}},"37":{"start":{"line":79,"column":23},"end":{"line":79,"column":54}},"38":{"start":{"line":82,"column":26},"end":{"line":85,"column":51}},"39":{"start":{"line":87,"column":8},"end":{"line":87,"column":67}},"40":{"start":{"line":88,"column":8},"end":{"line":88,"column":70}},"41":{"start":{"line":89,"column":8},"end":{"line":89,"column":72}},"42":{"start":{"line":92,"column":8},"end":{"line":92,"column":88}},"43":{"start":{"line":92,"column":26},"end":{"line":92,"column":88}},"44":{"start":{"line":95,"column":8},"end":{"line":95,"column":25}},"45":{"start":{"line":96,"column":8},"end":{"line":96,"column":70}},"46":{"start":{"line":97,"column":8},"end":{"line":97,"column":72}},"47":{"start":{"line":98,"column":8},"end":{"line":98,"column":107}},"48":{"start":{"line":100,"column":8},"end":{"line":100,"column":66}},"49":{"start":{"line":105,"column":17},"end":{"line":105,"column":63}},"50":{"start":{"line":106,"column":4},"end":{"line":106,"column":40}},"51":{"start":{"line":107,"column":4},"end":{"line":107,"column":43}},"52":{"start":{"line":108,"column":4},"end":{"line":108,"column":70}},"53":{"start":{"line":108,"column":23},"end":{"line":108,"column":60}},"54":{"start":{"line":113,"column":4},"end":{"line":115,"column":6}},"55":{"start":{"line":114,"column":16},"end":{"line":114,"column":82}},"56":{"start":{"line":119,"column":4},"end":{"line":119,"column":83}},"57":{"start":{"line":122,"column":0},"end":{"line":124,"column":1}},"58":{"start":{"line":123,"column":4},"end":{"line":123,"column":63}},"59":{"start":{"line":126,"column":0},"end":{"line":128,"column":1}},"60":{"start":{"line":127,"column":4},"end":{"line":127,"column":72}}},"fnMap":{"0":{"name":"checkApiKey","decl":{"start":{"line":7,"column":9},"end":{"line":7,"column":20}},"loc":{"start":{"line":7,"column":23},"end":{"line":15,"column":1}},"line":7},"1":{"name":"saveApiKey","decl":{"start":{"line":17,"column":9},"end":{"line":17,"column":19}},"loc":{"start":{"line":17,"column":22},"end":{"line":24,"column":1}},"line":17},"2":{"name":"executeAI","decl":{"start":{"line":26,"column":15},"end":{"line":26,"column":24}},"loc":{"start":{"line":26,"column":27},"end":{"line":102,"column":1}},"line":26},"3":{"name":"copyResult","decl":{"start":{"line":104,"column":9},"end":{"line":104,"column":19}},"loc":{"start":{"line":104,"column":22},"end":{"line":109,"column":1}},"line":104},"4":{"name":"(anonymous_4)","decl":{"start":{"line":108,"column":15},"end":{"line":108,"column":16}},"loc":{"start":{"line":108,"column":21},"end":{"line":108,"column":62}},"line":108},"5":{"name":"escapeHTML","decl":{"start":{"line":112,"column":9},"end":{"line":112,"column":19}},"loc":{"start":{"line":112,"column":25},"end":{"line":116,"column":1}},"line":112},"6":{"name":"(anonymous_6)","decl":{"start":{"line":114,"column":8},"end":{"line":114,"column":9}},"loc":{"start":{"line":114,"column":16},"end":{"line":114,"column":82}},"line":114},"7":{"name":"DOMPurify","decl":{"start":{"line":118,"column":9},"end":{"line":118,"column":18}},"loc":{"start":{"line":118,"column":25},"end":{"line":120,"column":1}},"line":118}},"branchMap":{"0":{"loc":{"start":{"line":9,"column":4},"end":{"line":14,"column":5}},"type":"if","locations":[{"start":{"line":9,"column":4},"end":{"line":14,"column":5}},{"start":{"line":12,"column":11},"end":{"line":14,"column":5}}],"line":9},"1":{"loc":{"start":{"line":19,"column":4},"end":{"line":23,"column":5}},"type":"if","locations":[{"start":{"line":19,"column":4},"end":{"line":23,"column":5}},{"start":{},"end":{}}],"line":19},"2":{"loc":{"start":{"line":27,"column":4},"end":{"line":30,"column":5}},"type":"if","locations":[{"start":{"line":27,"column":4},"end":{"line":30,"column":5}},{"start":{},"end":{}}],"line":27},"3":{"loc":{"start":{"line":33,"column":4},"end":{"line":33,"column":22}},"type":"if","locations":[{"start":{"line":33,"column":4},"end":{"line":33,"column":22}},{"start":{},"end":{}}],"line":33},"4":{"loc":{"start":{"line":40,"column":58},"end":{"line":40,"column":116}},"type":"cond-expr","locations":[{"start":{"line":40,"column":81},"end":{"line":40,"column":94}},{"start":{"line":40,"column":97},"end":{"line":40,"column":116}}],"line":40},"5":{"loc":{"start":{"line":44,"column":4},"end":{"line":48,"column":5}},"type":"if","locations":[{"start":{"line":44,"column":4},"end":{"line":48,"column":5}},{"start":{"line":46,"column":11},"end":{"line":48,"column":5}}],"line":44},"6":{"loc":{"start":{"line":68,"column":8},"end":{"line":76,"column":9}},"type":"if","locations":[{"start":{"line":68,"column":8},"end":{"line":76,"column":9}},{"start":{},"end":{}}],"line":68},"7":{"loc":{"start":{"line":69,"column":12},"end":{"line":74,"column":13}},"type":"if","locations":[{"start":{"line":69,"column":12},"end":{"line":74,"column":13}},{"start":{},"end":{}}],"line":69},"8":{"loc":{"start":{"line":92,"column":8},"end":{"line":92,"column":88}},"type":"if","locations":[{"start":{"line":92,"column":8},"end":{"line":92,"column":88}},{"start":{},"end":{}}],"line":92},"9":{"loc":{"start":{"line":122,"column":0},"end":{"line":124,"column":1}},"type":"if","locations":[{"start":{"line":122,"column":0},"end":{"line":124,"column":1}},{"start":{},"end":{}}],"line":122},"10":{"loc":{"start":{"line":126,"column":0},"end":{"line":128,"column":1}},"type":"if","locations":[{"start":{"line":126,"column":0},"end":{"line":128,"column":1}},{"start":{},"end":{}}],"line":126},"11":{"loc":{"start":{"line":126,"column":4},"end":{"line":126,"column":51}},"type":"binary-expr","locations":[{"start":{"line":126,"column":4},"end":{"line":126,"column":33}},{"start":{"line":126,"column":37},"end":{"line":126,"column":51}}],"line":126}},"s":{"0":1,"1":2,"2":2,"3":2,"4":2,"5":0,"6":1,"7":1,"8":1,"9":1,"10":1,"11":1,"12":0,"13":0,"14":1,"15":1,"16":0,"17":1,"18":1,"19":1,"20":1,"21":1,"22":1,"23":1,"24":1,"25":1,"26":0,"27":1,"28":1,"29":1,"30":0,"31":0,"32":0,"33":0,"34":0,"35":0,"36":1,"37":1,"38":1,"39":1,"40":1,"41":1,"42":1,"43":0,"44":0,"45":0,"46":0,"47":0,"48":1,"49":1,"50":1,"51":1,"52":1,"53":0,"54":1,"55":0,"56":1,"57":1,"58":1,"59":1,"60":1},"f":{"0":2,"1":1,"2":1,"3":1,"4":0,"5":1,"6":0,"7":1},"b":{"0":[2,0],"1":[1,0],"2":[0,1],"3":[0,1],"4":[1,0],"5":[1,0],"6":[0,1],"7":[0,0],"8":[0,1],"9":[1,0],"10":[1,0],"11":[1,1]},"_coverageSchema":"1a1c01bbd47fc00a2c39e90264f33305004495a9","hash":"3f07e3f5e5e4e720e51e35d2e7d5e9c54597c056"}}}
